# Logfile created on 2018-04-29 07:52:56 +0900 by logger.rb/61378
I, [2018-04-29T07:52:56.776558 #37569]  INFO -- : --------------------------------------------------
I, [2018-04-29T07:52:56.776606 #37569]  INFO -- :   MainProc Start
I, [2018-04-29T07:52:56.776642 #37569]  INFO -- :     weather_main start
I, [2018-04-29T07:52:57.143571 #37569]  INFO -- :     weather_main NormalEnd
I, [2018-04-29T07:52:57.143665 #37569]  INFO -- :     log_update Start
I, [2018-04-29T07:52:57.159907 #37569]  INFO -- :       Execution SQL-------------------------------------------------------------------------------------------
I, [2018-04-29T07:52:57.159979 #37569]  INFO -- :         INSERT INTO Log(CreateDate,City_Name,Rain_Check,Snow_Check,Wind_Deg,Wind_Speed)
I, [2018-04-29T07:52:57.160024 #37569]  INFO -- :         VALUES ('2018-04-29' , 'Ishinomaki','true','true','','0.5')
I, [2018-04-29T07:52:57.160051 #37569]  INFO -- :       --------------------------------------------------------------------------------------------------------
I, [2018-04-29T07:52:57.160087 #37569]  INFO -- :     log_update NormalEnd
I, [2018-04-29T07:52:57.160198 #37569]  INFO -- :   MainProc NormalEnd
I, [2018-04-29T07:52:57.160232 #37569]  INFO -- : --------------------------------------------------
I, [2018-04-29T09:28:38.061323 #37928]  INFO -- : --------------------------------------------------
I, [2018-04-29T09:28:38.061465 #37928]  INFO -- :   MainProc Start
I, [2018-04-29T09:28:38.061510 #37928]  INFO -- :     weather_main start
I, [2018-04-29T09:29:08.583549 #37928]  INFO -- :     weather_main NormalEnd
I, [2018-04-29T09:29:08.583643 #37928]  INFO -- :     log_update Start
I, [2018-04-29T09:29:08.598951 #37928]  INFO -- :       Execution SQL-------------------------------------------------------------------------------------------
I, [2018-04-29T09:29:08.599026 #37928]  INFO -- :         INSERT INTO Log(CreateDate,City_Name,Rain_Check,Snow_Check,Wind_Deg,Wind_Speed)
I, [2018-04-29T09:29:08.599080 #37928]  INFO -- :         VALUES ('2018-04-29' , 'Ishinomaki','true','true','南西','3.6')
I, [2018-04-29T09:29:08.599114 #37928]  INFO -- :       --------------------------------------------------------------------------------------------------------
I, [2018-04-29T09:29:08.599153 #37928]  INFO -- :     log_update NormalEnd
I, [2018-04-29T09:29:08.599258 #37928]  INFO -- :   MainProc NormalEnd
I, [2018-04-29T09:29:08.599294 #37928]  INFO -- : --------------------------------------------------
I, [2018-04-29T09:31:06.403126 #37947]  INFO -- : --------------------------------------------------
I, [2018-04-29T09:31:06.403195 #37947]  INFO -- :   Train delay notification processing Start
I, [2018-04-29T09:31:06.403958 #37947]  INFO -- :     notification_get　Start
I, [2018-04-29T09:31:06.406434 #37947]  INFO -- :     notification_get　NormalEnd
I, [2018-04-29T09:31:06.406582 #37947]  INFO -- :     evaluation_insert Start
I, [2018-04-29T09:31:06.408174 #37947]  INFO -- :     evaluation_insert NormalEnd
I, [2018-04-29T09:31:06.408236 #37947]  INFO -- :     evaluation_latest Start
I, [2018-04-29T09:31:06.408349 #37947]  INFO -- :     evaluation_latest NormalEnd
I, [2018-04-29T09:31:06.408384 #37947]  INFO -- :     evaluation_decision Start
I, [2018-04-29T09:31:07.752180 #37947]  INFO -- :     evaluation_decision NormalEnd
I, [2018-04-29T09:31:07.752286 #37947]  INFO -- :     notification_dalay Start
I, [2018-04-29T09:31:08.538899 #37947]  INFO -- :     notification_dalay NormalEnd
I, [2018-04-29T09:31:08.539189 #37947]  INFO -- :   Train delay notification processing NormalEnd
I, [2018-04-29T09:31:08.539245 #37947]  INFO -- : --------------------------------------------------
I, [2018-04-29T09:38:59.393741 #37971]  INFO -- : --------------------------------------------------
I, [2018-04-29T09:38:59.393810 #37971]  INFO -- :   MainProc Start
I, [2018-04-29T09:38:59.393836 #37971]  INFO -- :     weather_main start
E, [2018-04-29T09:38:59.636708 #37971] ERROR -- :     
E, [2018-04-29T09:38:59.636805 #37971] ERROR -- :   Finish processing
I, [2018-04-29T09:38:59.636846 #37971]  INFO -- : --------------------------------------------------
I, [2018-04-29T09:39:31.702733 #37992]  INFO -- : --------------------------------------------------
I, [2018-04-29T09:39:31.702838 #37992]  INFO -- :   MainProc Start
I, [2018-04-29T09:39:31.702877 #37992]  INFO -- :     weather_main start
E, [2018-04-29T09:39:32.047874 #37992] ERROR -- :     undefined local variable or method `hello' for main:Object
E, [2018-04-29T09:39:32.047969 #37992] ERROR -- :   Finish processing
I, [2018-04-29T09:39:32.048002 #37992]  INFO -- : --------------------------------------------------
I, [2018-04-29T09:40:53.645682 #38011]  INFO -- : --------------------------------------------------
I, [2018-04-29T09:40:53.645756 #38011]  INFO -- :   MainProc Start
I, [2018-04-29T09:40:53.645782 #38011]  INFO -- :     weather_main start
E, [2018-04-29T09:40:54.311853 #38011] ERROR -- :     undefined local variable or method `hello' for main:Object
E, [2018-04-29T09:40:54.311935 #38011] ERROR -- :   Finish processing
I, [2018-04-29T09:40:54.311970 #38011]  INFO -- : --------------------------------------------------
I, [2018-04-29T09:42:50.595631 #38029]  INFO -- : --------------------------------------------------
I, [2018-04-29T09:42:50.595706 #38029]  INFO -- :   MainProc Start
I, [2018-04-29T09:42:50.595733 #38029]  INFO -- :     weather_main start
E, [2018-04-29T09:42:51.760453 #38029] ERROR -- :     [1mTraceback[m (most recent call last):
	1: from weather_main.rb:17:in `<main>'
/Users/hinokeita/Desktop/pg/ruby/JR/src/ruby/weather.rb:75:in `weather_main': [1mundefined local variable or method `hello' for main:Object ([1;4mNameError[m[1m)
[m
E, [2018-04-29T09:42:51.760521 #38029] ERROR -- :   Finish processing
I, [2018-04-29T09:42:51.760550 #38029]  INFO -- : --------------------------------------------------
I, [2018-04-29T09:43:28.300502 #38045]  INFO -- : --------------------------------------------------
I, [2018-04-29T09:43:28.300580 #38045]  INFO -- :   MainProc Start
I, [2018-04-29T09:43:28.300630 #38045]  INFO -- :     weather_main start
E, [2018-04-29T09:43:28.909960 #38045] ERROR -- :     undefined local variable or method `hello' for main:Object
E, [2018-04-29T09:43:28.910059 #38045] ERROR -- :   Finish processing
I, [2018-04-29T09:43:28.910108 #38045]  INFO -- : --------------------------------------------------
I, [2018-04-29T09:44:10.017389 #38061]  INFO -- : --------------------------------------------------
I, [2018-04-29T09:44:10.017463 #38061]  INFO -- :   MainProc Start
I, [2018-04-29T09:44:10.017490 #38061]  INFO -- :     weather_main start
E, [2018-04-29T09:44:15.058062 #38061] ERROR -- :     765: unexpected token at '<html></html>'
I, [2018-04-29T09:44:15.067031 #38061]  INFO -- :     weather_main AbNormalEnd
E, [2018-04-29T09:44:15.067100 #38061] ERROR -- :   Finish processing
I, [2018-04-29T09:44:15.067193 #38061]  INFO -- : --------------------------------------------------
I, [2018-04-29T09:45:12.557830 #38079]  INFO -- : --------------------------------------------------
I, [2018-04-29T09:45:12.557924 #38079]  INFO -- :   MainProc Start
I, [2018-04-29T09:45:12.557975 #38079]  INFO -- :     weather_main start
E, [2018-04-29T09:45:12.942655 #38079] ERROR -- :     undefined local variable or method `hello' for main:Object
E, [2018-04-29T09:45:12.942876 #38079] ERROR -- :   Finish processing
I, [2018-04-29T09:45:12.942926 #38079]  INFO -- : --------------------------------------------------
I, [2018-04-29T09:45:25.103923 #38094]  INFO -- : --------------------------------------------------
I, [2018-04-29T09:45:25.103997 #38094]  INFO -- :   MainProc Start
I, [2018-04-29T09:45:25.104024 #38094]  INFO -- :     weather_main start
E, [2018-04-29T09:45:25.632666 #38094] ERROR -- :     undefined local variable or method `hello' for main:Object
I, [2018-04-29T09:45:25.632773 #38094]  INFO -- :     weather_main AbNormalEnd
E, [2018-04-29T09:45:25.632817 #38094] ERROR -- :   Finish processing
I, [2018-04-29T09:45:25.632857 #38094]  INFO -- : --------------------------------------------------
I, [2018-04-29T09:45:43.645697 #38109]  INFO -- : --------------------------------------------------
I, [2018-04-29T09:45:43.645807 #38109]  INFO -- :   MainProc Start
I, [2018-04-29T09:45:43.645850 #38109]  INFO -- :     weather_main start
E, [2018-04-29T09:45:43.935173 #38109] ERROR -- :       undefined local variable or method `hello' for main:Object
I, [2018-04-29T09:45:43.935286 #38109]  INFO -- :     weather_main AbNormalEnd
E, [2018-04-29T09:45:43.935319 #38109] ERROR -- :   Finish processing
I, [2018-04-29T09:45:43.935344 #38109]  INFO -- : --------------------------------------------------
I, [2018-04-29T10:36:09.993476 #38167]  INFO -- : --------------------------------------------------
I, [2018-04-29T10:36:09.993601 #38167]  INFO -- :   MainProc Start
I, [2018-04-29T10:36:09.993645 #38167]  INFO -- :     weather_main start
E, [2018-04-29T10:36:10.823622 #38167] ERROR -- :       undefined local variable or method `hello' for main:Object
E, [2018-04-29T10:36:10.823726 #38167] ERROR -- :     weather_main AbNormalEnd
E, [2018-04-29T10:36:10.823777 #38167] ERROR -- :   Finish processing
I, [2018-04-29T10:36:10.823815 #38167]  INFO -- : --------------------------------------------------
I, [2018-04-29T10:47:15.144313 #38209]  INFO -- : --------------------------------------------------
I, [2018-04-29T10:47:15.144391 #38209]  INFO -- :   MainProc Start
I, [2018-04-29T10:47:15.144423 #38209]  INFO -- :     weather_main start
E, [2018-04-29T10:47:15.535728 #38209] ERROR -- :       undefined local variable or method `hello' for main:Object
E, [2018-04-29T10:47:15.535833 #38209] ERROR -- :     weather_main AbNormalEnd
E, [2018-04-29T10:47:15.535867 #38209] ERROR -- :   Finish processing
I, [2018-04-29T10:47:15.535895 #38209]  INFO -- : --------------------------------------------------
I, [2018-04-29T10:47:42.805543 #38224]  INFO -- : --------------------------------------------------
I, [2018-04-29T10:47:42.805663 #38224]  INFO -- :   MainProc Start
I, [2018-04-29T10:47:42.805750 #38224]  INFO -- :     weather_main start
I, [2018-04-29T10:47:43.256824 #38224]  INFO -- :     weather_main NormalEnd
I, [2018-04-29T10:47:43.256913 #38224]  INFO -- :     log_update Start
I, [2018-04-29T10:47:43.265176 #38224]  INFO -- :       Execution SQL-------------------------------------------------------------------------------------------
I, [2018-04-29T10:47:43.265261 #38224]  INFO -- :         INSERT INTO Log(CreateDate,City_Name,Rain_Check,Snow_Check,Wind_Deg,Wind_Speed)
I, [2018-04-29T10:47:43.265310 #38224]  INFO -- :         VALUES ('2018-04-29' , 'Ishinomaki','true','true','南東','4.6')
I, [2018-04-29T10:47:43.265341 #38224]  INFO -- :       --------------------------------------------------------------------------------------------------------
I, [2018-04-29T10:47:43.265382 #38224]  INFO -- :     log_update NormalEnd
I, [2018-04-29T10:47:43.265489 #38224]  INFO -- :   MainProc NormalEnd
I, [2018-04-29T10:47:43.265524 #38224]  INFO -- : --------------------------------------------------
I, [2018-04-29T10:47:53.076108 #38239]  INFO -- : --------------------------------------------------
I, [2018-04-29T10:47:53.076179 #38239]  INFO -- :   Train delay notification processing Start
I, [2018-04-29T10:47:53.077092 #38239]  INFO -- :     notification_get　Start
I, [2018-04-29T10:47:53.077520 #38239]  INFO -- :     notification_get　NormalEnd
I, [2018-04-29T10:47:53.077554 #38239]  INFO -- :     evaluation_insert Start
I, [2018-04-29T10:47:53.084377 #38239]  INFO -- :     evaluation_insert NormalEnd
I, [2018-04-29T10:47:53.084475 #38239]  INFO -- :     evaluation_latest Start
I, [2018-04-29T10:47:53.084593 #38239]  INFO -- :     evaluation_latest NormalEnd
I, [2018-04-29T10:47:53.084627 #38239]  INFO -- :     evaluation_decision Start
I, [2018-04-29T10:47:53.084648 #38239]  INFO -- :     weather_prediction Start
I, [2018-04-29T10:47:54.025560 #38239]  INFO -- :     evaluation_decision NormalEnd
I, [2018-04-29T10:47:54.025657 #38239]  INFO -- :     notification_dalay Start
I, [2018-04-29T10:47:56.459782 #38239]  INFO -- :     notification_dalay NormalEnd
I, [2018-04-29T10:47:56.460034 #38239]  INFO -- :   Train delay notification processing NormalEnd
I, [2018-04-29T10:47:56.460084 #38239]  INFO -- : --------------------------------------------------
I, [2018-04-29T10:59:23.827949 #38269]  INFO -- : --------------------------------------------------
I, [2018-04-29T10:59:23.828033 #38269]  INFO -- :   MainProc Start
I, [2018-04-29T10:59:23.828058 #38269]  INFO -- :     weather_main start
I, [2018-04-29T10:59:24.810130 #38269]  INFO -- :     weather_main NormalEnd
I, [2018-04-29T10:59:24.810233 #38269]  INFO -- :     log_update Start
I, [2018-04-29T10:59:24.818624 #38269]  INFO -- :       Execution SQL-------------------------------------------------------------------------------------------
I, [2018-04-29T10:59:24.818694 #38269]  INFO -- :         INSERT INTO Log(CreateDate,City_Name,Rain_Check,Snow_Check,Wind_Deg,Wind_Speed)
I, [2018-04-29T10:59:24.818735 #38269]  INFO -- :         VALUES ('2018-04-29' , 'Ishinomaki','true','true','南東','4.6')
I, [2018-04-29T10:59:24.818761 #38269]  INFO -- :       --------------------------------------------------------------------------------------------------------
I, [2018-04-29T10:59:24.818795 #38269]  INFO -- :     log_update NormalEnd
I, [2018-04-29T10:59:24.818885 #38269]  INFO -- :   MainProc NormalEnd
I, [2018-04-29T10:59:24.818916 #38269]  INFO -- : --------------------------------------------------
I, [2018-04-29T11:01:14.781844 #38292]  INFO -- : --------------------------------------------------
I, [2018-04-29T11:01:14.782031 #38292]  INFO -- :   MainProc Start
I, [2018-04-29T11:01:14.782114 #38292]  INFO -- :     weather_main start
I, [2018-04-29T11:01:15.606955 #38292]  INFO -- :     weather_main NormalEnd
I, [2018-04-29T11:01:15.607037 #38292]  INFO -- :     log_update Start
E, [2018-04-29T11:01:15.608760 #38292] ERROR -- :     log_update AbnormalEnd
E, [2018-04-29T11:01:15.608860 #38292] ERROR -- :   Finish processing
I, [2018-04-29T11:01:15.608897 #38292]  INFO -- : --------------------------------------------------
I, [2018-04-29T11:01:53.984501 #38307]  INFO -- : --------------------------------------------------
I, [2018-04-29T11:01:53.984573 #38307]  INFO -- :   MainProc Start
I, [2018-04-29T11:01:53.984601 #38307]  INFO -- :     weather_main start
I, [2018-04-29T11:01:54.757293 #38307]  INFO -- :     weather_main NormalEnd
I, [2018-04-29T11:01:54.757406 #38307]  INFO -- :     log_update Start
E, [2018-04-29T11:01:54.759610 #38307] ERROR -- :     log_update AbnormalEnd
E, [2018-04-29T11:01:54.759718 #38307] ERROR -- :   Finish processing
I, [2018-04-29T11:01:54.759756 #38307]  INFO -- : --------------------------------------------------
I, [2018-04-29T11:02:37.676713 #38324]  INFO -- : --------------------------------------------------
I, [2018-04-29T11:02:37.676809 #38324]  INFO -- :   MainProc Start
I, [2018-04-29T11:02:37.676854 #38324]  INFO -- :     weather_main start
E, [2018-04-29T11:02:37.696632 #38324] ERROR -- :       765: unexpected token at '<html></html>'
E, [2018-04-29T11:02:37.696739 #38324] ERROR -- :     weather_main AbNormalEnd
E, [2018-04-29T11:02:37.696782 #38324] ERROR -- :   Finish processing
I, [2018-04-29T11:02:37.696817 #38324]  INFO -- : --------------------------------------------------
I, [2018-04-29T11:02:58.389101 #38338]  INFO -- : --------------------------------------------------
I, [2018-04-29T11:02:58.389203 #38338]  INFO -- :   MainProc Start
I, [2018-04-29T11:02:58.389267 #38338]  INFO -- :     weather_main start
E, [2018-04-29T11:02:58.401546 #38338] ERROR -- :       765: unexpected token at '<html></html>'
E, [2018-04-29T11:02:58.401624 #38338] ERROR -- :     weather_main AbNormalEnd
E, [2018-04-29T11:02:58.401653 #38338] ERROR -- :   Finish processing
I, [2018-04-29T11:02:58.401676 #38338]  INFO -- : --------------------------------------------------
I, [2018-04-29T11:03:07.268535 #38352]  INFO -- : --------------------------------------------------
I, [2018-04-29T11:03:07.767349 #38352]  INFO -- :   MainProc Start
I, [2018-04-29T11:03:12.367982 #38352]  INFO -- :     weather_main start
I, [2018-04-29T11:03:23.617583 #38352]  INFO -- :     weather_main NormalEnd
I, [2018-04-29T11:03:29.679980 #38352]  INFO -- :     log_update Start
E, [2018-04-29T11:03:29.682257 #38352] ERROR -- :     log_update AbnormalEnd
E, [2018-04-29T11:04:09.139629 #38352] ERROR -- :   Finish processing
I, [2018-04-29T11:04:09.139691 #38352]  INFO -- : --------------------------------------------------
I, [2018-04-29T11:04:13.161568 #38395]  INFO -- : --------------------------------------------------
I, [2018-04-29T11:04:13.161642 #38395]  INFO -- :   MainProc Start
I, [2018-04-29T11:04:13.161677 #38395]  INFO -- :     weather_main start
I, [2018-04-29T11:04:14.673721 #38395]  INFO -- :     weather_main NormalEnd
I, [2018-04-29T11:04:14.673797 #38395]  INFO -- :     log_update Start
I, [2018-04-29T11:04:14.681484 #38395]  INFO -- :       Execution SQL-------------------------------------------------------------------------------------------
I, [2018-04-29T11:04:14.681579 #38395]  INFO -- :         INSERT INTO Log(CreateDate,City_Name,Rain_Check,Snow_Check,Wind_Deg,Wind_Speed)
I, [2018-04-29T11:04:14.681674 #38395]  INFO -- :         VALUES ('2018-04-29' , 'Ishinomaki','true','true','南東','4.6')
I, [2018-04-29T11:04:14.681712 #38395]  INFO -- :       --------------------------------------------------------------------------------------------------------
I, [2018-04-29T11:04:14.681746 #38395]  INFO -- :     log_update NormalEnd
I, [2018-04-29T11:04:14.681854 #38395]  INFO -- :   MainProc NormalEnd
I, [2018-04-29T11:04:14.681885 #38395]  INFO -- : --------------------------------------------------
I, [2018-04-29T11:04:41.441061 #38410]  INFO -- : --------------------------------------------------
I, [2018-04-29T11:04:41.441134 #38410]  INFO -- :   MainProc Start
I, [2018-04-29T11:04:41.441159 #38410]  INFO -- :     weather_main start
I, [2018-04-29T11:04:42.793147 #38410]  INFO -- :     weather_main NormalEnd
I, [2018-04-29T11:04:42.793220 #38410]  INFO -- :     log_update Start
E, [2018-04-29T11:04:42.794728 #38410] ERROR -- :     log_update AbnormalEnd
E, [2018-04-29T11:04:42.794811 #38410] ERROR -- :   Finish processing
I, [2018-04-29T11:04:42.794843 #38410]  INFO -- : --------------------------------------------------
I, [2018-04-29T11:05:10.293348 #38427]  INFO -- : --------------------------------------------------
I, [2018-04-29T11:05:10.293426 #38427]  INFO -- :   MainProc Start
I, [2018-04-29T11:05:10.293452 #38427]  INFO -- :     weather_main start
I, [2018-04-29T11:05:10.919349 #38427]  INFO -- :     weather_main NormalEnd
I, [2018-04-29T11:05:10.919437 #38427]  INFO -- :     log_update Start
I, [2018-04-29T11:05:10.928100 #38427]  INFO -- :       Execution SQL-------------------------------------------------------------------------------------------
I, [2018-04-29T11:05:10.928187 #38427]  INFO -- :         INSERT INTO Log(CreateDate,City_Name,Rain_Check,Snow_Check,Wind_Deg,Wind_Speed)
I, [2018-04-29T11:05:10.928237 #38427]  INFO -- :         VALUES ('2018-04-29' , 'Ishinomaki','true','true','南東','4.6')
I, [2018-04-29T11:05:10.928264 #38427]  INFO -- :       --------------------------------------------------------------------------------------------------------
I, [2018-04-29T11:05:10.928298 #38427]  INFO -- :     log_update NormalEnd
I, [2018-04-29T11:05:10.928425 #38427]  INFO -- :   MainProc NormalEnd
I, [2018-04-29T11:05:10.928468 #38427]  INFO -- : --------------------------------------------------
I, [2018-04-29T11:05:28.275609 #38442]  INFO -- : --------------------------------------------------
I, [2018-04-29T11:05:28.275707 #38442]  INFO -- :   MainProc Start
I, [2018-04-29T11:05:28.275770 #38442]  INFO -- :     weather_main start
I, [2018-04-29T11:05:28.937921 #38442]  INFO -- :     weather_main NormalEnd
I, [2018-04-29T11:05:28.938022 #38442]  INFO -- :     log_update Start
I, [2018-04-29T11:05:28.946402 #38442]  INFO -- :       Execution SQL-------------------------------------------------------------------------------------------
I, [2018-04-29T11:05:28.946478 #38442]  INFO -- :         INSERT INTO Log(CreateDate,City_Name,Rain_Check,Snow_Check,Wind_Deg,Wind_Speed)
I, [2018-04-29T11:05:28.946537 #38442]  INFO -- :         VALUES ('2018-04-29' , 'Ishinomaki','true','true','南東','4.6')
I, [2018-04-29T11:05:28.946564 #38442]  INFO -- :       --------------------------------------------------------------------------------------------------------
I, [2018-04-29T11:05:28.946597 #38442]  INFO -- :     log_update NormalEnd
I, [2018-04-29T11:05:28.946696 #38442]  INFO -- :   MainProc NormalEnd
I, [2018-04-29T11:05:28.946726 #38442]  INFO -- : --------------------------------------------------
I, [2018-04-29T11:06:15.258316 #38457]  INFO -- : --------------------------------------------------
I, [2018-04-29T11:06:15.258390 #38457]  INFO -- :   MainProc Start
I, [2018-04-29T11:06:15.258415 #38457]  INFO -- :     weather_main start
I, [2018-04-29T11:06:15.813102 #38457]  INFO -- :     weather_main NormalEnd
I, [2018-04-29T11:06:15.813211 #38457]  INFO -- :     log_update Start
I, [2018-04-29T11:06:15.821693 #38457]  INFO -- :       Execution SQL-------------------------------------------------------------------------------------------
I, [2018-04-29T11:06:15.821769 #38457]  INFO -- :         INSERT INTO Log(CreateDate,City_Name,Rain_Check,Snow_Check,Wind_Deg,Wind_Speed)
        VALUES ('2018-04-29' , 'Ishinomaki','true','true','南東','4.6')

I, [2018-04-29T11:06:15.821798 #38457]  INFO -- :       --------------------------------------------------------------------------------------------------------
I, [2018-04-29T11:06:15.821832 #38457]  INFO -- :     log_update NormalEnd
I, [2018-04-29T11:06:15.821922 #38457]  INFO -- :   MainProc NormalEnd
I, [2018-04-29T11:06:15.821952 #38457]  INFO -- : --------------------------------------------------
I, [2018-04-29T11:06:22.237647 #38472]  INFO -- : --------------------------------------------------
I, [2018-04-29T11:06:22.237782 #38472]  INFO -- :   MainProc Start
I, [2018-04-29T11:06:22.237832 #38472]  INFO -- :     weather_main start
I, [2018-04-29T11:06:25.878357 #38472]  INFO -- :     weather_main NormalEnd
I, [2018-04-29T11:06:25.878458 #38472]  INFO -- :     log_update Start
I, [2018-04-29T11:06:25.886703 #38472]  INFO -- :       Execution SQL-------------------------------------------------------------------------------------------
I, [2018-04-29T11:06:25.886780 #38472]  INFO -- :         INSERT INTO Log(CreateDate,City_Name,Rain_Check,Snow_Check,Wind_Deg,Wind_Speed)
        VALUES ('2018-04-29' , 'Ishinomaki','true','true','南東','4.6')

I, [2018-04-29T11:06:25.886822 #38472]  INFO -- :       --------------------------------------------------------------------------------------------------------
I, [2018-04-29T11:06:25.886869 #38472]  INFO -- :     log_update NormalEnd
I, [2018-04-29T11:06:25.886970 #38472]  INFO -- :   MainProc NormalEnd
I, [2018-04-29T11:06:25.886999 #38472]  INFO -- : --------------------------------------------------
I, [2018-04-29T11:08:10.480811 #38488]  INFO -- : --------------------------------------------------
I, [2018-04-29T11:08:10.480897 #38488]  INFO -- :   MainProc Start
I, [2018-04-29T11:08:10.480948 #38488]  INFO -- :     weather_main start
I, [2018-04-29T11:08:11.069445 #38488]  INFO -- :     weather_main NormalEnd
I, [2018-04-29T11:08:11.069548 #38488]  INFO -- :     log_update Start
I, [2018-04-29T11:08:11.077847 #38488]  INFO -- :       Execution SQL-------------------------------------------------------------------------------------------
I, [2018-04-29T11:08:11.077920 #38488]  INFO -- :         INSERT INTO Log(CreateDate,City_Name,Rain_Check,Snow_Check,Wind_Deg,Wind_Speed)
I, [2018-04-29T11:08:11.077961 #38488]  INFO -- :         VALUES ('2018-04-29' , 'Ishinomaki','true','true','南東','4.6')
I, [2018-04-29T11:08:11.078000 #38488]  INFO -- :       --------------------------------------------------------------------------------------------------------
I, [2018-04-29T11:08:11.078034 #38488]  INFO -- :     log_update NormalEnd
I, [2018-04-29T11:08:11.078121 #38488]  INFO -- :   MainProc NormalEnd
I, [2018-04-29T11:08:11.078150 #38488]  INFO -- : --------------------------------------------------
