# Logfile created on 2018-05-05 12:11:24 +0900 by logger.rb/61378
I, [2018-05-05T12:11:24.327044 #41669]  INFO -- : --------------------------------------------------
I, [2018-05-05T12:11:24.327080 #41669]  INFO -- :   Train delay notification processing Start
I, [2018-05-05T12:11:24.330274 #41669]  INFO -- :     notification_get　Start
I, [2018-05-05T12:11:24.330322 #41669]  INFO -- :       実行SQL----------------------------------------
I, [2018-05-05T12:11:24.330358 #41669]  INFO -- :         SELECT ROUND(AVG(wind_speed),2) FROM Log;
I, [2018-05-05T12:11:24.330390 #41669]  INFO -- :       -----------------------------------------------
I, [2018-05-05T12:11:24.332423 #41669]  INFO -- :     notification_get　NormalEnd
I, [2018-05-05T12:11:24.332484 #41669]  INFO -- :     evaluation_insert Start
I, [2018-05-05T12:11:24.332510 #41669]  INFO -- :       実行SQL----------------------------------------
I, [2018-05-05T12:11:24.332531 #41669]  INFO -- :         INSERT INTO evaluation (Wind_Avg,Create_Date) VALUES(4.5,'2018-05-05');
I, [2018-05-05T12:11:24.332547 #41669]  INFO -- :       -----------------------------------------------
I, [2018-05-05T12:11:24.334008 #41669]  INFO -- :       実行SQL----------------------------------------
I, [2018-05-05T12:11:24.334039 #41669]  INFO -- :         SELECT changes();
I, [2018-05-05T12:11:24.334056 #41669]  INFO -- :       -----------------------------------------------
I, [2018-05-05T12:11:24.334113 #41669]  INFO -- :     evaluation_insert NormalEnd
I, [2018-05-05T12:11:24.334135 #41669]  INFO -- :     evaluation_latest Start
I, [2018-05-05T12:11:24.334154 #41669]  INFO -- :       実行SQL----------------------------------------
I, [2018-05-05T12:11:24.334532 #41669]  INFO -- :         SELECT MAX(id),wind_avg FROM evaluation;
I, [2018-05-05T12:11:24.334548 #41669]  INFO -- :       -----------------------------------------------
I, [2018-05-05T12:11:24.334640 #41669]  INFO -- :     evaluation_latest NormalEnd
I, [2018-05-05T12:11:24.334664 #41669]  INFO -- :     evaluation_decision Start
I, [2018-05-05T12:11:24.334680 #41669]  INFO -- :     weather_prediction Start
I, [2018-05-05T12:11:24.728457 #41669]  INFO -- :     evaluation_decision NormalEnd
I, [2018-05-05T12:11:24.728543 #41669]  INFO -- :     notification_dalay Start
I, [2018-05-05T12:11:24.983215 #41669]  INFO -- :     notification_dalay NormalEnd
I, [2018-05-05T12:11:24.983439 #41669]  INFO -- :   Train delay notification processing NormalEnd
I, [2018-05-05T12:11:24.983487 #41669]  INFO -- : --------------------------------------------------
I, [2018-05-05T12:34:34.282739 #41725]  INFO -- : --------------------------------------------------
I, [2018-05-05T12:34:34.282806 #41725]  INFO -- :   Train delay notification processing Start
I, [2018-05-05T12:34:34.283806 #41725]  INFO -- :     notification_get　Start
I, [2018-05-05T12:34:34.283839 #41725]  INFO -- :       実行SQL----------------------------------------
I, [2018-05-05T12:34:34.283858 #41725]  INFO -- :         SELECT ROUND(AVG(wind_speed),2) FROM Log;
I, [2018-05-05T12:34:34.283873 #41725]  INFO -- :       -----------------------------------------------
I, [2018-05-05T12:34:34.283951 #41725]  INFO -- :     notification_get　NormalEnd
I, [2018-05-05T12:34:34.283986 #41725]  INFO -- :     evaluation_insert Start
I, [2018-05-05T12:34:34.284004 #41725]  INFO -- :       実行SQL----------------------------------------
I, [2018-05-05T12:34:34.284020 #41725]  INFO -- :         INSERT INTO evaluation (Wind_Avg,Create_Date) VALUES(4.5,'2018-05-05');
I, [2018-05-05T12:34:34.284034 #41725]  INFO -- :       -----------------------------------------------
I, [2018-05-05T12:34:34.290504 #41725]  INFO -- :       実行SQL----------------------------------------
I, [2018-05-05T12:34:34.290631 #41725]  INFO -- :         SELECT changes();
I, [2018-05-05T12:34:34.290668 #41725]  INFO -- :       -----------------------------------------------
I, [2018-05-05T12:34:34.290752 #41725]  INFO -- :     evaluation_insert NormalEnd
I, [2018-05-05T12:34:34.290795 #41725]  INFO -- :     evaluation_latest Start
I, [2018-05-05T12:34:34.290826 #41725]  INFO -- :       実行SQL----------------------------------------
I, [2018-05-05T12:34:34.290859 #41725]  INFO -- :         SELECT MAX(id),wind_avg FROM evaluation;
I, [2018-05-05T12:34:34.290892 #41725]  INFO -- :       -----------------------------------------------
I, [2018-05-05T12:34:34.290993 #41725]  INFO -- :     evaluation_latest NormalEnd
I, [2018-05-05T12:34:34.291056 #41725]  INFO -- :     evaluation_decision Start
I, [2018-05-05T12:34:34.291073 #41725]  INFO -- :     weather_prediction Start
I, [2018-05-05T12:34:34.665175 #41725]  INFO -- :     evaluation_decision NormalEnd
I, [2018-05-05T12:34:34.665278 #41725]  INFO -- :     notification_dalay Start
I, [2018-05-05T12:34:34.881741 #41725]  INFO -- :     notification_dalay NormalEnd
I, [2018-05-05T12:34:34.882000 #41725]  INFO -- :   Train delay notification processing NormalEnd
I, [2018-05-05T12:34:34.882150 #41725]  INFO -- : --------------------------------------------------
I, [2018-05-05T12:36:56.756106 #41748]  INFO -- : --------------------------------------------------
I, [2018-05-05T12:36:56.756232 #41748]  INFO -- :   MainProc Start
I, [2018-05-05T12:36:56.756281 #41748]  INFO -- :     weather_main start
I, [2018-05-05T12:36:57.015096 #41748]  INFO -- :     weather_main NormalEnd
I, [2018-05-05T12:36:57.015191 #41748]  INFO -- :     log_update Start
I, [2018-05-05T12:36:57.024083 #41748]  INFO -- :       Execution SQL-------------------------------------------------------------------------------------------
I, [2018-05-05T12:36:57.024198 #41748]  INFO -- :         INSERT INTO Log(CreateDate,City_Name,Rain_Check,Snow_Check,Wind_Deg,Wind_Speed)
I, [2018-05-05T12:36:57.024278 #41748]  INFO -- :         VALUES ('2018-05-05' , 'Ishinomaki','true','true','南西','2.6')
I, [2018-05-05T12:36:57.024330 #41748]  INFO -- :       --------------------------------------------------------------------------------------------------------
I, [2018-05-05T12:36:57.024412 #41748]  INFO -- :     log_update NormalEnd
I, [2018-05-05T12:36:57.024550 #41748]  INFO -- :   MainProc NormalEnd
I, [2018-05-05T12:36:57.024595 #41748]  INFO -- : --------------------------------------------------
I, [2018-05-05T12:52:08.023846 #41792]  INFO -- : --------------------------------------------------
I, [2018-05-05T12:52:08.023913 #41792]  INFO -- :   MainProc Start
I, [2018-05-05T12:52:08.023936 #41792]  INFO -- :     weather_main start
I, [2018-05-05T12:52:08.302069 #41792]  INFO -- :     weather_main NormalEnd
I, [2018-05-05T12:52:08.302163 #41792]  INFO -- :     log_update Start
I, [2018-05-05T12:52:08.310458 #41792]  INFO -- :       Execution SQL-------------------------------------------------------------------------------------------
I, [2018-05-05T12:52:08.310528 #41792]  INFO -- :         INSERT INTO Log(CreateDate,City_Name,Rain_Check,Snow_Check,Wind_Deg,Wind_Speed)
I, [2018-05-05T12:52:08.310566 #41792]  INFO -- :         VALUES ('2018-05-05' , 'Ishinomaki','true','true','南西','2.6')
I, [2018-05-05T12:52:08.310591 #41792]  INFO -- :       --------------------------------------------------------------------------------------------------------
I, [2018-05-05T12:52:08.310624 #41792]  INFO -- :     log_update NormalEnd
I, [2018-05-05T12:52:08.310713 #41792]  INFO -- :   MainProc NormalEnd
I, [2018-05-05T12:52:08.310741 #41792]  INFO -- : --------------------------------------------------
I, [2018-05-05T13:01:43.006290 #41832]  INFO -- : --------------------------------------------------
I, [2018-05-05T13:01:43.006362 #41832]  INFO -- :   MainProc Start
I, [2018-05-05T13:01:43.006397 #41832]  INFO -- :     weather_main start
I, [2018-05-05T13:01:43.260746 #41832]  INFO -- :     weather_main NormalEnd
I, [2018-05-05T13:01:43.260843 #41832]  INFO -- :     log_update Start
I, [2018-05-05T13:01:43.268432 #41832]  INFO -- :       Execution SQL-------------------------------------------------------------------------------------------
I, [2018-05-05T13:01:43.268507 #41832]  INFO -- :         INSERT INTO Log(CreateDate,City_Name,Rain_Check,Snow_Check,Wind_Deg,Wind_Speed)
I, [2018-05-05T13:01:43.268565 #41832]  INFO -- :         VALUES ('2018-05-05' , 'Ishinomaki','true','true','南西','2.6')
I, [2018-05-05T13:01:43.268593 #41832]  INFO -- :       --------------------------------------------------------------------------------------------------------
I, [2018-05-05T13:01:43.268628 #41832]  INFO -- :     log_update NormalEnd
I, [2018-05-05T13:01:43.268733 #41832]  INFO -- :   MainProc NormalEnd
I, [2018-05-05T13:01:43.268766 #41832]  INFO -- : --------------------------------------------------
I, [2018-05-05T13:04:04.964968 #41871]  INFO -- : --------------------------------------------------
I, [2018-05-05T13:04:04.965043 #41871]  INFO -- :   MainProc Start
I, [2018-05-05T13:04:04.965074 #41871]  INFO -- :     weather_main start
I, [2018-05-05T13:04:05.596874 #41871]  INFO -- :     weather_main NormalEnd
I, [2018-05-05T13:04:05.596987 #41871]  INFO -- :     log_update Start
I, [2018-05-05T13:04:05.606139 #41871]  INFO -- :       Execution SQL-------------------------------------------------------------------------------------------
I, [2018-05-05T13:04:05.606228 #41871]  INFO -- :         INSERT INTO Log(CreateDate,City_Name,Rain_Check,Snow_Check,Wind_Deg,Wind_Speed)
I, [2018-05-05T13:04:05.606281 #41871]  INFO -- :         VALUES ('2018-05-05' , 'Ishinomaki','true','true','南西','2.6')
I, [2018-05-05T13:04:05.606322 #41871]  INFO -- :       --------------------------------------------------------------------------------------------------------
I, [2018-05-05T13:04:05.606363 #41871]  INFO -- :     log_update NormalEnd
I, [2018-05-05T13:04:05.606498 #41871]  INFO -- :   MainProc NormalEnd
I, [2018-05-05T13:04:05.606547 #41871]  INFO -- : --------------------------------------------------
I, [2018-05-05T13:04:59.642527 #41889]  INFO -- : --------------------------------------------------
I, [2018-05-05T13:04:59.642613 #41889]  INFO -- :   Train delay notification processing Start
I, [2018-05-05T13:04:59.643855 #41889]  INFO -- :     notification_get　Start
I, [2018-05-05T13:04:59.643910 #41889]  INFO -- :       実行SQL----------------------------------------
I, [2018-05-05T13:04:59.643953 #41889]  INFO -- :         SELECT ROUND(AVG(wind_speed),2) FROM Log;
I, [2018-05-05T13:04:59.644002 #41889]  INFO -- :       -----------------------------------------------
I, [2018-05-05T13:04:59.644161 #41889]  INFO -- :     notification_get　NormalEnd
I, [2018-05-05T13:04:59.644245 #41889]  INFO -- :     evaluation_insert Start
I, [2018-05-05T13:04:59.644307 #41889]  INFO -- :       実行SQL----------------------------------------
I, [2018-05-05T13:04:59.644349 #41889]  INFO -- :         INSERT INTO evaluation (Wind_Avg,Create_Date) VALUES(4.32,'2018-05-05');
I, [2018-05-05T13:04:59.644406 #41889]  INFO -- :       -----------------------------------------------
I, [2018-05-05T13:04:59.651051 #41889]  INFO -- :       実行SQL----------------------------------------
I, [2018-05-05T13:04:59.651117 #41889]  INFO -- :         SELECT changes();
I, [2018-05-05T13:04:59.651155 #41889]  INFO -- :       -----------------------------------------------
I, [2018-05-05T13:04:59.651298 #41889]  INFO -- :     evaluation_insert NormalEnd
I, [2018-05-05T13:04:59.651325 #41889]  INFO -- :     evaluation_latest Start
I, [2018-05-05T13:04:59.651369 #41889]  INFO -- :       実行SQL----------------------------------------
I, [2018-05-05T13:04:59.651387 #41889]  INFO -- :         SELECT MAX(id),wind_avg FROM evaluation;
I, [2018-05-05T13:04:59.651410 #41889]  INFO -- :       -----------------------------------------------
I, [2018-05-05T13:04:59.652108 #41889]  INFO -- :     evaluation_latest NormalEnd
I, [2018-05-05T13:04:59.652222 #41889]  INFO -- :     evaluation_decision Start
I, [2018-05-05T13:04:59.652248 #41889]  INFO -- :     weather_prediction Start
I, [2018-05-05T13:05:00.007633 #41889]  INFO -- :     evaluation_decision NormalEnd
I, [2018-05-05T13:05:00.007727 #41889]  INFO -- :     notification_dalay Start
I, [2018-05-05T13:05:00.226261 #41889]  INFO -- :     notification_dalay NormalEnd
I, [2018-05-05T13:05:00.226440 #41889]  INFO -- :   Train delay notification processing NormalEnd
I, [2018-05-05T13:05:00.226474 #41889]  INFO -- : --------------------------------------------------
I, [2018-05-05T13:06:43.634030 #41910]  INFO -- : --------------------------------------------------
I, [2018-05-05T13:06:43.634107 #41910]  INFO -- :   MainProc Start
I, [2018-05-05T13:06:43.634133 #41910]  INFO -- :     weather_main start
I, [2018-05-05T13:06:43.877622 #41910]  INFO -- :     weather_main NormalEnd
I, [2018-05-05T13:06:43.877721 #41910]  INFO -- :     log_update Start
I, [2018-05-05T13:06:43.886530 #41910]  INFO -- :       Execution SQL-------------------------------------------------------------------------------------------
I, [2018-05-05T13:06:43.886645 #41910]  INFO -- :         INSERT INTO Log(CreateDate,City_Name,Rain_Check,Snow_Check,Wind_Deg,Wind_Speed)
I, [2018-05-05T13:06:43.886720 #41910]  INFO -- :         VALUES ('2018-05-05' , 'Ishinomaki','true','true','南西','2.6')
I, [2018-05-05T13:06:43.886772 #41910]  INFO -- :       --------------------------------------------------------------------------------------------------------
I, [2018-05-05T13:06:43.886834 #41910]  INFO -- :     log_update NormalEnd
I, [2018-05-05T13:06:43.886985 #41910]  INFO -- :   MainProc NormalEnd
I, [2018-05-05T13:06:43.887029 #41910]  INFO -- : --------------------------------------------------
