# Logfile created on 2018-05-27 13:35:30 +0900 by logger.rb/61378
I, [2018-05-27T13:35:30.873244 #61018]  INFO -- : --------------------------------------------------
I, [2018-05-27T13:35:30.873297 #61018]  INFO -- :   MainProc Start
I, [2018-05-27T13:35:31.576171 #61018]  INFO -- :     weather_main start
I, [2018-05-27T13:35:31.897364 #61018]  INFO -- :     weather_main NormalEnd
I, [2018-05-27T13:35:31.897453 #61018]  INFO -- :     log_update Start
I, [2018-05-27T13:35:31.912839 #61018]  INFO -- :       Execution SQL-------------------------------------------------------------------------------------------
I, [2018-05-27T13:35:31.912907 #61018]  INFO -- :         INSERT INTO Log(CreateDate,City_Name,Rain_Check,Snow_Check,Wind_Deg,Wind_Speed)
I, [2018-05-27T13:35:31.912951 #61018]  INFO -- :         VALUES ('2018-05-27' , 'Ishinomaki','true','true','東','4.1')
I, [2018-05-27T13:35:31.912978 #61018]  INFO -- :       --------------------------------------------------------------------------------------------------------
I, [2018-05-27T13:35:31.913009 #61018]  INFO -- :     log_update NormalEnd
I, [2018-05-27T13:35:31.913117 #61018]  INFO -- :   MainProc NormalEnd
I, [2018-05-27T13:35:31.913156 #61018]  INFO -- : --------------------------------------------------
I, [2018-05-27T14:13:35.606202 #61113]  INFO -- : --------------------------------------------------
I, [2018-05-27T14:13:35.606266 #61113]  INFO -- :   MainProc Start
I, [2018-05-27T14:13:36.144480 #61113]  INFO -- :     weather_main start
E, [2018-05-27T14:13:36.342682 #61113] ERROR -- :       undefined method `[]' for nil:NilClass
E, [2018-05-27T14:13:36.342781 #61113] ERROR -- :     weather_main AbNormalEnd
E, [2018-05-27T14:13:36.342822 #61113] ERROR -- :   Finish processing
I, [2018-05-27T14:13:36.342855 #61113]  INFO -- : --------------------------------------------------
I, [2018-05-27T14:16:25.248526 #61131]  INFO -- : --------------------------------------------------
I, [2018-05-27T14:16:25.613314 #61131]  INFO -- :   MainProc Start
I, [2018-05-27T14:16:35.243282 #61131]  INFO -- :     weather_main start
E, [2018-05-27T14:19:10.015240 #61131] ERROR -- :       undefined method `[]' for nil:NilClass
E, [2018-05-27T14:19:10.015340 #61131] ERROR -- :     weather_main AbNormalEnd
E, [2018-05-27T14:19:10.015386 #61131] ERROR -- :   Finish processing
I, [2018-05-27T14:19:10.015423 #61131]  INFO -- : --------------------------------------------------
I, [2018-05-27T14:19:18.842530 #61167]  INFO -- : --------------------------------------------------
I, [2018-05-27T14:19:19.135630 #61167]  INFO -- :   MainProc Start
I, [2018-05-27T14:19:30.352285 #61193]  INFO -- : --------------------------------------------------
I, [2018-05-27T14:19:30.878442 #61193]  INFO -- :   MainProc Start
I, [2018-05-27T14:19:48.932047 #61219]  INFO -- : --------------------------------------------------
I, [2018-05-27T14:19:49.303765 #61219]  INFO -- :   MainProc Start
I, [2018-05-27T14:20:13.577856 #61219]  INFO -- :     weather_main start
E, [2018-05-27T14:20:13.758125 #61219] ERROR -- :       undefined method `[]' for nil:NilClass
E, [2018-05-27T14:20:13.758235 #61219] ERROR -- :     weather_main AbNormalEnd
E, [2018-05-27T14:20:13.758280 #61219] ERROR -- :   Finish processing
I, [2018-05-27T14:20:13.758317 #61219]  INFO -- : --------------------------------------------------
I, [2018-05-27T14:20:20.275676 #61248]  INFO -- : --------------------------------------------------
I, [2018-05-27T14:20:20.804332 #61248]  INFO -- :   MainProc Start
I, [2018-05-27T14:21:25.478672 #61248]  INFO -- :     weather_main start
E, [2018-05-27T14:21:25.663704 #61248] ERROR -- :       undefined method `[]' for nil:NilClass
E, [2018-05-27T14:21:25.663812 #61248] ERROR -- :     weather_main AbNormalEnd
E, [2018-05-27T14:21:25.663854 #61248] ERROR -- :   Finish processing
I, [2018-05-27T14:21:25.663891 #61248]  INFO -- : --------------------------------------------------
I, [2018-05-27T14:21:30.453999 #61284]  INFO -- : --------------------------------------------------
I, [2018-05-27T14:21:30.789465 #61284]  INFO -- :   MainProc Start
I, [2018-05-27T14:21:46.888171 #61284]  INFO -- :     weather_main start
I, [2018-05-27T14:21:47.097659 #61284]  INFO -- :     weather_main NormalEnd
I, [2018-05-27T14:21:47.097773 #61284]  INFO -- :     log_update Start
I, [2018-05-27T14:21:47.106195 #61284]  INFO -- :       Execution SQL-------------------------------------------------------------------------------------------
I, [2018-05-27T14:21:47.106279 #61284]  INFO -- :         INSERT INTO Log(CreateDate,City_Name,Rain_Check,Snow_Check,Wind_Deg,Wind_Speed)
I, [2018-05-27T14:21:47.106321 #61284]  INFO -- :         VALUES ('2018-05-27' , 'Ishinomaki','true','true','東','4.1')
I, [2018-05-27T14:21:47.106348 #61284]  INFO -- :       --------------------------------------------------------------------------------------------------------
I, [2018-05-27T14:21:47.106382 #61284]  INFO -- :     log_update NormalEnd
I, [2018-05-27T14:21:47.106469 #61284]  INFO -- :   MainProc NormalEnd
I, [2018-05-27T14:21:47.106499 #61284]  INFO -- : --------------------------------------------------
I, [2018-05-27T20:57:54.179128 #61371]  INFO -- : --------------------------------------------------
I, [2018-05-27T20:57:54.179881 #61371]  INFO -- :   MainProc Start
I, [2018-05-27T20:58:26.747384 #61389]  INFO -- : --------------------------------------------------
I, [2018-05-27T20:58:26.747473 #61389]  INFO -- :   MainProc Start
I, [2018-05-27T20:58:27.556766 #61389]  INFO -- :     weather_main start
I, [2018-05-27T20:58:27.775806 #61389]  INFO -- :     weather_main NormalEnd
I, [2018-05-27T20:58:27.775902 #61389]  INFO -- :     log_update Start
I, [2018-05-27T20:58:27.784922 #61389]  INFO -- :       Execution SQL-------------------------------------------------------------------------------------------
I, [2018-05-27T20:58:27.785004 #61389]  INFO -- :         INSERT INTO Log(CreateDate,City_Name,Rain_Check,Snow_Check,Wind_Deg,Wind_Speed)
I, [2018-05-27T20:58:27.785056 #61389]  INFO -- :         VALUES ('2018-05-27' , 'Ishinomaki','true','true','南東','3.1')
I, [2018-05-27T20:58:27.785085 #61389]  INFO -- :       --------------------------------------------------------------------------------------------------------
I, [2018-05-27T20:58:27.785121 #61389]  INFO -- :     log_update NormalEnd
I, [2018-05-27T20:58:27.785213 #61389]  INFO -- :   MainProc NormalEnd
I, [2018-05-27T20:58:27.785248 #61389]  INFO -- : --------------------------------------------------
