# Logfile created on 2018-05-13 17:17:00 +0900 by logger.rb/61378
I, [2018-05-13T17:17:00.773947 #49037]  INFO -- : --------------------------------------------------
I, [2018-05-13T17:17:00.773988 #49037]  INFO -- :   MainProc Start
I, [2018-05-13T17:17:00.774009 #49037]  INFO -- :     weather_main start
I, [2018-05-13T17:17:00.987055 #49037]  INFO -- :     weather_main NormalEnd
I, [2018-05-13T17:17:00.987144 #49037]  INFO -- :     log_update Start
I, [2018-05-13T17:17:00.996804 #49037]  INFO -- :       Execution SQL-------------------------------------------------------------------------------------------
I, [2018-05-13T17:17:00.996885 #49037]  INFO -- :         INSERT INTO Log(CreateDate,City_Name,Rain_Check,Snow_Check,Wind_Deg,Wind_Speed)
I, [2018-05-13T17:17:00.996930 #49037]  INFO -- :         VALUES ('2018-05-13' , 'Ishinomaki','true','true','南東','4.6')
I, [2018-05-13T17:17:00.996958 #49037]  INFO -- :       --------------------------------------------------------------------------------------------------------
I, [2018-05-13T17:17:00.996996 #49037]  INFO -- :     log_update NormalEnd
I, [2018-05-13T17:17:00.997107 #49037]  INFO -- :   MainProc NormalEnd
I, [2018-05-13T17:17:00.997141 #49037]  INFO -- : --------------------------------------------------
I, [2018-05-13T17:17:19.202345 #49053]  INFO -- : --------------------------------------------------
I, [2018-05-13T17:17:19.202422 #49053]  INFO -- :   Train delay notification processing Start
I, [2018-05-13T17:17:19.203631 #49053]  INFO -- :     notification_get　Start
I, [2018-05-13T17:17:19.203668 #49053]  INFO -- :       実行SQL----------------------------------------
I, [2018-05-13T17:17:19.203688 #49053]  INFO -- :         SELECT ROUND(AVG(wind_speed),2) FROM Log;
I, [2018-05-13T17:17:19.203705 #49053]  INFO -- :       -----------------------------------------------
I, [2018-05-13T17:17:19.203780 #49053]  INFO -- :     notification_get　NormalEnd
I, [2018-05-13T17:17:19.203817 #49053]  INFO -- :     evaluation_insert Start
I, [2018-05-13T17:17:19.203837 #49053]  INFO -- :       実行SQL----------------------------------------
I, [2018-05-13T17:17:19.203853 #49053]  INFO -- :         INSERT INTO evaluation (Wind_Avg,Create_Date) VALUES(4.29,'2018-05-13');
I, [2018-05-13T17:17:19.203869 #49053]  INFO -- :       -----------------------------------------------
I, [2018-05-13T17:17:19.207312 #49053]  INFO -- :       実行SQL----------------------------------------
I, [2018-05-13T17:17:19.207366 #49053]  INFO -- :         SELECT changes();
I, [2018-05-13T17:17:19.207386 #49053]  INFO -- :       -----------------------------------------------
I, [2018-05-13T17:17:19.207457 #49053]  INFO -- :     evaluation_insert NormalEnd
I, [2018-05-13T17:17:19.207480 #49053]  INFO -- :     evaluation_latest Start
I, [2018-05-13T17:17:19.207513 #49053]  INFO -- :       実行SQL----------------------------------------
I, [2018-05-13T17:17:19.207528 #49053]  INFO -- :         SELECT MAX(id),wind_avg FROM evaluation;
I, [2018-05-13T17:17:19.207543 #49053]  INFO -- :       -----------------------------------------------
I, [2018-05-13T17:17:19.207679 #49053]  INFO -- :     evaluation_latest NormalEnd
I, [2018-05-13T17:17:19.207703 #49053]  INFO -- :     evaluation_decision Start
I, [2018-05-13T17:17:19.207721 #49053]  INFO -- :     weather_prediction Start
I, [2018-05-13T17:17:19.408695 #49053]  INFO -- :     evaluation_decision NormalEnd
I, [2018-05-13T17:17:19.408785 #49053]  INFO -- :     notification_dalay Start
I, [2018-05-13T17:17:19.539816 #49053]  INFO -- :     notification_dalay NormalEnd
I, [2018-05-13T17:17:19.540061 #49053]  INFO -- :   Train delay notification processing NormalEnd
I, [2018-05-13T17:17:19.540201 #49053]  INFO -- : --------------------------------------------------
