# Logfile created on 2018-04-24 23:29:44 +0900 by logger.rb/61378
I, [2018-04-24T23:29:44.257440 #32661]  INFO -- : --------------------------------------------------
I, [2018-04-24T23:29:44.257484 #32661]  INFO -- : 電車遅延通知処理 開始
I, [2018-04-24T23:29:44.265101 #32661]  INFO -- :  平均の風速取得処理　開始
I, [2018-04-24T23:29:44.269212 #32661]  INFO -- :  平均の風速取得処理　正常終了
I, [2018-04-24T23:29:44.269316 #32661]  INFO -- :  平均値更新処理 開始
E, [2018-04-24T23:29:44.269356 #32661] ERROR -- :  平均値更新処理 異常終了
E, [2018-04-24T23:29:44.269379 #32661] ERROR -- : 平均値の更新処理でエラーが発生したため、処理を終了します
E, [2018-04-24T23:29:44.269400 #32661] ERROR -- : 電車遅延通知処理 異常終了
I, [2018-04-24T23:29:44.269417 #32661]  INFO -- : --------------------------------------------------
I, [2018-04-24T23:30:01.659365 #32681]  INFO -- : --------------------------------------------------
I, [2018-04-24T23:30:01.659446 #32681]  INFO -- : 電車遅延通知処理 開始
I, [2018-04-24T23:30:01.660959 #32681]  INFO -- :  平均の風速取得処理　開始
I, [2018-04-24T23:30:01.661307 #32681]  INFO -- :  平均の風速取得処理　正常終了
I, [2018-04-24T23:30:01.661374 #32681]  INFO -- :  平均値更新処理 開始
E, [2018-04-24T23:30:01.661415 #32681] ERROR -- :  平均値更新処理 異常終了
E, [2018-04-24T23:30:01.661438 #32681] ERROR -- : 平均値の更新処理でエラーが発生したため、処理を終了します
E, [2018-04-24T23:30:01.661479 #32681] ERROR -- : 電車遅延通知処理 異常終了
I, [2018-04-24T23:30:01.661516 #32681]  INFO -- : --------------------------------------------------
I, [2018-04-24T23:30:42.691773 #32696]  INFO -- : --------------------------------------------------
I, [2018-04-24T23:30:42.691852 #32696]  INFO -- : 電車遅延通知処理 開始
I, [2018-04-24T23:30:42.692873 #32696]  INFO -- :  平均の風速取得処理　開始
I, [2018-04-24T23:30:42.693293 #32696]  INFO -- :  平均の風速取得処理　正常終了
I, [2018-04-24T23:30:42.693325 #32696]  INFO -- :  平均値更新処理 開始
I, [2018-04-24T23:30:42.700178 #32696]  INFO -- :  平均値更新処理 正常終了
I, [2018-04-24T23:30:42.700242 #32696]  INFO -- :  しきい値取得処理 開始
I, [2018-04-24T23:30:42.700365 #32696]  INFO -- :  しきい値取得処理 正常終了
I, [2018-04-24T23:30:42.700506 #32696]  INFO -- :  通知判定処理 開始
I, [2018-04-24T23:30:43.036459 #32696]  INFO -- :  通知判定処理 正常終了
I, [2018-04-24T23:30:44.520937 #32696]  INFO -- : 電車遅延通知処理 終了
I, [2018-04-24T23:30:44.521085 #32696]  INFO -- : --------------------------------------------------



curl -D -X PUT ./JRDelay.csv 'https://a3rt-classification.s3.amazonaws.com/c996fd46-534a-41b0-91b6-7421a046cbc9?Signature=GzUVdGBMlIiD6YWdWdUmHqDnOCc%3D&Expires=1524750391&AWSAccessKeyId=AKIAIJWYSBX56JFOEFTA'

curl -D - -X PUT -upload-file ./JRDelay.csv 'https://a3rt-classification.s3.amazonaws.com/c996fd46-534a-41b0-91b6-7421a046cbc9?Signature=GzUVdGBMlIiD6YWdWdUmHqDnOCc%3D&Expires=1524750391&AWSAccessKeyId=AKIAIJWYSBX56JFOEFTA'
