# Logfile created on 2018-04-19 22:32:40 +0900 by logger.rb/56438
I, [2018-04-19T22:32:40.552545 #1215]  INFO -- : --------------------------------------------------
I, [2018-04-19T22:32:40.552627 #1215]  INFO -- : 天気の記録処理 開始
I, [2018-04-19T22:32:40.552727 #1215]  INFO -- :  天気取得処理 開始
E, [2018-04-19T22:32:41.781127 #1215] ERROR -- :   [Ishinomaki]の名称が正しいか確認してください。
E, [2018-04-19T22:32:41.781298 #1215] ERROR -- :  天気情報取得処理 異常終了
I, [2018-04-19T22:32:41.781343 #1215]  INFO -- : 処理を終了します
I, [2018-04-19T22:32:41.781376 #1215]  INFO -- : --------------------------------------------------
I, [2018-04-19T22:34:36.666175 #1226]  INFO -- : --------------------------------------------------
I, [2018-04-19T22:34:37.016997 #1226]  INFO -- : 天気の記録処理 開始
I, [2018-04-19T22:34:43.306389 #1226]  INFO -- :  天気取得処理 開始
E, [2018-04-19T22:35:20.863082 #1226] ERROR -- :   [Ishinomaki]の名称が正しいか確認してください。
E, [2018-04-19T22:35:20.863241 #1226] ERROR -- :  天気情報取得処理 異常終了
I, [2018-04-19T22:35:20.863288 #1226]  INFO -- : 処理を終了します
I, [2018-04-19T22:35:20.863324 #1226]  INFO -- : --------------------------------------------------
I, [2018-04-19T22:35:31.518103 #1252]  INFO -- : --------------------------------------------------
I, [2018-04-19T22:35:31.518214 #1252]  INFO -- : 天気の記録処理 開始
I, [2018-04-19T22:35:31.518280 #1252]  INFO -- :  天気取得処理 開始
E, [2018-04-19T22:35:31.710342 #1252] ERROR -- :  天気情報取得処理 異常終了
I, [2018-04-19T22:35:31.710442 #1252]  INFO -- : 処理を終了します
I, [2018-04-19T22:35:31.710483 #1252]  INFO -- : --------------------------------------------------
I, [2018-04-19T22:37:55.187382 #1254]  INFO -- : --------------------------------------------------
I, [2018-04-19T22:37:55.693066 #1254]  INFO -- : 天気の記録処理 開始
I, [2018-04-19T22:38:03.782981 #1254]  INFO -- :  天気取得処理 開始
E, [2018-04-19T22:38:03.958006 #1254] ERROR -- :  天気情報取得処理 異常終了
I, [2018-04-19T22:38:03.958227 #1254]  INFO -- : 処理を終了します
I, [2018-04-19T22:38:03.958395 #1254]  INFO -- : --------------------------------------------------
I, [2018-04-19T22:38:09.287329 #1271]  INFO -- : --------------------------------------------------
I, [2018-04-19T22:38:09.287392 #1271]  INFO -- : 天気の記録処理 開始
I, [2018-04-19T22:38:09.287432 #1271]  INFO -- :  天気取得処理 開始
E, [2018-04-19T22:38:09.469193 #1271] ERROR -- :  天気情報取得処理 異常終了
I, [2018-04-19T22:38:09.477407 #1271]  INFO -- : 処理を終了します
I, [2018-04-19T22:38:09.477524 #1271]  INFO -- : --------------------------------------------------
I, [2018-04-19T22:39:34.867066 #1274]  INFO -- : --------------------------------------------------
I, [2018-04-19T22:39:36.823274 #1274]  INFO -- : 天気の記録処理 開始
I, [2018-04-19T22:39:53.501136 #1274]  INFO -- :  天気取得処理 開始
E, [2018-04-19T22:41:43.711265 #1274] ERROR -- :  天気情報取得処理 異常終了
I, [2018-04-19T22:41:43.711475 #1274]  INFO -- : 処理を終了します
I, [2018-04-19T22:41:43.711643 #1274]  INFO -- : --------------------------------------------------
I, [2018-04-19T22:41:59.012127 #1301]  INFO -- : --------------------------------------------------
I, [2018-04-19T22:41:59.012188 #1301]  INFO -- : 天気の記録処理 開始
E, [2018-04-19T22:41:59.012235 #1301] ERROR -- :  天気情報取得処理 異常終了
I, [2018-04-19T22:41:59.012257 #1301]  INFO -- : 処理を終了します
I, [2018-04-19T22:41:59.012275 #1301]  INFO -- : --------------------------------------------------
I, [2018-04-19T22:42:25.037510 #1308]  INFO -- : --------------------------------------------------
I, [2018-04-19T22:42:25.037563 #1308]  INFO -- : 天気の記録処理 開始
E, [2018-04-19T22:42:25.037607 #1308] ERROR -- :  天気情報取得処理 異常終了
I, [2018-04-19T22:42:25.037647 #1308]  INFO -- : 処理を終了します
I, [2018-04-19T22:42:25.037663 #1308]  INFO -- : --------------------------------------------------
I, [2018-04-19T22:43:44.802451 #1316]  INFO -- : --------------------------------------------------
I, [2018-04-19T22:43:44.802509 #1316]  INFO -- : 天気の記録処理 開始
E, [2018-04-19T22:43:44.802606 #1316] ERROR -- :  天気情報取得処理 異常終了
I, [2018-04-19T22:43:44.802648 #1316]  INFO -- : 処理を終了します
I, [2018-04-19T22:43:44.802683 #1316]  INFO -- : --------------------------------------------------
I, [2018-04-19T22:44:01.465905 #1318]  INFO -- : --------------------------------------------------
I, [2018-04-19T22:44:01.465963 #1318]  INFO -- : 天気の記録処理 開始
E, [2018-04-19T22:44:01.466010 #1318] ERROR -- :  天気情報取得処理 異常終了
I, [2018-04-19T22:44:01.466060 #1318]  INFO -- : 処理を終了します
I, [2018-04-19T22:44:01.466114 #1318]  INFO -- : --------------------------------------------------
I, [2018-04-19T22:44:15.619543 #1323]  INFO -- : --------------------------------------------------
I, [2018-04-19T22:44:15.619603 #1323]  INFO -- : 天気の記録処理 開始
E, [2018-04-19T22:44:15.619645 #1323] ERROR -- :  天気情報取得処理 異常終了
I, [2018-04-19T22:44:15.619694 #1323]  INFO -- : 処理を終了します
I, [2018-04-19T22:44:15.619747 #1323]  INFO -- : --------------------------------------------------
I, [2018-04-19T22:44:25.784219 #1332]  INFO -- : --------------------------------------------------
I, [2018-04-19T22:44:25.784278 #1332]  INFO -- : 天気の記録処理 開始
E, [2018-04-19T22:44:25.784321 #1332] ERROR -- :  天気情報取得処理 異常終了
I, [2018-04-19T22:44:25.784370 #1332]  INFO -- : 処理を終了します
I, [2018-04-19T22:44:25.784406 #1332]  INFO -- : --------------------------------------------------
I, [2018-04-19T22:44:33.993000 #1335]  INFO -- : --------------------------------------------------
I, [2018-04-19T22:44:33.993103 #1335]  INFO -- : 天気の記録処理 開始
E, [2018-04-19T22:44:33.993179 #1335] ERROR -- :  天気情報取得処理 異常終了
I, [2018-04-19T22:44:33.993216 #1335]  INFO -- : 処理を終了します
I, [2018-04-19T22:44:33.993242 #1335]  INFO -- : --------------------------------------------------
I, [2018-04-19T22:46:45.884181 #1342]  INFO -- : --------------------------------------------------
I, [2018-04-19T22:46:45.884244 #1342]  INFO -- : 天気の記録処理 開始
E, [2018-04-19T22:46:45.884290 #1342] ERROR -- :  天気情報取得処理 異常終了
I, [2018-04-19T22:46:45.884312 #1342]  INFO -- : 処理を終了します
I, [2018-04-19T22:46:45.884330 #1342]  INFO -- : --------------------------------------------------
I, [2018-04-19T22:47:41.054006 #1345]  INFO -- : --------------------------------------------------
I, [2018-04-19T22:47:41.839075 #1345]  INFO -- : 天気の記録処理 開始
E, [2018-04-19T22:47:55.324777 #1345] ERROR -- :  天気情報取得処理 異常終了
I, [2018-04-19T22:47:55.324858 #1345]  INFO -- : 処理を終了します
I, [2018-04-19T22:47:55.324899 #1345]  INFO -- : --------------------------------------------------
I, [2018-04-19T22:48:08.411822 #1361]  INFO -- : --------------------------------------------------
I, [2018-04-19T22:48:09.061734 #1361]  INFO -- : 天気の記録処理 開始
I, [2018-04-19T22:48:17.505307 #1361]  INFO -- :  天気取得処理 開始
I, [2018-04-19T22:49:52.207920 #1361]  INFO -- : --------------------------------------------------
I, [2018-04-19T22:49:52.208040 #1361]  INFO -- : 天気の記録処理 開始
I, [2018-04-19T22:49:57.319220 #1361]  INFO -- :  天気取得処理 開始
E, [2018-04-19T22:52:22.300490 #1361] ERROR -- :  天気情報取得処理 異常終了
I, [2018-04-19T22:52:22.300714 #1361]  INFO -- : 処理を終了します
I, [2018-04-19T22:52:22.300883 #1361]  INFO -- : --------------------------------------------------
I, [2018-04-19T22:52:29.428868 #1400]  INFO -- : --------------------------------------------------
I, [2018-04-19T22:52:29.428945 #1400]  INFO -- : 天気の記録処理 開始
I, [2018-04-19T22:52:29.428981 #1400]  INFO -- :  天気取得処理 開始
E, [2018-04-19T22:52:29.611940 #1400] ERROR -- :  天気情報取得処理 異常終了
I, [2018-04-19T22:52:29.612050 #1400]  INFO -- : 処理を終了します
I, [2018-04-19T22:52:29.612091 #1400]  INFO -- : --------------------------------------------------
I, [2018-04-19T22:53:43.570355 #1402]  INFO -- : --------------------------------------------------
I, [2018-04-19T22:53:43.570516 #1402]  INFO -- : 天気の記録処理 開始
I, [2018-04-19T22:53:49.491748 #1402]  INFO -- :  天気取得処理 開始
E, [2018-04-19T22:54:49.694481 #1402] ERROR -- :  天気情報取得処理 異常終了
I, [2018-04-19T22:54:49.694710 #1402]  INFO -- : 処理を終了します
I, [2018-04-19T22:54:49.694845 #1402]  INFO -- : --------------------------------------------------
I, [2018-04-19T22:54:54.755160 #1425]  INFO -- : --------------------------------------------------
I, [2018-04-19T22:54:54.755216 #1425]  INFO -- : 天気の記録処理 開始
I, [2018-04-19T22:54:54.755259 #1425]  INFO -- :  天気取得処理 開始
I, [2018-04-19T22:54:54.925482 #1425]  INFO -- :  天気取得処理 正常終了
I, [2018-04-19T22:54:54.925579 #1425]  INFO -- :  ログ書き込み処理 開始
I, [2018-04-19T22:54:54.932698 #1425]  INFO -- :   実行SQL-------------------------------------------------------------------------------------------
I, [2018-04-19T22:54:54.932770 #1425]  INFO -- :    INSERT INTO Log(CreateDate,City_Name,Rain_Check,Snow_Check,Wind_Deg,Wind_Speed)
I, [2018-04-19T22:54:54.932810 #1425]  INFO -- :    VALUES ('2018-04-19' , 'Ishinomaki','true','true','西','2.22')
I, [2018-04-19T22:54:54.932835 #1425]  INFO -- :   -------------------------------------------------------------------------------------------------
I, [2018-04-19T22:54:54.932862 #1425]  INFO -- :  ログ書き込み処理 正常終了
I, [2018-04-19T22:54:54.932957 #1425]  INFO -- : 天気の記録処理 正常終了
I, [2018-04-19T22:54:54.932990 #1425]  INFO -- : --------------------------------------------------
I, [2018-04-19T22:58:34.036632 #1440]  INFO -- : --------------------------------------------------
I, [2018-04-19T22:58:34.036700 #1440]  INFO -- : 天気の記録処理 開始
I, [2018-04-19T22:58:34.036740 #1440]  INFO -- :  天気取得処理 開始
I, [2018-04-19T22:58:34.258642 #1440]  INFO -- :  天気取得処理 正常終了
I, [2018-04-19T22:58:34.258744 #1440]  INFO -- :  ログ書き込み処理 開始
I, [2018-04-19T22:58:34.265875 #1440]  INFO -- :   実行SQL-------------------------------------------------------------------------------------------
I, [2018-04-19T22:58:34.265960 #1440]  INFO -- :    INSERT INTO Log(CreateDate,City_Name,Rain_Check,Snow_Check,Wind_Deg,Wind_Speed)
I, [2018-04-19T22:58:34.266000 #1440]  INFO -- :    VALUES ('2018-04-19' , 'Ishinomaki','true','true','西','2.22')
I, [2018-04-19T22:58:34.266025 #1440]  INFO -- :   -------------------------------------------------------------------------------------------------
I, [2018-04-19T22:58:34.266053 #1440]  INFO -- :  ログ書き込み処理 正常終了
I, [2018-04-19T22:58:34.266148 #1440]  INFO -- : 天気の記録処理 正常終了
I, [2018-04-19T22:58:34.266183 #1440]  INFO -- : --------------------------------------------------
I, [2018-04-19T22:58:43.438733 #1444]  INFO -- : --------------------------------------------------
I, [2018-04-19T22:58:43.438797 #1444]  INFO -- : 天気の記録処理 開始
I, [2018-04-19T22:58:43.438838 #1444]  INFO -- :  天気取得処理 開始
I, [2018-04-19T22:58:43.610022 #1444]  INFO -- :  天気取得処理 正常終了
I, [2018-04-19T22:58:43.610121 #1444]  INFO -- :  ログ書き込み処理 開始
I, [2018-04-19T22:58:43.617377 #1444]  INFO -- :   実行SQL-------------------------------------------------------------------------------------------
I, [2018-04-19T22:58:43.617450 #1444]  INFO -- :    INSERT INTO Log(CreateDate,City_Name,Rain_Check,Snow_Check,Wind_Deg,Wind_Speed)
I, [2018-04-19T22:58:43.617544 #1444]  INFO -- :    VALUES ('2018-04-19' , 'Ishinomaki','true','true','西','2.22')
I, [2018-04-19T22:58:43.617580 #1444]  INFO -- :   -------------------------------------------------------------------------------------------------
I, [2018-04-19T22:58:43.617614 #1444]  INFO -- :  ログ書き込み処理 正常終了
I, [2018-04-19T22:58:43.617723 #1444]  INFO -- : 天気の記録処理 正常終了
I, [2018-04-19T22:58:43.617754 #1444]  INFO -- : --------------------------------------------------
I, [2018-04-19T22:58:55.854810 #1447]  INFO -- : --------------------------------------------------
I, [2018-04-19T22:58:55.854870 #1447]  INFO -- : 天気の記録処理 開始
I, [2018-04-19T22:58:55.854908 #1447]  INFO -- :  天気取得処理 開始
I, [2018-04-19T22:58:56.032106 #1447]  INFO -- :  天気取得処理 正常終了
I, [2018-04-19T22:58:56.032209 #1447]  INFO -- :  ログ書き込み処理 開始
I, [2018-04-19T22:58:56.040061 #1447]  INFO -- :   実行SQL-------------------------------------------------------------------------------------------
I, [2018-04-19T22:58:56.040155 #1447]  INFO -- :    INSERT INTO Log(CreateDate,City_Name,Rain_Check,Snow_Check,Wind_Deg,Wind_Speed)
I, [2018-04-19T22:58:56.040209 #1447]  INFO -- :    VALUES ('2018-04-19' , 'Ishinomaki','true','true','西','2.22')
I, [2018-04-19T22:58:56.040243 #1447]  INFO -- :   -------------------------------------------------------------------------------------------------
I, [2018-04-19T22:58:56.040280 #1447]  INFO -- :  ログ書き込み処理 正常終了
I, [2018-04-19T22:58:56.040421 #1447]  INFO -- : 天気の記録処理 正常終了
I, [2018-04-19T22:58:56.040476 #1447]  INFO -- : --------------------------------------------------
I, [2018-04-19T23:00:01.355388 #1463]  INFO -- : --------------------------------------------------
I, [2018-04-19T23:00:01.355458 #1463]  INFO -- : 天気の記録処理 開始
I, [2018-04-19T23:00:01.355498 #1463]  INFO -- :  天気取得処理 開始
I, [2018-04-19T23:00:01.536098 #1463]  INFO -- :  天気取得処理 正常終了
I, [2018-04-19T23:00:01.536207 #1463]  INFO -- :  ログ書き込み処理 開始
I, [2018-04-19T23:00:01.543356 #1463]  INFO -- :   実行SQL-------------------------------------------------------------------------------------------
I, [2018-04-19T23:00:01.543429 #1463]  INFO -- :    INSERT INTO Log(CreateDate,City_Name,Rain_Check,Snow_Check,Wind_Deg,Wind_Speed)
I, [2018-04-19T23:00:01.543473 #1463]  INFO -- :    VALUES ('2018-04-19' , 'Ishinomaki','true','true','西','2.22')
I, [2018-04-19T23:00:01.543497 #1463]  INFO -- :   -------------------------------------------------------------------------------------------------
I, [2018-04-19T23:00:01.543527 #1463]  INFO -- :  ログ書き込み処理 正常終了
I, [2018-04-19T23:00:01.543619 #1463]  INFO -- : 天気の記録処理 正常終了
I, [2018-04-19T23:00:01.543651 #1463]  INFO -- : --------------------------------------------------
I, [2018-04-19T23:01:40.150717 #1470]  INFO -- : --------------------------------------------------
I, [2018-04-19T23:01:40.150784 #1470]  INFO -- : 天気の記録処理 開始
I, [2018-04-19T23:01:40.150825 #1470]  INFO -- :  天気取得処理 開始
I, [2018-04-19T23:01:40.327436 #1470]  INFO -- :  天気取得処理 正常終了
I, [2018-04-19T23:01:40.327543 #1470]  INFO -- :  ログ書き込み処理 開始
I, [2018-04-19T23:01:40.334771 #1470]  INFO -- :   実行SQL-------------------------------------------------------------------------------------------
I, [2018-04-19T23:01:40.334846 #1470]  INFO -- :    INSERT INTO Log(CreateDate,City_Name,Rain_Check,Snow_Check,Wind_Deg,Wind_Speed)
I, [2018-04-19T23:01:40.334887 #1470]  INFO -- :    VALUES ('2018-04-19' , 'Ishinomaki','true','true','西','2.22')
I, [2018-04-19T23:01:40.334912 #1470]  INFO -- :   -------------------------------------------------------------------------------------------------
I, [2018-04-19T23:01:40.334941 #1470]  INFO -- :  ログ書き込み処理 正常終了
I, [2018-04-19T23:01:40.335058 #1470]  INFO -- : 天気の記録処理 正常終了
I, [2018-04-19T23:01:40.335093 #1470]  INFO -- : --------------------------------------------------
