# Logfile created on 2018-05-19 09:57:31 +0900 by logger.rb/61378
I, [2018-05-19T09:57:31.380178 #50765]  INFO -- : --------------------------------------------------
I, [2018-05-19T09:57:31.380233 #50765]  INFO -- :   MainProc Start
I, [2018-05-19T09:57:31.380258 #50765]  INFO -- :     weather_main start
I, [2018-05-19T09:57:31.656019 #50765]  INFO -- :     weather_main NormalEnd
I, [2018-05-19T09:57:31.656074 #50765]  INFO -- :     log_update Start
I, [2018-05-19T09:57:31.661579 #50765]  INFO -- :       Execution SQL-------------------------------------------------------------------------------------------
I, [2018-05-19T09:57:31.661651 #50765]  INFO -- :         INSERT INTO Log(CreateDate,City_Name,Rain_Check,Snow_Check,Wind_Deg,Wind_Speed)
I, [2018-05-19T09:57:31.661684 #50765]  INFO -- :         VALUES ('2018-05-19' , 'Ishinomaki','true','true','北東','2.6')
I, [2018-05-19T09:57:31.661702 #50765]  INFO -- :       --------------------------------------------------------------------------------------------------------
I, [2018-05-19T09:57:31.661726 #50765]  INFO -- :     log_update NormalEnd
I, [2018-05-19T09:57:31.661823 #50765]  INFO -- :   MainProc NormalEnd
I, [2018-05-19T09:57:31.661862 #50765]  INFO -- : --------------------------------------------------
I, [2018-05-19T10:14:53.289909 #51001]  INFO -- : --------------------------------------------------
I, [2018-05-19T10:14:53.289981 #51001]  INFO -- :   MainProc Start
I, [2018-05-19T10:14:53.290012 #51001]  INFO -- :     weather_main start
I, [2018-05-19T10:14:53.568004 #51001]  INFO -- :     weather_main NormalEnd
I, [2018-05-19T10:14:53.568098 #51001]  INFO -- :     log_update Start
I, [2018-05-19T10:14:53.576404 #51001]  INFO -- :       Execution SQL-------------------------------------------------------------------------------------------
I, [2018-05-19T10:14:53.576472 #51001]  INFO -- :         INSERT INTO Log(CreateDate,City_Name,Rain_Check,Snow_Check,Wind_Deg,Wind_Speed)
I, [2018-05-19T10:14:53.576510 #51001]  INFO -- :         VALUES ('2018-05-19' , 'Ishinomaki','true','true','北東','2.6')
I, [2018-05-19T10:14:53.576535 #51001]  INFO -- :       --------------------------------------------------------------------------------------------------------
I, [2018-05-19T10:14:53.576568 #51001]  INFO -- :     log_update NormalEnd
I, [2018-05-19T10:14:53.576656 #51001]  INFO -- :   MainProc NormalEnd
I, [2018-05-19T10:14:53.576685 #51001]  INFO -- : --------------------------------------------------
I, [2018-05-19T10:43:03.174480 #52839]  INFO -- : --------------------------------------------------
I, [2018-05-19T10:43:03.174554 #52839]  INFO -- :   MainProc Start
I, [2018-05-19T10:43:03.174581 #52839]  INFO -- :     weather_main start
I, [2018-05-19T10:43:03.472177 #52839]  INFO -- :     weather_main NormalEnd
I, [2018-05-19T10:43:03.472277 #52839]  INFO -- :     log_update Start
I, [2018-05-19T10:43:03.478100 #52839]  INFO -- :       Execution SQL-------------------------------------------------------------------------------------------
I, [2018-05-19T10:43:03.478187 #52839]  INFO -- :         INSERT INTO Log(CreateDate,City_Name,Rain_Check,Snow_Check,Wind_Deg,Wind_Speed)
I, [2018-05-19T10:43:03.478229 #52839]  INFO -- :         VALUES ('2018-05-19' , 'Ishinomaki','true','true','東','3.6')
I, [2018-05-19T10:43:03.478255 #52839]  INFO -- :       --------------------------------------------------------------------------------------------------------
I, [2018-05-19T10:43:03.478292 #52839]  INFO -- :     log_update NormalEnd
I, [2018-05-19T10:43:03.478437 #52839]  INFO -- :   MainProc NormalEnd
I, [2018-05-19T10:43:03.478485 #52839]  INFO -- : --------------------------------------------------
I, [2018-05-19T11:08:35.594363 #52994]  INFO -- : --------------------------------------------------
I, [2018-05-19T11:08:35.594438 #52994]  INFO -- :   MainProc Start
I, [2018-05-19T11:08:35.594468 #52994]  INFO -- :     weather_main start
I, [2018-05-19T11:08:35.892626 #52994]  INFO -- :     weather_main NormalEnd
I, [2018-05-19T11:08:35.892720 #52994]  INFO -- :     log_update Start
I, [2018-05-19T11:08:35.901491 #52994]  INFO -- :       Execution SQL-------------------------------------------------------------------------------------------
I, [2018-05-19T11:08:35.901558 #52994]  INFO -- :         INSERT INTO Log(CreateDate,City_Name,Rain_Check,Snow_Check,Wind_Deg,Wind_Speed)
I, [2018-05-19T11:08:35.901602 #52994]  INFO -- :         VALUES ('2018-05-19' , 'Ishinomaki','true','true','東','3.6')
I, [2018-05-19T11:08:35.901629 #52994]  INFO -- :       --------------------------------------------------------------------------------------------------------
I, [2018-05-19T11:08:35.901663 #52994]  INFO -- :     log_update NormalEnd
I, [2018-05-19T11:08:35.901767 #52994]  INFO -- :   MainProc NormalEnd
I, [2018-05-19T11:08:35.901799 #52994]  INFO -- : --------------------------------------------------
I, [2018-05-19T11:22:45.547571 #53118]  INFO -- : --------------------------------------------------
I, [2018-05-19T11:22:45.547635 #53118]  INFO -- :   MainProc Start
I, [2018-05-19T11:22:45.547659 #53118]  INFO -- :     weather_main start
I, [2018-05-19T11:22:45.817311 #53118]  INFO -- :     weather_main NormalEnd
I, [2018-05-19T11:22:45.817409 #53118]  INFO -- :     log_update Start
I, [2018-05-19T11:22:45.825688 #53118]  INFO -- :       Execution SQL-------------------------------------------------------------------------------------------
I, [2018-05-19T11:22:45.825759 #53118]  INFO -- :         INSERT INTO Log(CreateDate,City_Name,Rain_Check,Snow_Check,Wind_Deg,Wind_Speed)
I, [2018-05-19T11:22:45.825797 #53118]  INFO -- :         VALUES ('2018-05-19' , 'Ishinomaki','true','true','東','3.6')
I, [2018-05-19T11:22:45.825822 #53118]  INFO -- :       --------------------------------------------------------------------------------------------------------
I, [2018-05-19T11:22:45.825855 #53118]  INFO -- :     log_update NormalEnd
I, [2018-05-19T11:22:45.825944 #53118]  INFO -- :   MainProc NormalEnd
I, [2018-05-19T11:22:45.825972 #53118]  INFO -- : --------------------------------------------------
I, [2018-05-19T13:20:57.841992 #54591]  INFO -- : --------------------------------------------------
I, [2018-05-19T13:20:57.842345 #54591]  INFO -- :   Train delay notification processing Start
I, [2018-05-19T13:20:57.843480 #54591]  INFO -- :     notification_get　Start
I, [2018-05-19T13:20:57.843519 #54591]  INFO -- :       実行SQL----------------------------------------
I, [2018-05-19T13:20:57.843542 #54591]  INFO -- :         SELECT ROUND(AVG(wind_speed),2) FROM Log;
I, [2018-05-19T13:20:57.843561 #54591]  INFO -- :       -----------------------------------------------
I, [2018-05-19T13:20:57.843642 #54591]  INFO -- :     notification_get　NormalEnd
I, [2018-05-19T13:20:57.843683 #54591]  INFO -- :     evaluation_insert Start
I, [2018-05-19T13:20:57.843705 #54591]  INFO -- :       実行SQL----------------------------------------
I, [2018-05-19T13:20:57.843755 #54591]  INFO -- :         INSERT INTO evaluation (Wind_Avg,Create_Date) VALUES(4.2,'2018-05-19');
I, [2018-05-19T13:20:57.843775 #54591]  INFO -- :       -----------------------------------------------
I, [2018-05-19T13:20:57.844754 #54591]  INFO -- :       実行SQL----------------------------------------
I, [2018-05-19T13:20:57.844800 #54591]  INFO -- :         SELECT changes();
I, [2018-05-19T13:20:57.844821 #54591]  INFO -- :       -----------------------------------------------
I, [2018-05-19T13:20:57.844889 #54591]  INFO -- :     evaluation_insert NormalEnd
I, [2018-05-19T13:20:57.844920 #54591]  INFO -- :     evaluation_latest Start
I, [2018-05-19T13:20:57.844949 #54591]  INFO -- :       実行SQL----------------------------------------
I, [2018-05-19T13:20:57.844969 #54591]  INFO -- :         SELECT MAX(id),wind_avg FROM evaluation;
I, [2018-05-19T13:20:57.844987 #54591]  INFO -- :       -----------------------------------------------
I, [2018-05-19T13:20:57.845084 #54591]  INFO -- :     evaluation_latest NormalEnd
I, [2018-05-19T13:20:57.845113 #54591]  INFO -- :     evaluation_decision Start
I, [2018-05-19T13:20:57.845140 #54591]  INFO -- :     weather_prediction Start
I, [2018-05-19T13:20:58.211082 #54591]  INFO -- :     evaluation_decision NormalEnd
I, [2018-05-19T13:20:58.211189 #54591]  INFO -- :     notification_dalay Start
I, [2018-05-19T13:20:58.419445 #54591]  INFO -- :     notification_dalay NormalEnd
I, [2018-05-19T13:20:58.419682 #54591]  INFO -- :   Train delay notification processing NormalEnd
I, [2018-05-19T13:20:58.419810 #54591]  INFO -- : --------------------------------------------------
I, [2018-05-19T14:16:48.062412 #55738]  INFO -- : --------------------------------------------------
I, [2018-05-19T14:16:48.062489 #55738]  INFO -- :   MainProc Start
I, [2018-05-19T14:16:48.062516 #55738]  INFO -- :     weather_main start
I, [2018-05-19T14:16:48.357070 #55738]  INFO -- :     weather_main NormalEnd
I, [2018-05-19T14:16:48.357173 #55738]  INFO -- :     log_update Start
I, [2018-05-19T14:16:48.366868 #55738]  INFO -- :       Execution SQL-------------------------------------------------------------------------------------------
I, [2018-05-19T14:16:48.366940 #55738]  INFO -- :         INSERT INTO Log(CreateDate,City_Name,Rain_Check,Snow_Check,Wind_Deg,Wind_Speed)
I, [2018-05-19T14:16:48.366983 #55738]  INFO -- :         VALUES ('2018-05-19' , 'Ishinomaki','true','true','東','4.1')
I, [2018-05-19T14:16:48.367012 #55738]  INFO -- :       --------------------------------------------------------------------------------------------------------
I, [2018-05-19T14:16:48.367066 #55738]  INFO -- :     log_update NormalEnd
I, [2018-05-19T14:16:48.367176 #55738]  INFO -- :   MainProc NormalEnd
I, [2018-05-19T14:16:48.367211 #55738]  INFO -- : --------------------------------------------------
I, [2018-05-19T14:16:53.078533 #55751]  INFO -- : --------------------------------------------------
I, [2018-05-19T14:16:53.078605 #55751]  INFO -- :   Train delay notification processing Start
I, [2018-05-19T14:16:53.079645 #55751]  INFO -- :     notification_get　Start
I, [2018-05-19T14:16:53.079699 #55751]  INFO -- :       実行SQL----------------------------------------
I, [2018-05-19T14:16:53.079720 #55751]  INFO -- :         SELECT ROUND(AVG(wind_speed),2) FROM Log;
I, [2018-05-19T14:16:53.079738 #55751]  INFO -- :       -----------------------------------------------
I, [2018-05-19T14:16:53.079813 #55751]  INFO -- :     notification_get　NormalEnd
I, [2018-05-19T14:16:53.079852 #55751]  INFO -- :     evaluation_insert Start
I, [2018-05-19T14:16:53.079872 #55751]  INFO -- :       実行SQL----------------------------------------
I, [2018-05-19T14:16:53.079889 #55751]  INFO -- :         INSERT INTO evaluation (Wind_Avg,Create_Date) VALUES(4.2,'2018-05-19');
I, [2018-05-19T14:16:53.079906 #55751]  INFO -- :       -----------------------------------------------
I, [2018-05-19T14:16:53.086224 #55751]  INFO -- :       実行SQL----------------------------------------
I, [2018-05-19T14:16:53.086279 #55751]  INFO -- :         SELECT changes();
I, [2018-05-19T14:16:53.086305 #55751]  INFO -- :       -----------------------------------------------
I, [2018-05-19T14:16:53.086399 #55751]  INFO -- :     evaluation_insert NormalEnd
I, [2018-05-19T14:16:53.086429 #55751]  INFO -- :     evaluation_latest Start
I, [2018-05-19T14:16:53.086454 #55751]  INFO -- :       実行SQL----------------------------------------
I, [2018-05-19T14:16:53.086475 #55751]  INFO -- :         SELECT MAX(id),wind_avg FROM evaluation;
I, [2018-05-19T14:16:53.086495 #55751]  INFO -- :       -----------------------------------------------
I, [2018-05-19T14:16:53.086601 #55751]  INFO -- :     evaluation_latest NormalEnd
I, [2018-05-19T14:16:53.086633 #55751]  INFO -- :     evaluation_decision Start
I, [2018-05-19T14:16:53.086655 #55751]  INFO -- :     weather_prediction Start
I, [2018-05-19T14:16:53.613801 #55751]  INFO -- :     evaluation_decision NormalEnd
I, [2018-05-19T14:16:53.613897 #55751]  INFO -- :     notification_dalay Start
I, [2018-05-19T14:16:53.865456 #55751]  INFO -- :     notification_dalay NormalEnd
I, [2018-05-19T14:16:53.865696 #55751]  INFO -- :   Train delay notification processing NormalEnd
I, [2018-05-19T14:16:53.865843 #55751]  INFO -- : --------------------------------------------------
