# Logfile created on 2018-04-15 18:16:44 +0900 by logger.rb/56438
I, [2018-04-15T18:16:44.463663 #54405]  INFO -- : --------------------------------------------------
I, [2018-04-15T18:16:44.463737 #54405]  INFO -- : 処理を開始します
I, [2018-04-15T18:16:44.463788 #54405]  INFO -- :  天気取得処理 開始
I, [2018-04-15T18:16:44.856405 #54405]  INFO -- :  天気取得処理 正常終了
I, [2018-04-15T18:16:44.856528 #54405]  INFO -- :  ログ書き込み処理 開始
I, [2018-04-15T18:16:44.865607 #54405]  INFO -- :   実行SQL-------------------------------------------------------------------------------------------
I, [2018-04-15T18:16:44.865702 #54405]  INFO -- :    INSERT INTO Log(CreateDate,City_Name,Rain_Check,Snow_Check,Wind_Deg,Wind_Speed)
I, [2018-04-15T18:16:44.865755 #54405]  INFO -- :    VALUES ('2018-04-15' , 'Ishinomaki','true','true','北西','5.1')
I, [2018-04-15T18:16:44.865822 #54405]  INFO -- :   -------------------------------------------------------------------------------------------------
I, [2018-04-15T18:16:44.865861 #54405]  INFO -- :  ログ書き込み処理 正常終了
I, [2018-04-15T18:16:44.865998 #54405]  INFO -- : 処理を終了します
I, [2018-04-15T18:16:44.866042 #54405]  INFO -- : --------------------------------------------------
I, [2018-04-15T18:21:19.554631 #54420]  INFO -- : --------------------------------------------------
I, [2018-04-15T18:21:19.554708 #54420]  INFO -- : 処理を開始します
I, [2018-04-15T18:21:19.554746 #54420]  INFO -- :  天気取得処理 開始
I, [2018-04-15T18:21:19.930731 #54420]  INFO -- :  天気取得処理 正常終了
I, [2018-04-15T18:21:19.930831 #54420]  INFO -- :  ログ書き込み処理 開始
I, [2018-04-15T18:21:19.938760 #54420]  INFO -- :   実行SQL-------------------------------------------------------------------------------------------
I, [2018-04-15T18:21:19.938884 #54420]  INFO -- :    INSERT INTO Log(CreateDate,City_Name,Rain_Check,Snow_Check,Wind_Deg,Wind_Speed)
I, [2018-04-15T18:21:19.938967 #54420]  INFO -- :    VALUES ('2018-04-15' , 'Ishinomaki','true','true','北西','5.1')
I, [2018-04-15T18:21:19.939024 #54420]  INFO -- :   -------------------------------------------------------------------------------------------------
I, [2018-04-15T18:21:19.939064 #54420]  INFO -- :  ログ書き込み処理 正常終了
I, [2018-04-15T18:21:19.939192 #54420]  INFO -- : 処理を終了します
I, [2018-04-15T18:21:19.939241 #54420]  INFO -- : --------------------------------------------------
I, [2018-04-15T19:48:19.708952 #54487]  INFO -- : JR遅延の予測処理を開始します
I, [2018-04-15T19:48:19.709029 #54487]  INFO -- :  平均の風速取得処理を開始します
I, [2018-04-15T19:48:19.712194 #54487]  INFO -- : JR遅延の予測処理を開始します
I, [2018-04-15T19:51:05.424914 #54494]  INFO -- : --------------------------------------------------
I, [2018-04-15T19:51:05.424967 #54494]  INFO -- : JR遅延の予測処理を開始します
I, [2018-04-15T19:51:05.424989 #54494]  INFO -- :  平均の風速取得処理を開始します
I, [2018-04-15T19:51:05.425912 #54494]  INFO -- : JR遅延の予測処理を開始します
I, [2018-04-15T19:51:05.425945 #54494]  INFO -- : --------------------------------------------------
I, [2018-04-15T19:52:43.568820 #54495]  INFO -- : --------------------------------------------------
I, [2018-04-15T19:52:43.568889 #54495]  INFO -- : JR遅延の予測処理を開始します
I, [2018-04-15T19:52:43.568919 #54495]  INFO -- :  平均の風速取得処理　開始
I, [2018-04-15T19:52:43.570047 #54495]  INFO -- :  平均の風速取得処理　正常終了
I, [2018-04-15T19:52:43.570122 #54495]  INFO -- : JR遅延の予測処理を開始します
I, [2018-04-15T19:52:43.570150 #54495]  INFO -- : --------------------------------------------------
I, [2018-04-15T19:53:12.577416 #54497]  INFO -- : --------------------------------------------------
I, [2018-04-15T19:53:12.577478 #54497]  INFO -- : 天気の記録処理を開始します
I, [2018-04-15T19:53:12.577519 #54497]  INFO -- :  天気取得処理 開始
I, [2018-04-15T19:53:12.957430 #54497]  INFO -- :  天気取得処理 正常終了
I, [2018-04-15T19:53:12.957563 #54497]  INFO -- :  ログ書き込み処理 開始
I, [2018-04-15T19:53:12.965869 #54497]  INFO -- :   実行SQL-------------------------------------------------------------------------------------------
I, [2018-04-15T19:53:12.965996 #54497]  INFO -- :    INSERT INTO Log(CreateDate,City_Name,Rain_Check,Snow_Check,Wind_Deg,Wind_Speed)
I, [2018-04-15T19:53:12.966071 #54497]  INFO -- :    VALUES ('2018-04-15' , 'Ishinomaki','true','true','北西','8.7')
I, [2018-04-15T19:53:12.966136 #54497]  INFO -- :   -------------------------------------------------------------------------------------------------
I, [2018-04-15T19:53:12.966178 #54497]  INFO -- :  ログ書き込み処理 正常終了
I, [2018-04-15T19:53:12.966363 #54497]  INFO -- : 天気の記録処理を開始します
I, [2018-04-15T19:53:12.966429 #54497]  INFO -- : --------------------------------------------------
I, [2018-04-15T20:04:45.339260 #54512]  INFO -- : --------------------------------------------------
I, [2018-04-15T20:04:45.339328 #54512]  INFO -- : 天気の記録処理 開始
I, [2018-04-15T20:04:45.339372 #54512]  INFO -- :  天気取得処理 開始
I, [2018-04-15T20:04:45.705443 #54512]  INFO -- :  天気取得処理 正常終了
I, [2018-04-15T20:04:45.705549 #54512]  INFO -- :  ログ書き込み処理 開始
I, [2018-04-15T20:04:45.713528 #54512]  INFO -- :   実行SQL-------------------------------------------------------------------------------------------
I, [2018-04-15T20:04:45.713675 #54512]  INFO -- :    INSERT INTO Log(CreateDate,City_Name,Rain_Check,Snow_Check,Wind_Deg,Wind_Speed)
I, [2018-04-15T20:04:45.713783 #54512]  INFO -- :    VALUES ('2018-04-15' , 'Ishinomaki','true','true','北西','8.7')
I, [2018-04-15T20:04:45.713865 #54512]  INFO -- :   -------------------------------------------------------------------------------------------------
I, [2018-04-15T20:04:45.713982 #54512]  INFO -- :  ログ書き込み処理 正常終了
I, [2018-04-15T20:04:45.714174 #54512]  INFO -- : 天気の記録処理 正常終了
I, [2018-04-15T20:04:45.714240 #54512]  INFO -- : --------------------------------------------------
I, [2018-04-15T20:04:52.514076 #54513]  INFO -- : --------------------------------------------------
I, [2018-04-15T20:04:52.514144 #54513]  INFO -- : JR遅延の予測処理 開始
I, [2018-04-15T20:04:52.514173 #54513]  INFO -- :  平均の風速取得処理　開始
I, [2018-04-15T20:04:52.515318 #54513]  INFO -- :  平均の風速取得処理　正常終了
I, [2018-04-15T20:04:52.515404 #54513]  INFO -- : JR遅延の予測処理 終了
I, [2018-04-15T20:04:52.515437 #54513]  INFO -- : --------------------------------------------------
I, [2018-04-15T20:05:52.870577 #54518]  INFO -- : --------------------------------------------------
I, [2018-04-15T20:05:52.870632 #54518]  INFO -- : JR遅延の予測処理 開始
I, [2018-04-15T20:05:52.870656 #54518]  INFO -- :  平均の風速取得処理　開始
I, [2018-04-15T20:05:52.871706 #54518]  INFO -- :  平均の風速取得処理　正常終了
I, [2018-04-15T20:05:52.871777 #54518]  INFO -- : JR遅延の予測処理 終了
I, [2018-04-15T20:05:52.871803 #54518]  INFO -- : --------------------------------------------------
I, [2018-04-15T20:05:58.044082 #54519]  INFO -- : --------------------------------------------------
I, [2018-04-15T20:05:58.044137 #54519]  INFO -- : JR遅延の予測処理 開始
I, [2018-04-15T20:05:58.044162 #54519]  INFO -- :  平均の風速取得処理　開始
I, [2018-04-15T20:05:58.045108 #54519]  INFO -- :  平均の風速取得処理　正常終了
I, [2018-04-15T20:05:58.045181 #54519]  INFO -- : JR遅延の予測処理 終了
I, [2018-04-15T20:05:58.045208 #54519]  INFO -- : --------------------------------------------------
I, [2018-04-15T20:06:13.863700 #54520]  INFO -- : --------------------------------------------------
I, [2018-04-15T20:06:13.863766 #54520]  INFO -- : JR遅延の予測処理 開始
I, [2018-04-15T20:06:13.863807 #54520]  INFO -- :  平均の風速取得処理　開始
I, [2018-04-15T20:06:13.864802 #54520]  INFO -- :  平均の風速取得処理　正常終了
E, [2018-04-15T20:06:13.864871 #54520] ERROR -- :  平均の風速取得処理でエラーが発生したため、処理を終了します
I, [2018-04-15T20:06:13.864897 #54520]  INFO -- : --------------------------------------------------
I, [2018-04-15T20:06:13.864956 #54520]  INFO -- : JR遅延の予測処理 終了
I, [2018-04-15T20:06:13.864971 #54520]  INFO -- : --------------------------------------------------
I, [2018-04-15T20:06:42.862074 #54521]  INFO -- : --------------------------------------------------
I, [2018-04-15T20:06:42.862135 #54521]  INFO -- : JR遅延の予測処理 開始
I, [2018-04-15T20:06:42.862161 #54521]  INFO -- :  平均の風速取得処理　開始
I, [2018-04-15T20:06:42.863159 #54521]  INFO -- :  平均の風速取得処理　正常終了
I, [2018-04-15T20:06:42.863236 #54521]  INFO -- : JR遅延の予測処理 終了
I, [2018-04-15T20:06:42.863264 #54521]  INFO -- : --------------------------------------------------
I, [2018-04-15T20:07:12.733524 #54522]  INFO -- : --------------------------------------------------
I, [2018-04-15T20:07:12.733579 #54522]  INFO -- : JR遅延の予測処理 開始
I, [2018-04-15T20:07:12.733602 #54522]  INFO -- :  平均の風速取得処理　開始
I, [2018-04-15T20:07:12.734592 #54522]  INFO -- :  平均の風速取得処理　正常終了
E, [2018-04-15T20:07:12.734664 #54522] ERROR -- :  平均の風速取得処理でエラーが発生したため、処理を終了します
I, [2018-04-15T20:07:12.734691 #54522]  INFO -- : --------------------------------------------------
I, [2018-04-15T20:07:12.734751 #54522]  INFO -- : JR遅延の予測処理 終了
I, [2018-04-15T20:07:12.734789 #54522]  INFO -- : --------------------------------------------------
I, [2018-04-15T20:07:29.764880 #54523]  INFO -- : --------------------------------------------------
I, [2018-04-15T20:07:29.764936 #54523]  INFO -- : JR遅延の予測処理 開始
I, [2018-04-15T20:07:29.764959 #54523]  INFO -- :  平均の風速取得処理　開始
I, [2018-04-15T20:07:29.766044 #54523]  INFO -- :  平均の風速取得処理　正常終了
E, [2018-04-15T20:07:29.766115 #54523] ERROR -- :  平均の風速取得処理でエラーが発生したため、処理を終了します
I, [2018-04-15T20:07:29.766169 #54523]  INFO -- : --------------------------------------------------
I, [2018-04-15T20:07:40.457917 #54524]  INFO -- : --------------------------------------------------
I, [2018-04-15T20:07:40.457972 #54524]  INFO -- : JR遅延の予測処理 開始
I, [2018-04-15T20:07:40.457996 #54524]  INFO -- :  平均の風速取得処理　開始
I, [2018-04-15T20:07:40.459007 #54524]  INFO -- :  平均の風速取得処理　正常終了
E, [2018-04-15T20:07:40.459077 #54524] ERROR -- : 平均の風速取得処理でエラーが発生したため、処理を終了します
I, [2018-04-15T20:07:40.459104 #54524]  INFO -- : --------------------------------------------------
I, [2018-04-15T20:08:05.569602 #54525]  INFO -- : --------------------------------------------------
I, [2018-04-15T20:08:05.569660 #54525]  INFO -- : JR遅延の予測処理 開始
I, [2018-04-15T20:08:05.569684 #54525]  INFO -- :  平均の風速取得処理　開始
I, [2018-04-15T20:08:05.570689 #54525]  INFO -- :  平均の風速取得処理　正常終了
I, [2018-04-15T20:08:05.570758 #54525]  INFO -- : JR遅延の予測処理 終了
I, [2018-04-15T20:08:05.570825 #54525]  INFO -- : --------------------------------------------------
I, [2018-04-15T20:08:42.378838 #54527]  INFO -- : --------------------------------------------------
I, [2018-04-15T20:08:42.378900 #54527]  INFO -- : 天気の記録処理 開始
I, [2018-04-15T20:08:42.378940 #54527]  INFO -- :  天気取得処理 開始
I, [2018-04-15T20:08:42.731979 #54527]  INFO -- :  天気取得処理 正常終了
I, [2018-04-15T20:08:42.732115 #54527]  INFO -- :  ログ書き込み処理 開始
I, [2018-04-15T20:08:42.739723 #54527]  INFO -- :   実行SQL-------------------------------------------------------------------------------------------
I, [2018-04-15T20:08:42.739846 #54527]  INFO -- :    INSERT INTO Log(CreateDate,City_Name,Rain_Check,Snow_Check,Wind_Deg,Wind_Speed)
I, [2018-04-15T20:08:42.739901 #54527]  INFO -- :    VALUES ('2018-04-15' , 'Ishinomaki','true','true','北西','8.7')
I, [2018-04-15T20:08:42.739938 #54527]  INFO -- :   -------------------------------------------------------------------------------------------------
I, [2018-04-15T20:08:42.739976 #54527]  INFO -- :  ログ書き込み処理 正常終了
I, [2018-04-15T20:08:42.740117 #54527]  INFO -- : 天気の記録処理 正常終了
I, [2018-04-15T20:08:42.740170 #54527]  INFO -- : --------------------------------------------------
I, [2018-04-15T21:21:50.534941 #54720]  INFO -- : --------------------------------------------------
I, [2018-04-15T21:21:50.535005 #54720]  INFO -- : JR遅延の予測処理 開始
I, [2018-04-15T21:22:37.590078 #54721]  INFO -- : --------------------------------------------------
I, [2018-04-15T21:22:37.590135 #54721]  INFO -- : JR遅延の予測処理 開始
I, [2018-04-15T21:22:37.590159 #54721]  INFO -- :  平均の風速取得処理　開始
I, [2018-04-15T21:22:37.599214 #54721]  INFO -- :  平均の風速取得処理　正常終了
I, [2018-04-15T21:22:51.470963 #54722]  INFO -- : --------------------------------------------------
I, [2018-04-15T21:22:51.471021 #54722]  INFO -- : JR遅延の予測処理 開始
I, [2018-04-15T21:22:51.471047 #54722]  INFO -- :  平均の風速取得処理　開始
I, [2018-04-15T21:22:51.472005 #54722]  INFO -- :  平均の風速取得処理　正常終了
I, [2018-04-15T21:22:51.472080 #54722]  INFO -- : JR遅延の予測処理 終了
I, [2018-04-15T21:22:51.472108 #54722]  INFO -- : --------------------------------------------------
I, [2018-04-15T21:23:18.401196 #54723]  INFO -- : --------------------------------------------------
I, [2018-04-15T21:23:18.401254 #54723]  INFO -- : JR遅延の予測処理 開始
I, [2018-04-15T21:23:18.401282 #54723]  INFO -- :  平均の風速取得処理　開始
I, [2018-04-15T21:23:18.402238 #54723]  INFO -- :  平均の風速取得処理　正常終了
I, [2018-04-15T21:23:18.402331 #54723]  INFO -- : JR遅延の予測処理 終了
I, [2018-04-15T21:23:18.402359 #54723]  INFO -- : --------------------------------------------------
I, [2018-04-15T21:29:12.139684 #54729]  INFO -- : --------------------------------------------------
I, [2018-04-15T21:29:12.139749 #54729]  INFO -- : JR遅延の予測処理 開始
I, [2018-04-15T21:29:12.139773 #54729]  INFO -- :  平均の風速取得処理　開始
I, [2018-04-15T21:29:12.140923 #54729]  INFO -- :  平均の風速取得処理　正常終了
I, [2018-04-15T21:29:12.141015 #54729]  INFO -- : JR遅延の予測処理 終了
I, [2018-04-15T21:29:12.141111 #54729]  INFO -- : --------------------------------------------------
I, [2018-04-15T22:17:36.061275 #54810]  INFO -- : --------------------------------------------------
I, [2018-04-15T22:17:36.061780 #54810]  INFO -- : JR遅延の予測処理 開始
I, [2018-04-15T22:17:36.061838 #54810]  INFO -- :  平均の風速取得処理　開始
I, [2018-04-15T22:17:36.064313 #54810]  INFO -- :  平均の風速取得処理　正常終了
I, [2018-04-15T22:17:36.064477 #54810]  INFO -- :  平均値更新処理 開始
E, [2018-04-15T22:17:36.064694 #54810] ERROR -- :  平均の風速取得処理 異常終了
I, [2018-04-15T22:18:41.868361 #54811]  INFO -- : --------------------------------------------------
I, [2018-04-15T22:18:41.868417 #54811]  INFO -- : JR遅延の予測処理 開始
I, [2018-04-15T22:18:41.868441 #54811]  INFO -- :  平均の風速取得処理　開始
I, [2018-04-15T22:18:41.869459 #54811]  INFO -- :  平均の風速取得処理　正常終了
I, [2018-04-15T22:18:41.869531 #54811]  INFO -- :  平均値更新処理 開始
E, [2018-04-15T22:18:41.869796 #54811] ERROR -- :  平均の風速取得処理 異常終了
I, [2018-04-15T22:19:47.950537 #54812]  INFO -- : --------------------------------------------------
I, [2018-04-15T22:19:48.943504 #54812]  INFO -- : JR遅延の予測処理 開始
I, [2018-04-15T22:19:51.598388 #54812]  INFO -- :  平均の風速取得処理　開始
I, [2018-04-15T22:19:51.600639 #54812]  INFO -- :  平均の風速取得処理　正常終了
I, [2018-04-15T22:20:10.320991 #54812]  INFO -- :  平均値更新処理 開始
E, [2018-04-15T22:21:00.633413 #54812] ERROR -- :  平均の風速取得処理 異常終了
I, [2018-04-15T22:21:05.281721 #54816]  INFO -- : --------------------------------------------------
I, [2018-04-15T22:21:05.281778 #54816]  INFO -- : JR遅延の予測処理 開始
I, [2018-04-15T22:21:05.281802 #54816]  INFO -- :  平均の風速取得処理　開始
I, [2018-04-15T22:21:05.282789 #54816]  INFO -- :  平均の風速取得処理　正常終了
I, [2018-04-15T22:21:05.282881 #54816]  INFO -- :  平均値更新処理 開始
E, [2018-04-15T22:21:05.283140 #54816] ERROR -- :  平均の風速取得処理 異常終了
I, [2018-04-15T22:22:26.940744 #54817]  INFO -- : --------------------------------------------------
I, [2018-04-15T22:22:26.940805 #54817]  INFO -- : JR遅延の予測処理 開始
I, [2018-04-15T22:22:26.940831 #54817]  INFO -- :  平均の風速取得処理　開始
I, [2018-04-15T22:22:26.941821 #54817]  INFO -- :  平均の風速取得処理　正常終了
I, [2018-04-15T22:22:26.941921 #54817]  INFO -- :  平均値更新処理 開始
I, [2018-04-15T22:22:26.948785 #54817]  INFO -- :  平均値更新処理 開始
I, [2018-04-15T22:22:26.948951 #54817]  INFO -- : JR遅延の予測処理 終了
I, [2018-04-15T22:22:26.949006 #54817]  INFO -- : --------------------------------------------------
I, [2018-04-15T22:22:39.839261 #54818]  INFO -- : --------------------------------------------------
I, [2018-04-15T22:22:39.839315 #54818]  INFO -- : JR遅延の予測処理 開始
I, [2018-04-15T22:22:39.839340 #54818]  INFO -- :  平均の風速取得処理　開始
I, [2018-04-15T22:22:39.840328 #54818]  INFO -- :  平均の風速取得処理　正常終了
I, [2018-04-15T22:22:39.840423 #54818]  INFO -- :  平均値更新処理 開始
I, [2018-04-15T22:22:39.847288 #54818]  INFO -- :  平均値更新処理 開始
I, [2018-04-15T22:22:39.847448 #54818]  INFO -- : JR遅延の予測処理 終了
I, [2018-04-15T22:22:39.847504 #54818]  INFO -- : --------------------------------------------------
I, [2018-04-15T22:23:44.452194 #54819]  INFO -- : --------------------------------------------------
I, [2018-04-15T22:23:44.452249 #54819]  INFO -- : JR遅延の予測処理 開始
I, [2018-04-15T22:23:44.452277 #54819]  INFO -- :  平均の風速取得処理　開始
I, [2018-04-15T22:23:44.453281 #54819]  INFO -- :  平均の風速取得処理　正常終了
E, [2018-04-15T22:23:44.453364 #54819] ERROR -- :  平均の風速取得処理 異常終了
I, [2018-04-15T22:23:52.346473 #54820]  INFO -- : --------------------------------------------------
I, [2018-04-15T22:23:52.346528 #54820]  INFO -- : JR遅延の予測処理 開始
I, [2018-04-15T22:23:52.346552 #54820]  INFO -- :  平均の風速取得処理　開始
I, [2018-04-15T22:23:52.347602 #54820]  INFO -- :  平均の風速取得処理　正常終了
E, [2018-04-15T22:23:52.347683 #54820] ERROR -- :  平均の風速取得処理 異常終了
I, [2018-04-15T22:24:07.391491 #54821]  INFO -- : --------------------------------------------------
I, [2018-04-15T22:24:07.391547 #54821]  INFO -- : JR遅延の予測処理 開始
I, [2018-04-15T22:24:07.391572 #54821]  INFO -- :  平均の風速取得処理　開始
I, [2018-04-15T22:24:07.392622 #54821]  INFO -- :  平均の風速取得処理　正常終了
I, [2018-04-15T22:24:07.392717 #54821]  INFO -- :  平均値更新処理 開始
I, [2018-04-15T22:24:07.399857 #54821]  INFO -- :  平均値更新処理 開始
I, [2018-04-15T22:24:07.400038 #54821]  INFO -- : JR遅延の予測処理 終了
I, [2018-04-15T22:24:07.400107 #54821]  INFO -- : --------------------------------------------------
I, [2018-04-15T22:24:25.545799 #54822]  INFO -- : --------------------------------------------------
I, [2018-04-15T22:24:25.545896 #54822]  INFO -- : JR遅延の予測処理 開始
I, [2018-04-15T22:24:25.545927 #54822]  INFO -- :  平均の風速取得処理　開始
I, [2018-04-15T22:24:25.547123 #54822]  INFO -- :  平均の風速取得処理　正常終了
I, [2018-04-15T22:24:25.547321 #54822]  INFO -- :  平均値更新処理 開始
E, [2018-04-15T22:24:25.547554 #54822] ERROR -- :  平均の風速取得処理 異常終了
I, [2018-04-15T22:24:32.468141 #54823]  INFO -- : --------------------------------------------------
I, [2018-04-15T22:24:32.468197 #54823]  INFO -- : JR遅延の予測処理 開始
I, [2018-04-15T22:24:32.468221 #54823]  INFO -- :  平均の風速取得処理　開始
I, [2018-04-15T22:24:32.469304 #54823]  INFO -- :  平均の風速取得処理　正常終了
I, [2018-04-15T22:24:32.469398 #54823]  INFO -- :  平均値更新処理 開始
E, [2018-04-15T22:24:32.469666 #54823] ERROR -- :  平均の風速取得処理 異常終了
I, [2018-04-15T22:24:38.153414 #54824]  INFO -- : --------------------------------------------------
I, [2018-04-15T22:24:38.153471 #54824]  INFO -- : JR遅延の予測処理 開始
I, [2018-04-15T22:24:38.153496 #54824]  INFO -- :  平均の風速取得処理　開始
I, [2018-04-15T22:24:38.154616 #54824]  INFO -- :  平均の風速取得処理　正常終了
I, [2018-04-15T22:24:38.154688 #54824]  INFO -- :  平均値更新処理 開始
E, [2018-04-15T22:24:38.154944 #54824] ERROR -- :  平均の風速取得処理 異常終了
I, [2018-04-15T22:30:00.955123 #54833]  INFO -- : --------------------------------------------------
I, [2018-04-15T22:30:00.955183 #54833]  INFO -- : JR遅延の予測処理 開始
I, [2018-04-15T22:30:00.955208 #54833]  INFO -- :  平均の風速取得処理　開始
I, [2018-04-15T22:30:00.956396 #54833]  INFO -- :  平均の風速取得処理　正常終了
I, [2018-04-15T22:30:00.956467 #54833]  INFO -- :  平均値更新処理 開始
E, [2018-04-15T22:30:00.956703 #54833] ERROR -- :  平均の風速取得処理 異常終了
I, [2018-04-15T22:31:08.193356 #54834]  INFO -- : --------------------------------------------------
I, [2018-04-15T22:31:08.193413 #54834]  INFO -- : JR遅延の予測処理 開始
I, [2018-04-15T22:31:08.193437 #54834]  INFO -- :  平均の風速取得処理　開始
I, [2018-04-15T22:31:08.194608 #54834]  INFO -- :  平均の風速取得処理　正常終了
I, [2018-04-15T22:31:08.194681 #54834]  INFO -- :  平均値更新処理 開始
E, [2018-04-15T22:31:08.194935 #54834] ERROR -- :  平均の風速取得処理 異常終了
I, [2018-04-15T22:31:41.877153 #54835]  INFO -- : --------------------------------------------------
I, [2018-04-15T22:31:41.877218 #54835]  INFO -- : JR遅延の予測処理 開始
I, [2018-04-15T22:31:41.877246 #54835]  INFO -- :  平均の風速取得処理　開始
I, [2018-04-15T22:31:41.878454 #54835]  INFO -- :  平均の風速取得処理　正常終了
I, [2018-04-15T22:31:41.878542 #54835]  INFO -- :  平均値更新処理 開始
E, [2018-04-15T22:31:41.878713 #54835] ERROR -- :  平均値更新処理 異常終了
I, [2018-04-15T22:32:53.180319 #54836]  INFO -- : --------------------------------------------------
I, [2018-04-15T22:32:53.180375 #54836]  INFO -- : JR遅延の予測処理 開始
I, [2018-04-15T22:32:53.180399 #54836]  INFO -- :  平均の風速取得処理　開始
I, [2018-04-15T22:32:53.181442 #54836]  INFO -- :  平均の風速取得処理　正常終了
I, [2018-04-15T22:32:53.181513 #54836]  INFO -- :  平均値更新処理 開始
E, [2018-04-15T22:32:53.181772 #54836] ERROR -- :  平均値更新処理 異常終了
I, [2018-04-15T22:33:23.330331 #54838]  INFO -- : --------------------------------------------------
I, [2018-04-15T22:33:24.301297 #54838]  INFO -- : JR遅延の予測処理 開始
I, [2018-04-15T22:33:30.131010 #54838]  INFO -- :  平均の風速取得処理　開始
I, [2018-04-15T22:33:30.133380 #54838]  INFO -- :  平均の風速取得処理　正常終了
I, [2018-04-15T22:33:38.531616 #54838]  INFO -- :  平均値更新処理 開始
E, [2018-04-15T22:33:56.079410 #54838] ERROR -- :  平均値更新処理 異常終了
I, [2018-04-15T22:34:15.846124 #54839]  INFO -- : --------------------------------------------------
I, [2018-04-15T22:34:15.846179 #54839]  INFO -- : JR遅延の予測処理 開始
I, [2018-04-15T22:34:15.846203 #54839]  INFO -- :  平均の風速取得処理　開始
I, [2018-04-15T22:34:15.847332 #54839]  INFO -- :  平均の風速取得処理　正常終了
I, [2018-04-15T22:34:15.847403 #54839]  INFO -- :  平均値更新処理 開始
E, [2018-04-15T22:34:15.847666 #54839] ERROR -- :  平均値更新処理 異常終了
I, [2018-04-15T22:35:48.138842 #54843]  INFO -- : --------------------------------------------------
I, [2018-04-15T22:35:48.138904 #54843]  INFO -- : JR遅延の予測処理 開始
I, [2018-04-15T22:35:48.138931 #54843]  INFO -- :  平均の風速取得処理　開始
I, [2018-04-15T22:35:48.139987 #54843]  INFO -- :  平均の風速取得処理　正常終了
I, [2018-04-15T22:35:48.140066 #54843]  INFO -- :  平均値更新処理 開始
E, [2018-04-15T22:35:48.140226 #54843] ERROR -- :  平均値更新処理 異常終了
I, [2018-04-15T22:37:02.865367 #54844]  INFO -- : --------------------------------------------------
I, [2018-04-15T22:37:02.865423 #54844]  INFO -- : JR遅延の予測処理 開始
I, [2018-04-15T22:37:02.865447 #54844]  INFO -- :  平均の風速取得処理　開始
I, [2018-04-15T22:37:02.866608 #54844]  INFO -- :  平均の風速取得処理　正常終了
I, [2018-04-15T22:37:02.866683 #54844]  INFO -- :  平均値更新処理 開始
I, [2018-04-15T22:37:02.866880 #54844]  INFO -- :  平均値更新処理 開始
I, [2018-04-15T22:37:02.866940 #54844]  INFO -- : JR遅延の予測処理 終了
I, [2018-04-15T22:37:02.866961 #54844]  INFO -- : --------------------------------------------------
I, [2018-04-15T22:39:34.215288 #54846]  INFO -- : --------------------------------------------------
I, [2018-04-15T22:39:34.215349 #54846]  INFO -- : JR遅延の予測処理 開始
I, [2018-04-15T22:39:34.215375 #54846]  INFO -- :  平均の風速取得処理　開始
I, [2018-04-15T22:39:34.216341 #54846]  INFO -- :  平均の風速取得処理　正常終了
I, [2018-04-15T22:39:34.216441 #54846]  INFO -- :  平均値更新処理 開始
E, [2018-04-15T22:39:34.216617 #54846] ERROR -- :  平均値更新処理 異常終了
I, [2018-04-15T22:40:22.994235 #54849]  INFO -- : --------------------------------------------------
I, [2018-04-15T22:40:22.994291 #54849]  INFO -- : JR遅延の予測処理 開始
I, [2018-04-15T22:40:22.994315 #54849]  INFO -- :  平均の風速取得処理　開始
I, [2018-04-15T22:40:22.995410 #54849]  INFO -- :  平均の風速取得処理　正常終了
I, [2018-04-15T22:40:22.995482 #54849]  INFO -- :  平均値更新処理 開始
E, [2018-04-15T22:40:22.995692 #54849] ERROR -- :  平均値更新処理 異常終了
I, [2018-04-15T22:43:03.455022 #54853]  INFO -- : --------------------------------------------------
I, [2018-04-15T22:43:03.455091 #54853]  INFO -- : JR遅延の予測処理 開始
I, [2018-04-15T22:43:03.455117 #54853]  INFO -- :  平均の風速取得処理　開始
I, [2018-04-15T22:43:03.457108 #54853]  INFO -- :  平均の風速取得処理　正常終了
I, [2018-04-15T22:43:03.457278 #54853]  INFO -- :  平均値更新処理 開始
E, [2018-04-15T22:43:03.457580 #54853] ERROR -- :  平均値更新処理 異常終了
I, [2018-04-15T22:44:19.752747 #54855]  INFO -- : --------------------------------------------------
I, [2018-04-15T22:44:19.752803 #54855]  INFO -- : JR遅延の予測処理 開始
I, [2018-04-15T22:44:19.752827 #54855]  INFO -- :  平均の風速取得処理　開始
I, [2018-04-15T22:44:19.753888 #54855]  INFO -- :  平均の風速取得処理　正常終了
I, [2018-04-15T22:44:19.753982 #54855]  INFO -- :  平均値更新処理 開始
E, [2018-04-15T22:44:19.754254 #54855] ERROR -- :  平均値更新処理 異常終了
I, [2018-04-15T22:44:34.489045 #54856]  INFO -- : --------------------------------------------------
I, [2018-04-15T22:44:34.489103 #54856]  INFO -- : JR遅延の予測処理 開始
I, [2018-04-15T22:44:34.489127 #54856]  INFO -- :  平均の風速取得処理　開始
I, [2018-04-15T22:44:34.490283 #54856]  INFO -- :  平均の風速取得処理　正常終了
I, [2018-04-15T22:44:34.490518 #54856]  INFO -- :  平均値更新処理 開始
E, [2018-04-15T22:44:34.490931 #54856] ERROR -- :  平均値更新処理 異常終了
I, [2018-04-15T22:44:49.048620 #54857]  INFO -- : --------------------------------------------------
I, [2018-04-15T22:44:49.048675 #54857]  INFO -- : JR遅延の予測処理 開始
I, [2018-04-15T22:44:49.048700 #54857]  INFO -- :  平均の風速取得処理　開始
I, [2018-04-15T22:44:49.049816 #54857]  INFO -- :  平均の風速取得処理　正常終了
I, [2018-04-15T22:44:49.049908 #54857]  INFO -- :  平均値更新処理 開始
E, [2018-04-15T22:44:49.050143 #54857] ERROR -- :  平均値更新処理 異常終了
I, [2018-04-15T22:45:14.357892 #54860]  INFO -- : --------------------------------------------------
I, [2018-04-15T22:45:14.357948 #54860]  INFO -- : JR遅延の予測処理 開始
I, [2018-04-15T22:45:14.357972 #54860]  INFO -- :  平均の風速取得処理　開始
I, [2018-04-15T22:45:14.359019 #54860]  INFO -- :  平均の風速取得処理　正常終了
I, [2018-04-15T22:45:14.359093 #54860]  INFO -- :  平均値更新処理 開始
I, [2018-04-15T22:45:14.366173 #54860]  INFO -- :  平均値更新処理 開始
I, [2018-04-15T22:45:14.366336 #54860]  INFO -- : JR遅延の予測処理 終了
I, [2018-04-15T22:45:14.366391 #54860]  INFO -- : --------------------------------------------------
I, [2018-04-15T22:45:27.123611 #54862]  INFO -- : --------------------------------------------------
I, [2018-04-15T22:45:27.123669 #54862]  INFO -- : JR遅延の予測処理 開始
I, [2018-04-15T22:45:27.123694 #54862]  INFO -- :  平均の風速取得処理　開始
I, [2018-04-15T22:45:27.124759 #54862]  INFO -- :  平均の風速取得処理　正常終了
I, [2018-04-15T22:45:27.124830 #54862]  INFO -- :  平均値更新処理 開始
I, [2018-04-15T22:45:27.131442 #54862]  INFO -- :  平均値更新処理 開始
I, [2018-04-15T22:45:27.131586 #54862]  INFO -- : JR遅延の予測処理 終了
I, [2018-04-15T22:45:27.131629 #54862]  INFO -- : --------------------------------------------------
I, [2018-04-15T22:45:57.724296 #54863]  INFO -- : --------------------------------------------------
I, [2018-04-15T22:45:57.724352 #54863]  INFO -- : JR遅延の予測処理 開始
I, [2018-04-15T22:45:57.724376 #54863]  INFO -- :  平均の風速取得処理　開始
I, [2018-04-15T22:45:57.725438 #54863]  INFO -- :  平均の風速取得処理　正常終了
I, [2018-04-15T22:45:57.725509 #54863]  INFO -- :  平均値更新処理 開始
E, [2018-04-15T22:45:57.732561 #54863] ERROR -- :  平均値更新処理 異常終了
I, [2018-04-15T22:46:49.751058 #54864]  INFO -- : --------------------------------------------------
I, [2018-04-15T22:46:49.751115 #54864]  INFO -- : JR遅延の予測処理 開始
I, [2018-04-15T22:46:49.751139 #54864]  INFO -- :  平均の風速取得処理　開始
I, [2018-04-15T22:46:49.752176 #54864]  INFO -- :  平均の風速取得処理　正常終了
I, [2018-04-15T22:46:49.752249 #54864]  INFO -- :  平均値更新処理 開始
E, [2018-04-15T22:46:49.759659 #54864] ERROR -- :  平均値更新処理 異常終了
E, [2018-04-15T22:46:49.759904 #54864] ERROR -- : 平均値の更新処理でエラーが発生したため、処理を終了します
I, [2018-04-15T22:46:49.759961 #54864]  INFO -- : --------------------------------------------------
I, [2018-04-15T22:58:09.934282 #54879]  INFO -- : --------------------------------------------------
I, [2018-04-15T22:58:09.934341 #54879]  INFO -- : JR遅延の予測処理 開始
I, [2018-04-15T22:58:09.934365 #54879]  INFO -- :  平均の風速取得処理　開始
I, [2018-04-15T22:58:09.935364 #54879]  INFO -- :  平均の風速取得処理　正常終了
I, [2018-04-15T22:58:09.935447 #54879]  INFO -- :  平均値更新処理 開始
E, [2018-04-15T22:58:09.942355 #54879] ERROR -- :  平均値更新処理 異常終了
E, [2018-04-15T22:58:09.942511 #54879] ERROR -- : 平均値の更新処理でエラーが発生したため、処理を終了します
I, [2018-04-15T22:58:09.942562 #54879]  INFO -- : --------------------------------------------------
I, [2018-04-15T22:58:53.830889 #54880]  INFO -- : --------------------------------------------------
I, [2018-04-15T22:58:53.830957 #54880]  INFO -- : JR遅延の予測処理 開始
I, [2018-04-15T22:58:53.830985 #54880]  INFO -- :  平均の風速取得処理　開始
I, [2018-04-15T22:58:53.832060 #54880]  INFO -- :  平均の風速取得処理　正常終了
I, [2018-04-15T22:58:53.832142 #54880]  INFO -- :  平均値更新処理 開始
E, [2018-04-15T22:58:53.833154 #54880] ERROR -- :  平均値更新処理 異常終了
E, [2018-04-15T22:58:53.833238 #54880] ERROR -- : 平均値の更新処理でエラーが発生したため、処理を終了します
I, [2018-04-15T22:58:53.833273 #54880]  INFO -- : --------------------------------------------------
I, [2018-04-15T22:59:40.228039 #54881]  INFO -- : --------------------------------------------------
I, [2018-04-15T22:59:40.228097 #54881]  INFO -- : JR遅延の予測処理 開始
I, [2018-04-15T22:59:40.228121 #54881]  INFO -- :  平均の風速取得処理　開始
I, [2018-04-15T22:59:40.229270 #54881]  INFO -- :  平均の風速取得処理　正常終了
I, [2018-04-15T22:59:40.229344 #54881]  INFO -- :  平均値更新処理 開始
E, [2018-04-15T22:59:40.236551 #54881] ERROR -- :  平均値更新処理 異常終了
E, [2018-04-15T22:59:40.236814 #54881] ERROR -- : 平均値の更新処理でエラーが発生したため、処理を終了します
I, [2018-04-15T22:59:40.236888 #54881]  INFO -- : --------------------------------------------------
I, [2018-04-15T22:59:57.180418 #54882]  INFO -- : --------------------------------------------------
I, [2018-04-15T22:59:57.180484 #54882]  INFO -- : JR遅延の予測処理 開始
I, [2018-04-15T22:59:57.180509 #54882]  INFO -- :  平均の風速取得処理　開始
I, [2018-04-15T22:59:57.181533 #54882]  INFO -- :  平均の風速取得処理　正常終了
I, [2018-04-15T22:59:57.181604 #54882]  INFO -- :  平均値更新処理 開始
E, [2018-04-15T22:59:57.188802 #54882] ERROR -- :  平均値更新処理 異常終了
E, [2018-04-15T22:59:57.189058 #54882] ERROR -- : 平均値の更新処理でエラーが発生したため、処理を終了します
I, [2018-04-15T22:59:57.189129 #54882]  INFO -- : --------------------------------------------------
I, [2018-04-15T23:00:36.049164 #54885]  INFO -- : --------------------------------------------------
I, [2018-04-15T23:00:36.049232 #54885]  INFO -- : JR遅延の予測処理 開始
I, [2018-04-15T23:00:36.049263 #54885]  INFO -- :  平均の風速取得処理　開始
I, [2018-04-15T23:00:36.050427 #54885]  INFO -- :  平均の風速取得処理　正常終了
I, [2018-04-15T23:00:36.050538 #54885]  INFO -- :  平均値更新処理 開始
E, [2018-04-15T23:00:36.057967 #54885] ERROR -- :  平均値更新処理 異常終了
E, [2018-04-15T23:00:36.058209 #54885] ERROR -- : 平均値の更新処理でエラーが発生したため、処理を終了します
I, [2018-04-15T23:00:36.058267 #54885]  INFO -- : --------------------------------------------------
I, [2018-04-15T23:00:59.274259 #54886]  INFO -- : --------------------------------------------------
I, [2018-04-15T23:00:59.274315 #54886]  INFO -- : JR遅延の予測処理 開始
I, [2018-04-15T23:00:59.274339 #54886]  INFO -- :  平均の風速取得処理　開始
I, [2018-04-15T23:00:59.275366 #54886]  INFO -- :  平均の風速取得処理　正常終了
I, [2018-04-15T23:00:59.275456 #54886]  INFO -- :  平均値更新処理 開始
E, [2018-04-15T23:00:59.282723 #54886] ERROR -- :  平均値更新処理 異常終了
E, [2018-04-15T23:00:59.282993 #54886] ERROR -- : 平均値の更新処理でエラーが発生したため、処理を終了します
I, [2018-04-15T23:00:59.283097 #54886]  INFO -- : --------------------------------------------------
I, [2018-04-15T23:01:48.721943 #54888]  INFO -- : --------------------------------------------------
I, [2018-04-15T23:01:48.722000 #54888]  INFO -- : JR遅延の予測処理 開始
I, [2018-04-15T23:01:48.722025 #54888]  INFO -- :  平均の風速取得処理　開始
I, [2018-04-15T23:01:48.723201 #54888]  INFO -- :  平均の風速取得処理　正常終了
I, [2018-04-15T23:01:48.723333 #54888]  INFO -- :  平均値更新処理 開始
E, [2018-04-15T23:01:48.730050 #54888] ERROR -- :  平均値更新処理 異常終了
E, [2018-04-15T23:01:48.730210 #54888] ERROR -- : 平均値の更新処理でエラーが発生したため、処理を終了します
I, [2018-04-15T23:01:48.730266 #54888]  INFO -- : --------------------------------------------------
I, [2018-04-15T23:02:02.728232 #54889]  INFO -- : --------------------------------------------------
I, [2018-04-15T23:02:02.728288 #54889]  INFO -- : JR遅延の予測処理 開始
I, [2018-04-15T23:02:02.728312 #54889]  INFO -- :  平均の風速取得処理　開始
I, [2018-04-15T23:02:02.729433 #54889]  INFO -- :  平均の風速取得処理　正常終了
I, [2018-04-15T23:02:02.729524 #54889]  INFO -- :  平均値更新処理 開始
E, [2018-04-15T23:02:02.736642 #54889] ERROR -- :  平均値更新処理 異常終了
E, [2018-04-15T23:02:02.736886 #54889] ERROR -- : 平均値の更新処理でエラーが発生したため、処理を終了します
I, [2018-04-15T23:02:02.736954 #54889]  INFO -- : --------------------------------------------------
I, [2018-04-15T23:02:11.501093 #54890]  INFO -- : --------------------------------------------------
I, [2018-04-15T23:02:11.501150 #54890]  INFO -- : JR遅延の予測処理 開始
I, [2018-04-15T23:02:11.501174 #54890]  INFO -- :  平均の風速取得処理　開始
I, [2018-04-15T23:02:11.502205 #54890]  INFO -- :  平均の風速取得処理　正常終了
I, [2018-04-15T23:02:11.502374 #54890]  INFO -- :  平均値更新処理 開始
E, [2018-04-15T23:02:11.509614 #54890] ERROR -- :  平均値更新処理 異常終了
E, [2018-04-15T23:02:11.509879 #54890] ERROR -- : 平均値の更新処理でエラーが発生したため、処理を終了します
I, [2018-04-15T23:02:11.509950 #54890]  INFO -- : --------------------------------------------------
