# Logfile created on 2018-04-21 15:18:45 +0900 by logger.rb/61378
I, [2018-04-21T15:18:45.940234 #25916]  INFO -- : --------------------------------------------------
I, [2018-04-21T15:18:45.940270 #25916]  INFO -- : 電車遅延通知処理 開始
I, [2018-04-21T15:18:45.940290 #25916]  INFO -- :  平均の風速取得処理　開始
I, [2018-04-21T15:18:45.941411 #25916]  INFO -- :  平均の風速取得処理　正常終了
I, [2018-04-21T15:18:45.941538 #25916]  INFO -- :  平均値更新処理 開始
I, [2018-04-21T15:18:45.948244 #25916]  INFO -- :  平均値更新処理 正常終了
I, [2018-04-21T15:18:45.948343 #25916]  INFO -- :  しきい値取得処理 開始
I, [2018-04-21T15:18:45.948584 #25916]  INFO -- :  しきい値取得処理 正常終了
I, [2018-04-21T15:18:45.948639 #25916]  INFO -- :  通知判定処理 開始
E, [2018-04-21T15:18:45.948680 #25916] ERROR -- : 通知の判定処理でエラーが発生したため、処理を終了します
E, [2018-04-21T15:18:45.948701 #25916] ERROR -- : 電車遅延通知処理 異常終了
I, [2018-04-21T15:18:45.948718 #25916]  INFO -- : --------------------------------------------------
I, [2018-04-21T15:57:30.508407 #27060]  INFO -- : --------------------------------------------------
I, [2018-04-21T15:57:30.508477 #27060]  INFO -- : 電車遅延通知処理 開始
I, [2018-04-21T15:57:30.508502 #27060]  INFO -- :  平均の風速取得処理　開始
I, [2018-04-21T15:57:30.509565 #27060]  INFO -- :  平均の風速取得処理　正常終了
I, [2018-04-21T15:57:30.509625 #27060]  INFO -- :  平均値更新処理 開始
I, [2018-04-21T15:57:30.510766 #27060]  INFO -- :  平均値更新処理 正常終了
I, [2018-04-21T15:57:30.510826 #27060]  INFO -- :  しきい値取得処理 開始
I, [2018-04-21T15:57:30.511013 #27060]  INFO -- :  しきい値取得処理 正常終了
I, [2018-04-21T15:57:30.511062 #27060]  INFO -- :  通知判定処理 開始
E, [2018-04-21T15:57:30.511095 #27060] ERROR -- : 通知の判定処理でエラーが発生したため、処理を終了します
E, [2018-04-21T15:57:30.511115 #27060] ERROR -- : 電車遅延通知処理 異常終了
I, [2018-04-21T15:57:30.511132 #27060]  INFO -- : --------------------------------------------------
I, [2018-04-21T15:58:36.041915 #27135]  INFO -- : --------------------------------------------------
I, [2018-04-21T15:58:36.041983 #27135]  INFO -- : 電車遅延通知処理 開始
I, [2018-04-21T15:58:36.042007 #27135]  INFO -- :  平均の風速取得処理　開始
I, [2018-04-21T15:58:36.043040 #27135]  INFO -- :  平均の風速取得処理　正常終了
I, [2018-04-21T15:58:36.043099 #27135]  INFO -- :  平均値更新処理 開始
I, [2018-04-21T15:58:36.049746 #27135]  INFO -- :  平均値更新処理 正常終了
I, [2018-04-21T15:58:36.049873 #27135]  INFO -- :  しきい値取得処理 開始
I, [2018-04-21T15:58:36.050143 #27135]  INFO -- :  しきい値取得処理 正常終了
I, [2018-04-21T15:58:36.050226 #27135]  INFO -- :  通知判定処理 開始
E, [2018-04-21T15:58:36.050270 #27135] ERROR -- : 通知の判定処理でエラーが発生したため、処理を終了します
E, [2018-04-21T15:58:36.050293 #27135] ERROR -- : 電車遅延通知処理 異常終了
I, [2018-04-21T15:58:36.050311 #27135]  INFO -- : --------------------------------------------------
I, [2018-04-21T15:59:15.837196 #27150]  INFO -- : --------------------------------------------------
I, [2018-04-21T15:59:16.858917 #27150]  INFO -- : 電車遅延通知処理 開始
I, [2018-04-21T15:59:21.561075 #27150]  INFO -- :  平均の風速取得処理　開始
I, [2018-04-21T15:59:21.563117 #27150]  INFO -- :  平均の風速取得処理　正常終了
I, [2018-04-21T15:59:22.587128 #27150]  INFO -- :  平均値更新処理 開始
I, [2018-04-21T15:59:22.593047 #27150]  INFO -- :  平均値更新処理 正常終了
I, [2018-04-21T15:59:23.624738 #27150]  INFO -- :  しきい値取得処理 開始
I, [2018-04-21T15:59:23.625419 #27150]  INFO -- :  しきい値取得処理 正常終了
I, [2018-04-21T15:59:27.445425 #27150]  INFO -- :  通知判定処理 開始
E, [2018-04-21T15:59:35.649890 #27150] ERROR -- : 通知の判定処理でエラーが発生したため、処理を終了します
E, [2018-04-21T15:59:35.649969 #27150] ERROR -- : 電車遅延通知処理 異常終了
I, [2018-04-21T15:59:35.650021 #27150]  INFO -- : --------------------------------------------------
I, [2018-04-21T15:59:45.574502 #27178]  INFO -- : --------------------------------------------------
I, [2018-04-21T15:59:46.149749 #27178]  INFO -- : 電車遅延通知処理 開始
I, [2018-04-21T15:59:49.560462 #27178]  INFO -- :  平均の風速取得処理　開始
I, [2018-04-21T15:59:49.563112 #27178]  INFO -- :  平均の風速取得処理　正常終了
I, [2018-04-21T15:59:50.112535 #27178]  INFO -- :  平均値更新処理 開始
I, [2018-04-21T15:59:50.118453 #27178]  INFO -- :  平均値更新処理 正常終了
I, [2018-04-21T15:59:50.910256 #27178]  INFO -- :  しきい値取得処理 開始
I, [2018-04-21T15:59:50.910852 #27178]  INFO -- :  しきい値取得処理 正常終了
I, [2018-04-21T15:59:55.272637 #27178]  INFO -- :  通知判定処理 開始
E, [2018-04-21T16:00:43.573724 #27178] ERROR -- : 通知の判定処理でエラーが発生したため、処理を終了します
E, [2018-04-21T16:00:43.573807 #27178] ERROR -- : 電車遅延通知処理 異常終了
I, [2018-04-21T16:00:43.573848 #27178]  INFO -- : --------------------------------------------------
I, [2018-04-21T16:00:49.059223 #27215]  INFO -- : --------------------------------------------------
I, [2018-04-21T16:00:49.059298 #27215]  INFO -- : 電車遅延通知処理 開始
I, [2018-04-21T16:00:49.059328 #27215]  INFO -- :  平均の風速取得処理　開始
I, [2018-04-21T16:00:49.060472 #27215]  INFO -- :  平均の風速取得処理　正常終了
I, [2018-04-21T16:00:49.060529 #27215]  INFO -- :  平均値更新処理 開始
I, [2018-04-21T16:00:49.067083 #27215]  INFO -- :  平均値更新処理 正常終了
I, [2018-04-21T16:00:49.067199 #27215]  INFO -- :  しきい値取得処理 開始
I, [2018-04-21T16:00:49.067509 #27215]  INFO -- :  しきい値取得処理 正常終了
I, [2018-04-21T16:00:49.067577 #27215]  INFO -- :  通知判定処理 開始
E, [2018-04-21T16:00:49.067631 #27215] ERROR -- : 通知の判定処理でエラーが発生したため、処理を終了します
E, [2018-04-21T16:00:49.067657 #27215] ERROR -- : 電車遅延通知処理 異常終了
I, [2018-04-21T16:00:49.067675 #27215]  INFO -- : --------------------------------------------------
I, [2018-04-21T16:00:58.494973 #27229]  INFO -- : --------------------------------------------------
I, [2018-04-21T16:00:59.273104 #27229]  INFO -- : 電車遅延通知処理 開始
I, [2018-04-21T16:01:01.967239 #27229]  INFO -- :  平均の風速取得処理　開始
I, [2018-04-21T16:01:01.969541 #27229]  INFO -- :  平均の風速取得処理　正常終了
I, [2018-04-21T16:01:02.485456 #27229]  INFO -- :  平均値更新処理 開始
I, [2018-04-21T16:01:02.491453 #27229]  INFO -- :  平均値更新処理 正常終了
I, [2018-04-21T16:01:03.337107 #27229]  INFO -- :  しきい値取得処理 開始
I, [2018-04-21T16:01:03.337808 #27229]  INFO -- :  しきい値取得処理 正常終了
I, [2018-04-21T16:01:06.445059 #27229]  INFO -- :  通知判定処理 開始
E, [2018-04-21T16:02:16.263774 #27229] ERROR -- : 通知の判定処理でエラーが発生したため、処理を終了します
E, [2018-04-21T16:02:16.263869 #27229] ERROR -- : 電車遅延通知処理 異常終了
I, [2018-04-21T16:02:16.263930 #27229]  INFO -- : --------------------------------------------------
I, [2018-04-21T16:02:22.957711 #27267]  INFO -- : --------------------------------------------------
I, [2018-04-21T16:02:22.957861 #27267]  INFO -- : 電車遅延通知処理 開始
I, [2018-04-21T16:02:22.957885 #27267]  INFO -- :  平均の風速取得処理　開始
I, [2018-04-21T16:02:22.958928 #27267]  INFO -- :  平均の風速取得処理　正常終了
I, [2018-04-21T16:02:22.958986 #27267]  INFO -- :  平均値更新処理 開始
I, [2018-04-21T16:02:22.965644 #27267]  INFO -- :  平均値更新処理 正常終了
I, [2018-04-21T16:02:22.965763 #27267]  INFO -- :  しきい値取得処理 開始
I, [2018-04-21T16:02:22.966224 #27267]  INFO -- :  しきい値取得処理 正常終了
I, [2018-04-21T16:02:22.966308 #27267]  INFO -- :  通知判定処理 開始
E, [2018-04-21T16:02:24.789172 #27267] ERROR -- : 通知の判定処理でエラーが発生したため、処理を終了します
E, [2018-04-21T16:02:24.789307 #27267] ERROR -- : 電車遅延通知処理 異常終了
I, [2018-04-21T16:02:24.789375 #27267]  INFO -- : --------------------------------------------------
I, [2018-04-21T16:02:34.803255 #27282]  INFO -- : --------------------------------------------------
I, [2018-04-21T16:02:35.385510 #27282]  INFO -- : 電車遅延通知処理 開始
I, [2018-04-21T16:02:38.273390 #27282]  INFO -- :  平均の風速取得処理　開始
I, [2018-04-21T16:02:38.275884 #27282]  INFO -- :  平均の風速取得処理　正常終了
I, [2018-04-21T16:02:38.806889 #27282]  INFO -- :  平均値更新処理 開始
I, [2018-04-21T16:02:38.812698 #27282]  INFO -- :  平均値更新処理 正常終了
I, [2018-04-21T16:02:39.527315 #27282]  INFO -- :  しきい値取得処理 開始
I, [2018-04-21T16:02:39.528056 #27282]  INFO -- :  しきい値取得処理 正常終了
I, [2018-04-21T16:02:42.847002 #27282]  INFO -- :  通知判定処理 開始
E, [2018-04-21T16:03:52.610625 #27282] ERROR -- : 通知の判定処理でエラーが発生したため、処理を終了します
E, [2018-04-21T16:03:52.610707 #27282] ERROR -- : 電車遅延通知処理 異常終了
I, [2018-04-21T16:03:52.610746 #27282]  INFO -- : --------------------------------------------------
I, [2018-04-21T16:03:58.965698 #27319]  INFO -- : --------------------------------------------------
I, [2018-04-21T16:03:58.965762 #27319]  INFO -- : 電車遅延通知処理 開始
I, [2018-04-21T16:03:58.965785 #27319]  INFO -- :  平均の風速取得処理　開始
I, [2018-04-21T16:03:58.966933 #27319]  INFO -- :  平均の風速取得処理　正常終了
I, [2018-04-21T16:03:58.966989 #27319]  INFO -- :  平均値更新処理 開始
I, [2018-04-21T16:03:58.973817 #27319]  INFO -- :  平均値更新処理 正常終了
I, [2018-04-21T16:03:58.973941 #27319]  INFO -- :  しきい値取得処理 開始
I, [2018-04-21T16:03:58.974427 #27319]  INFO -- :  しきい値取得処理 正常終了
I, [2018-04-21T16:03:58.974572 #27319]  INFO -- :  通知判定処理 開始
E, [2018-04-21T16:03:59.826131 #27319] ERROR -- : 通知の判定処理でエラーが発生したため、処理を終了します
E, [2018-04-21T16:03:59.826271 #27319] ERROR -- : 電車遅延通知処理 異常終了
I, [2018-04-21T16:03:59.826332 #27319]  INFO -- : --------------------------------------------------
I, [2018-04-21T16:04:15.012936 #27334]  INFO -- : --------------------------------------------------
I, [2018-04-21T16:04:15.013082 #27334]  INFO -- : 電車遅延通知処理 開始
I, [2018-04-21T16:04:15.013175 #27334]  INFO -- :  平均の風速取得処理　開始
I, [2018-04-21T16:04:15.014422 #27334]  INFO -- :  平均の風速取得処理　正常終了
I, [2018-04-21T16:04:15.014903 #27334]  INFO -- :  平均値更新処理 開始
I, [2018-04-21T16:04:15.018313 #27334]  INFO -- :  平均値更新処理 正常終了
I, [2018-04-21T16:04:15.018476 #27334]  INFO -- :  しきい値取得処理 開始
I, [2018-04-21T16:04:15.019038 #27334]  INFO -- :  しきい値取得処理 正常終了
I, [2018-04-21T16:04:15.019187 #27334]  INFO -- :  通知判定処理 開始
E, [2018-04-21T16:04:15.290645 #27334] ERROR -- : 通知の判定処理でエラーが発生したため、処理を終了します
E, [2018-04-21T16:04:15.291130 #27334] ERROR -- : 電車遅延通知処理 異常終了
I, [2018-04-21T16:04:18.913550 #27334]  INFO -- : --------------------------------------------------
I, [2018-04-21T16:04:29.760080 #27349]  INFO -- : --------------------------------------------------
I, [2018-04-21T16:04:30.273274 #27349]  INFO -- : 電車遅延通知処理 開始
I, [2018-04-21T16:04:36.571785 #27349]  INFO -- :  平均の風速取得処理　開始
I, [2018-04-21T16:04:36.573890 #27349]  INFO -- :  平均の風速取得処理　正常終了
I, [2018-04-21T16:04:37.464049 #27349]  INFO -- :  平均値更新処理 開始
I, [2018-04-21T16:04:37.469901 #27349]  INFO -- :  平均値更新処理 正常終了
I, [2018-04-21T16:04:38.276902 #27349]  INFO -- :  しきい値取得処理 開始
I, [2018-04-21T16:04:38.277602 #27349]  INFO -- :  しきい値取得処理 正常終了
I, [2018-04-21T16:05:01.326648 #27349]  INFO -- :  通知判定処理 開始
E, [2018-04-21T16:05:01.592127 #27349] ERROR -- : 通知の判定処理でエラーが発生したため、処理を終了します
E, [2018-04-21T16:05:01.592274 #27349] ERROR -- : 電車遅延通知処理 異常終了
I, [2018-04-21T16:05:01.592339 #27349]  INFO -- : --------------------------------------------------
I, [2018-04-21T16:05:08.454188 #27383]  INFO -- : --------------------------------------------------
I, [2018-04-21T16:05:08.454258 #27383]  INFO -- : 電車遅延通知処理 開始
I, [2018-04-21T16:05:08.454282 #27383]  INFO -- :  平均の風速取得処理　開始
I, [2018-04-21T16:05:08.455391 #27383]  INFO -- :  平均の風速取得処理　正常終了
I, [2018-04-21T16:05:08.455449 #27383]  INFO -- :  平均値更新処理 開始
I, [2018-04-21T16:05:08.462173 #27383]  INFO -- :  平均値更新処理 正常終了
I, [2018-04-21T16:05:08.462286 #27383]  INFO -- :  しきい値取得処理 開始
I, [2018-04-21T16:05:08.462641 #27383]  INFO -- :  しきい値取得処理 正常終了
I, [2018-04-21T16:05:08.462732 #27383]  INFO -- :  通知判定処理 開始
I, [2018-04-21T16:05:08.735143 #27383]  INFO -- :  通知判定処理 正常終了
I, [2018-04-21T16:05:08.735242 #27383]  INFO -- : 電車遅延通知処理 終了
I, [2018-04-21T16:05:08.735283 #27383]  INFO -- : --------------------------------------------------
I, [2018-04-21T16:05:34.772573 #27400]  INFO -- : --------------------------------------------------
I, [2018-04-21T16:05:34.772644 #27400]  INFO -- : 電車遅延通知処理 開始
I, [2018-04-21T16:05:34.772668 #27400]  INFO -- :  平均の風速取得処理　開始
I, [2018-04-21T16:05:34.773711 #27400]  INFO -- :  平均の風速取得処理　正常終了
I, [2018-04-21T16:05:34.773769 #27400]  INFO -- :  平均値更新処理 開始
I, [2018-04-21T16:05:34.780359 #27400]  INFO -- :  平均値更新処理 正常終了
I, [2018-04-21T16:05:34.780501 #27400]  INFO -- :  しきい値取得処理 開始
I, [2018-04-21T16:05:34.781002 #27400]  INFO -- :  しきい値取得処理 正常終了
I, [2018-04-21T16:05:34.781098 #27400]  INFO -- :  通知判定処理 開始
I, [2018-04-21T16:05:35.051032 #27400]  INFO -- :  通知判定処理 正常終了
I, [2018-04-21T16:05:35.051134 #27400]  INFO -- : 電車遅延通知処理 終了
I, [2018-04-21T16:05:35.051176 #27400]  INFO -- : --------------------------------------------------
I, [2018-04-21T16:05:45.690733 #27416]  INFO -- : --------------------------------------------------
I, [2018-04-21T16:05:45.690809 #27416]  INFO -- : 電車遅延通知処理 開始
I, [2018-04-21T16:05:45.690833 #27416]  INFO -- :  平均の風速取得処理　開始
I, [2018-04-21T16:05:45.691868 #27416]  INFO -- :  平均の風速取得処理　正常終了
I, [2018-04-21T16:05:45.691927 #27416]  INFO -- :  平均値更新処理 開始
I, [2018-04-21T16:05:45.698684 #27416]  INFO -- :  平均値更新処理 正常終了
I, [2018-04-21T16:05:45.698845 #27416]  INFO -- :  しきい値取得処理 開始
I, [2018-04-21T16:05:45.699281 #27416]  INFO -- :  しきい値取得処理 正常終了
I, [2018-04-21T16:05:45.699433 #27416]  INFO -- :  通知判定処理 開始
I, [2018-04-21T16:05:45.969240 #27416]  INFO -- :  通知判定処理 正常終了
I, [2018-04-21T16:05:45.969338 #27416]  INFO -- : 電車遅延通知処理 終了
I, [2018-04-21T16:05:45.969378 #27416]  INFO -- : --------------------------------------------------
I, [2018-04-21T16:06:37.805105 #27433]  INFO -- : --------------------------------------------------
I, [2018-04-21T16:06:37.805178 #27433]  INFO -- : 電車遅延通知処理 開始
I, [2018-04-21T16:06:37.805203 #27433]  INFO -- :  平均の風速取得処理　開始
I, [2018-04-21T16:06:37.806364 #27433]  INFO -- :  平均の風速取得処理　正常終了
I, [2018-04-21T16:06:37.806422 #27433]  INFO -- :  平均値更新処理 開始
I, [2018-04-21T16:06:37.813227 #27433]  INFO -- :  平均値更新処理 正常終了
I, [2018-04-21T16:06:37.813351 #27433]  INFO -- :  しきい値取得処理 開始
I, [2018-04-21T16:06:37.813739 #27433]  INFO -- :  しきい値取得処理 正常終了
I, [2018-04-21T16:06:37.813882 #27433]  INFO -- :  通知判定処理 開始
I, [2018-04-21T16:06:38.151622 #27433]  INFO -- :  通知判定処理 正常終了
I, [2018-04-21T16:06:38.151702 #27433]  INFO -- : 電車遅延通知処理 終了
I, [2018-04-21T16:06:38.151733 #27433]  INFO -- : --------------------------------------------------
I, [2018-04-21T16:07:03.071248 #27449]  INFO -- : --------------------------------------------------
I, [2018-04-21T16:07:03.071384 #27449]  INFO -- : 電車遅延通知処理 開始
I, [2018-04-21T16:07:03.071408 #27449]  INFO -- :  平均の風速取得処理　開始
I, [2018-04-21T16:07:03.072384 #27449]  INFO -- :  平均の風速取得処理　正常終了
I, [2018-04-21T16:07:03.072437 #27449]  INFO -- :  平均値更新処理 開始
I, [2018-04-21T16:07:03.079196 #27449]  INFO -- :  平均値更新処理 正常終了
I, [2018-04-21T16:07:03.079346 #27449]  INFO -- :  しきい値取得処理 開始
I, [2018-04-21T16:07:03.079726 #27449]  INFO -- :  しきい値取得処理 正常終了
I, [2018-04-21T16:07:03.079784 #27449]  INFO -- :  通知判定処理 開始
I, [2018-04-21T16:07:03.360200 #27449]  INFO -- :  通知判定処理 正常終了
I, [2018-04-21T16:07:03.360270 #27449]  INFO -- : 電車遅延通知処理 終了
I, [2018-04-21T16:07:03.360296 #27449]  INFO -- : --------------------------------------------------
I, [2018-04-21T16:07:22.024901 #27467]  INFO -- : --------------------------------------------------
I, [2018-04-21T16:07:22.024981 #27467]  INFO -- : 電車遅延通知処理 開始
I, [2018-04-21T16:07:22.025005 #27467]  INFO -- :  平均の風速取得処理　開始
I, [2018-04-21T16:07:22.026097 #27467]  INFO -- :  平均の風速取得処理　正常終了
I, [2018-04-21T16:07:22.026159 #27467]  INFO -- :  平均値更新処理 開始
I, [2018-04-21T16:07:22.032662 #27467]  INFO -- :  平均値更新処理 正常終了
I, [2018-04-21T16:07:22.032850 #27467]  INFO -- :  しきい値取得処理 開始
I, [2018-04-21T16:07:22.033304 #27467]  INFO -- :  しきい値取得処理 正常終了
I, [2018-04-21T16:07:22.033379 #27467]  INFO -- :  通知判定処理 開始
I, [2018-04-21T16:07:22.311672 #27467]  INFO -- :  通知判定処理 正常終了
I, [2018-04-21T16:07:22.311750 #27467]  INFO -- : 電車遅延通知処理 終了
I, [2018-04-21T16:07:22.311782 #27467]  INFO -- : --------------------------------------------------
I, [2018-04-21T16:07:57.636318 #27484]  INFO -- : --------------------------------------------------
I, [2018-04-21T16:07:57.636383 #27484]  INFO -- : 電車遅延通知処理 開始
I, [2018-04-21T16:07:57.636405 #27484]  INFO -- :  平均の風速取得処理　開始
I, [2018-04-21T16:07:57.637388 #27484]  INFO -- :  平均の風速取得処理　正常終了
I, [2018-04-21T16:07:57.637446 #27484]  INFO -- :  平均値更新処理 開始
I, [2018-04-21T16:07:57.644292 #27484]  INFO -- :  平均値更新処理 正常終了
I, [2018-04-21T16:07:57.644444 #27484]  INFO -- :  しきい値取得処理 開始
I, [2018-04-21T16:07:57.644803 #27484]  INFO -- :  しきい値取得処理 正常終了
I, [2018-04-21T16:07:57.644925 #27484]  INFO -- :  通知判定処理 開始
I, [2018-04-21T16:07:57.920714 #27484]  INFO -- :  通知判定処理 正常終了
I, [2018-04-21T16:07:57.920796 #27484]  INFO -- : 電車遅延通知処理 終了
I, [2018-04-21T16:07:57.920844 #27484]  INFO -- : --------------------------------------------------
I, [2018-04-21T16:11:36.625070 #27508]  INFO -- : --------------------------------------------------
I, [2018-04-21T16:11:36.625136 #27508]  INFO -- : 電車遅延通知処理 開始
I, [2018-04-21T16:11:36.625163 #27508]  INFO -- :  平均の風速取得処理　開始
I, [2018-04-21T16:11:36.626124 #27508]  INFO -- :  平均の風速取得処理　正常終了
I, [2018-04-21T16:11:36.626177 #27508]  INFO -- :  平均値更新処理 開始
I, [2018-04-21T16:11:36.633004 #27508]  INFO -- :  平均値更新処理 正常終了
I, [2018-04-21T16:11:36.633163 #27508]  INFO -- :  しきい値取得処理 開始
I, [2018-04-21T16:11:36.633491 #27508]  INFO -- :  しきい値取得処理 正常終了
I, [2018-04-21T16:11:36.633568 #27508]  INFO -- :  通知判定処理 開始
I, [2018-04-21T16:11:36.968494 #27508]  INFO -- :  通知判定処理 正常終了
I, [2018-04-21T16:11:36.968575 #27508]  INFO -- : 電車遅延通知処理 終了
I, [2018-04-21T16:11:36.968608 #27508]  INFO -- : --------------------------------------------------
I, [2018-04-21T16:15:18.920191 #27534]  INFO -- : --------------------------------------------------
I, [2018-04-21T16:15:18.920281 #27534]  INFO -- : 電車遅延通知処理 開始
I, [2018-04-21T16:15:18.920312 #27534]  INFO -- :  平均の風速取得処理　開始
I, [2018-04-21T16:15:18.921599 #27534]  INFO -- :  平均の風速取得処理　正常終了
I, [2018-04-21T16:15:18.921665 #27534]  INFO -- :  平均値更新処理 開始
I, [2018-04-21T16:15:18.927975 #27534]  INFO -- :  平均値更新処理 正常終了
I, [2018-04-21T16:15:18.928086 #27534]  INFO -- :  しきい値取得処理 開始
I, [2018-04-21T16:15:18.928393 #27534]  INFO -- :  しきい値取得処理 正常終了
I, [2018-04-21T16:15:18.928459 #27534]  INFO -- :  通知判定処理 開始
I, [2018-04-21T16:15:19.442224 #27534]  INFO -- :  通知判定処理 正常終了
I, [2018-04-21T16:15:19.442328 #27534]  INFO -- : 電車遅延通知処理 終了
I, [2018-04-21T16:15:19.442370 #27534]  INFO -- : --------------------------------------------------
I, [2018-04-21T16:20:03.814147 #27588]  INFO -- : --------------------------------------------------
I, [2018-04-21T16:20:04.340966 #27588]  INFO -- : 電車遅延通知処理 開始
I, [2018-04-21T16:20:07.859313 #27588]  INFO -- :  平均の風速取得処理　開始
I, [2018-04-21T16:20:07.861388 #27588]  INFO -- :  平均の風速取得処理　正常終了
I, [2018-04-21T16:20:08.597805 #27588]  INFO -- :  平均値更新処理 開始
I, [2018-04-21T16:20:08.603999 #27588]  INFO -- :  平均値更新処理 正常終了
I, [2018-04-21T16:20:09.659117 #27588]  INFO -- :  しきい値取得処理 開始
I, [2018-04-21T16:20:09.660168 #27588]  INFO -- :  しきい値取得処理 正常終了
I, [2018-04-21T16:20:14.236090 #27588]  INFO -- :  通知判定処理 開始
I, [2018-04-21T16:27:03.229828 #27588]  INFO -- :  通知判定処理 正常終了
I, [2018-04-21T16:27:03.229910 #27588]  INFO -- : 電車遅延通知処理 終了
I, [2018-04-21T16:27:03.229951 #27588]  INFO -- : --------------------------------------------------
I, [2018-04-21T16:27:08.187373 #27632]  INFO -- : --------------------------------------------------
I, [2018-04-21T16:27:08.187443 #27632]  INFO -- : 電車遅延通知処理 開始
I, [2018-04-21T16:27:08.187466 #27632]  INFO -- :  平均の風速取得処理　開始
I, [2018-04-21T16:27:08.188502 #27632]  INFO -- :  平均の風速取得処理　正常終了
I, [2018-04-21T16:27:08.188563 #27632]  INFO -- :  平均値更新処理 開始
I, [2018-04-21T16:27:08.195250 #27632]  INFO -- :  平均値更新処理 正常終了
I, [2018-04-21T16:27:08.195391 #27632]  INFO -- :  しきい値取得処理 開始
I, [2018-04-21T16:27:08.195834 #27632]  INFO -- :  しきい値取得処理 正常終了
I, [2018-04-21T16:27:08.195932 #27632]  INFO -- :  通知判定処理 開始
E, [2018-04-21T16:27:08.598769 #27632] ERROR -- :  通知判定処理 異常終了
E, [2018-04-21T16:27:08.598894 #27632] ERROR -- : 通知の判定処理でエラーが発生したため、処理を終了します
E, [2018-04-21T16:27:08.598936 #27632] ERROR -- : 電車遅延通知処理 異常終了
I, [2018-04-21T16:27:08.598968 #27632]  INFO -- : --------------------------------------------------
I, [2018-04-21T16:27:22.858064 #27648]  INFO -- : --------------------------------------------------
I, [2018-04-21T16:27:22.858133 #27648]  INFO -- : 電車遅延通知処理 開始
I, [2018-04-21T16:27:22.858155 #27648]  INFO -- :  平均の風速取得処理　開始
I, [2018-04-21T16:27:22.859205 #27648]  INFO -- :  平均の風速取得処理　正常終了
I, [2018-04-21T16:27:22.859259 #27648]  INFO -- :  平均値更新処理 開始
I, [2018-04-21T16:27:22.866185 #27648]  INFO -- :  平均値更新処理 正常終了
I, [2018-04-21T16:27:22.866333 #27648]  INFO -- :  しきい値取得処理 開始
I, [2018-04-21T16:27:22.866615 #27648]  INFO -- :  しきい値取得処理 正常終了
I, [2018-04-21T16:27:22.866671 #27648]  INFO -- :  通知判定処理 開始
E, [2018-04-21T16:27:23.128965 #27648] ERROR -- :  通知判定処理 異常終了
E, [2018-04-21T16:27:23.129040 #27648] ERROR -- : 通知の判定処理でエラーが発生したため、処理を終了します
E, [2018-04-21T16:27:23.129070 #27648] ERROR -- : 電車遅延通知処理 異常終了
I, [2018-04-21T16:27:23.129093 #27648]  INFO -- : --------------------------------------------------
I, [2018-04-21T16:27:36.623391 #27664]  INFO -- : --------------------------------------------------
I, [2018-04-21T16:27:36.623475 #27664]  INFO -- : 電車遅延通知処理 開始
I, [2018-04-21T16:27:36.623512 #27664]  INFO -- :  平均の風速取得処理　開始
I, [2018-04-21T16:27:36.624758 #27664]  INFO -- :  平均の風速取得処理　正常終了
I, [2018-04-21T16:27:36.624835 #27664]  INFO -- :  平均値更新処理 開始
I, [2018-04-21T16:27:36.631233 #27664]  INFO -- :  平均値更新処理 正常終了
I, [2018-04-21T16:27:36.631339 #27664]  INFO -- :  しきい値取得処理 開始
I, [2018-04-21T16:27:36.631602 #27664]  INFO -- :  しきい値取得処理 正常終了
I, [2018-04-21T16:27:36.631663 #27664]  INFO -- :  通知判定処理 開始
E, [2018-04-21T16:27:36.895342 #27664] ERROR -- :  通知判定処理 異常終了
E, [2018-04-21T16:27:36.895446 #27664] ERROR -- : 通知の判定処理でエラーが発生したため、処理を終了します
E, [2018-04-21T16:27:36.895488 #27664] ERROR -- : 電車遅延通知処理 異常終了
I, [2018-04-21T16:27:36.895523 #27664]  INFO -- : --------------------------------------------------
I, [2018-04-21T16:27:51.008466 #27680]  INFO -- : --------------------------------------------------
I, [2018-04-21T16:27:51.008535 #27680]  INFO -- : 電車遅延通知処理 開始
I, [2018-04-21T16:27:51.008558 #27680]  INFO -- :  平均の風速取得処理　開始
I, [2018-04-21T16:27:51.009511 #27680]  INFO -- :  平均の風速取得処理　正常終了
I, [2018-04-21T16:27:51.009570 #27680]  INFO -- :  平均値更新処理 開始
I, [2018-04-21T16:27:51.016334 #27680]  INFO -- :  平均値更新処理 正常終了
I, [2018-04-21T16:27:51.016463 #27680]  INFO -- :  しきい値取得処理 開始
I, [2018-04-21T16:27:51.016895 #27680]  INFO -- :  しきい値取得処理 正常終了
I, [2018-04-21T16:27:51.017028 #27680]  INFO -- :  通知判定処理 開始
I, [2018-04-21T16:27:51.295666 #27680]  INFO -- :  通知判定処理 正常終了
I, [2018-04-21T16:27:51.295765 #27680]  INFO -- : 電車遅延通知処理 終了
I, [2018-04-21T16:27:51.295879 #27680]  INFO -- : --------------------------------------------------
I, [2018-04-21T16:28:02.933199 #27696]  INFO -- : --------------------------------------------------
I, [2018-04-21T16:28:02.933270 #27696]  INFO -- : 電車遅延通知処理 開始
I, [2018-04-21T16:28:02.933294 #27696]  INFO -- :  平均の風速取得処理　開始
I, [2018-04-21T16:28:02.934739 #27696]  INFO -- :  平均の風速取得処理　正常終了
I, [2018-04-21T16:28:02.934849 #27696]  INFO -- :  平均値更新処理 開始
I, [2018-04-21T16:28:02.941469 #27696]  INFO -- :  平均値更新処理 正常終了
I, [2018-04-21T16:28:02.941620 #27696]  INFO -- :  しきい値取得処理 開始
I, [2018-04-21T16:28:02.941952 #27696]  INFO -- :  しきい値取得処理 正常終了
I, [2018-04-21T16:28:02.942060 #27696]  INFO -- :  通知判定処理 開始
I, [2018-04-21T16:28:03.215082 #27696]  INFO -- :  通知判定処理 正常終了
I, [2018-04-21T16:28:03.215179 #27696]  INFO -- : 電車遅延通知処理 終了
I, [2018-04-21T16:28:03.215218 #27696]  INFO -- : --------------------------------------------------
I, [2018-04-21T16:29:27.664776 #27714]  INFO -- : --------------------------------------------------
I, [2018-04-21T16:29:27.664843 #27714]  INFO -- : 電車遅延通知処理 開始
I, [2018-04-21T16:29:27.664867 #27714]  INFO -- :  平均の風速取得処理　開始
I, [2018-04-21T16:29:27.665906 #27714]  INFO -- :  平均の風速取得処理　正常終了
I, [2018-04-21T16:29:27.665963 #27714]  INFO -- :  平均値更新処理 開始
I, [2018-04-21T16:29:27.672824 #27714]  INFO -- :  平均値更新処理 正常終了
I, [2018-04-21T16:29:27.672953 #27714]  INFO -- :  しきい値取得処理 開始
I, [2018-04-21T16:29:27.673373 #27714]  INFO -- :  しきい値取得処理 正常終了
I, [2018-04-21T16:29:27.673504 #27714]  INFO -- :  通知判定処理 開始
I, [2018-04-21T16:29:28.070667 #27714]  INFO -- :  通知判定処理 正常終了
I, [2018-04-21T16:29:28.070758 #27714]  INFO -- : 電車遅延通知処理 終了
I, [2018-04-21T16:29:28.070779 #27714]  INFO -- : --------------------------------------------------
I, [2018-04-21T16:30:06.531466 #27733]  INFO -- : --------------------------------------------------
I, [2018-04-21T16:30:06.531542 #27733]  INFO -- : 電車遅延通知処理 開始
I, [2018-04-21T16:30:06.531571 #27733]  INFO -- :  平均の風速取得処理　開始
I, [2018-04-21T16:30:06.533123 #27733]  INFO -- :  平均の風速取得処理　正常終了
I, [2018-04-21T16:30:06.533206 #27733]  INFO -- :  平均値更新処理 開始
I, [2018-04-21T16:30:06.539860 #27733]  INFO -- :  平均値更新処理 正常終了
I, [2018-04-21T16:30:06.540005 #27733]  INFO -- :  しきい値取得処理 開始
I, [2018-04-21T16:30:06.540423 #27733]  INFO -- :  しきい値取得処理 正常終了
I, [2018-04-21T16:30:06.540557 #27733]  INFO -- :  通知判定処理 開始
I, [2018-04-21T16:30:06.803052 #27733]  INFO -- :  通知判定処理 正常終了
I, [2018-04-21T16:30:06.803152 #27733]  INFO -- : 電車遅延通知処理 終了
I, [2018-04-21T16:30:06.803195 #27733]  INFO -- : --------------------------------------------------
I, [2018-04-21T16:30:34.927307 #27750]  INFO -- : --------------------------------------------------
I, [2018-04-21T16:30:34.927372 #27750]  INFO -- : 電車遅延通知処理 開始
I, [2018-04-21T16:30:34.927395 #27750]  INFO -- :  平均の風速取得処理　開始
I, [2018-04-21T16:30:34.928434 #27750]  INFO -- :  平均の風速取得処理　正常終了
I, [2018-04-21T16:30:34.928488 #27750]  INFO -- :  平均値更新処理 開始
I, [2018-04-21T16:30:34.935188 #27750]  INFO -- :  平均値更新処理 正常終了
I, [2018-04-21T16:30:34.935292 #27750]  INFO -- :  しきい値取得処理 開始
I, [2018-04-21T16:30:34.935575 #27750]  INFO -- :  しきい値取得処理 正常終了
I, [2018-04-21T16:30:34.935650 #27750]  INFO -- :  通知判定処理 開始
I, [2018-04-21T16:30:35.196772 #27750]  INFO -- :  通知判定処理 正常終了
I, [2018-04-21T16:30:35.196869 #27750]  INFO -- : 電車遅延通知処理 終了
I, [2018-04-21T16:30:35.196910 #27750]  INFO -- : --------------------------------------------------
I, [2018-04-21T16:31:02.280707 #27768]  INFO -- : --------------------------------------------------
I, [2018-04-21T16:31:02.280775 #27768]  INFO -- : 電車遅延通知処理 開始
I, [2018-04-21T16:31:02.280803 #27768]  INFO -- :  平均の風速取得処理　開始
I, [2018-04-21T16:31:02.281822 #27768]  INFO -- :  平均の風速取得処理　正常終了
I, [2018-04-21T16:31:02.281876 #27768]  INFO -- :  平均値更新処理 開始
I, [2018-04-21T16:31:02.288564 #27768]  INFO -- :  平均値更新処理 正常終了
I, [2018-04-21T16:31:02.288736 #27768]  INFO -- :  しきい値取得処理 開始
I, [2018-04-21T16:31:02.289065 #27768]  INFO -- :  しきい値取得処理 正常終了
I, [2018-04-21T16:31:02.289169 #27768]  INFO -- :  通知判定処理 開始
I, [2018-04-21T16:31:02.549870 #27768]  INFO -- :  通知判定処理 正常終了
I, [2018-04-21T16:31:02.549963 #27768]  INFO -- : 電車遅延通知処理 終了
I, [2018-04-21T16:31:02.550001 #27768]  INFO -- : --------------------------------------------------
I, [2018-04-21T16:31:35.458206 #27784]  INFO -- : --------------------------------------------------
I, [2018-04-21T16:31:35.458285 #27784]  INFO -- : 電車遅延通知処理 開始
I, [2018-04-21T16:31:35.458312 #27784]  INFO -- :  平均の風速取得処理　開始
I, [2018-04-21T16:31:35.459273 #27784]  INFO -- :  平均の風速取得処理　正常終了
I, [2018-04-21T16:31:35.459328 #27784]  INFO -- :  平均値更新処理 開始
I, [2018-04-21T16:31:35.466078 #27784]  INFO -- :  平均値更新処理 正常終了
I, [2018-04-21T16:31:35.466230 #27784]  INFO -- :  しきい値取得処理 開始
I, [2018-04-21T16:31:35.466740 #27784]  INFO -- :  しきい値取得処理 正常終了
I, [2018-04-21T16:31:35.466826 #27784]  INFO -- :  通知判定処理 開始
I, [2018-04-21T16:31:35.764644 #27784]  INFO -- :  通知判定処理 正常終了
I, [2018-04-21T16:31:35.764743 #27784]  INFO -- : 電車遅延通知処理 終了
I, [2018-04-21T16:31:35.764784 #27784]  INFO -- : --------------------------------------------------
I, [2018-04-21T16:31:56.194716 #27800]  INFO -- : --------------------------------------------------
I, [2018-04-21T16:31:56.194786 #27800]  INFO -- : 電車遅延通知処理 開始
I, [2018-04-21T16:31:56.194808 #27800]  INFO -- :  平均の風速取得処理　開始
I, [2018-04-21T16:31:56.195757 #27800]  INFO -- :  平均の風速取得処理　正常終了
I, [2018-04-21T16:31:56.195810 #27800]  INFO -- :  平均値更新処理 開始
I, [2018-04-21T16:31:56.202531 #27800]  INFO -- :  平均値更新処理 正常終了
I, [2018-04-21T16:31:56.202654 #27800]  INFO -- :  しきい値取得処理 開始
I, [2018-04-21T16:31:56.203082 #27800]  INFO -- :  しきい値取得処理 正常終了
I, [2018-04-21T16:31:56.203151 #27800]  INFO -- :  通知判定処理 開始
I, [2018-04-21T16:31:56.478652 #27800]  INFO -- :  通知判定処理 正常終了
I, [2018-04-21T16:31:56.478746 #27800]  INFO -- : 電車遅延通知処理 終了
I, [2018-04-21T16:31:56.478786 #27800]  INFO -- : --------------------------------------------------
I, [2018-04-21T16:32:53.424614 #27816]  INFO -- : --------------------------------------------------
I, [2018-04-21T16:32:53.424679 #27816]  INFO -- : 電車遅延通知処理 開始
I, [2018-04-21T16:32:53.424705 #27816]  INFO -- :  平均の風速取得処理　開始
I, [2018-04-21T16:32:53.425650 #27816]  INFO -- :  平均の風速取得処理　正常終了
I, [2018-04-21T16:32:53.425704 #27816]  INFO -- :  平均値更新処理 開始
I, [2018-04-21T16:32:53.432368 #27816]  INFO -- :  平均値更新処理 正常終了
I, [2018-04-21T16:32:53.432473 #27816]  INFO -- :  しきい値取得処理 開始
I, [2018-04-21T16:32:53.432966 #27816]  INFO -- :  しきい値取得処理 正常終了
I, [2018-04-21T16:32:53.433085 #27816]  INFO -- :  通知判定処理 開始
I, [2018-04-21T16:32:53.860752 #27816]  INFO -- :  通知判定処理 正常終了
I, [2018-04-21T16:32:53.860849 #27816]  INFO -- : 電車遅延通知処理 終了
I, [2018-04-21T16:32:53.860890 #27816]  INFO -- : --------------------------------------------------
I, [2018-04-21T16:33:47.686016 #27834]  INFO -- : --------------------------------------------------
I, [2018-04-21T16:33:47.686086 #27834]  INFO -- : 電車遅延通知処理 開始
I, [2018-04-21T16:33:47.686119 #27834]  INFO -- :  平均の風速取得処理　開始
I, [2018-04-21T16:33:47.687135 #27834]  INFO -- :  平均の風速取得処理　正常終了
I, [2018-04-21T16:33:47.687190 #27834]  INFO -- :  平均値更新処理 開始
I, [2018-04-21T16:33:47.693979 #27834]  INFO -- :  平均値更新処理 正常終了
I, [2018-04-21T16:33:47.694116 #27834]  INFO -- :  しきい値取得処理 開始
I, [2018-04-21T16:33:47.694517 #27834]  INFO -- :  しきい値取得処理 正常終了
I, [2018-04-21T16:33:47.694609 #27834]  INFO -- :  通知判定処理 開始
I, [2018-04-21T16:33:47.953393 #27834]  INFO -- :  通知判定処理 正常終了
I, [2018-04-21T16:33:47.953474 #27834]  INFO -- : 電車遅延通知処理 終了
I, [2018-04-21T16:33:47.953505 #27834]  INFO -- : --------------------------------------------------
I, [2018-04-21T16:49:16.451452 #27962]  INFO -- : --------------------------------------------------
I, [2018-04-21T16:49:16.451993 #27962]  INFO -- : 電車遅延通知処理 開始
I, [2018-04-21T16:49:16.452049 #27962]  INFO -- :  平均の風速取得処理　開始
I, [2018-04-21T16:49:16.453300 #27962]  INFO -- :  平均の風速取得処理　正常終了
I, [2018-04-21T16:49:16.453374 #27962]  INFO -- :  平均値更新処理 開始
I, [2018-04-21T16:49:16.454613 #27962]  INFO -- :  平均値更新処理 正常終了
I, [2018-04-21T16:49:16.454694 #27962]  INFO -- :  しきい値取得処理 開始
I, [2018-04-21T16:49:16.454973 #27962]  INFO -- :  しきい値取得処理 正常終了
I, [2018-04-21T16:49:16.455062 #27962]  INFO -- :  通知判定処理 開始
E, [2018-04-21T16:49:16.947892 #27962] ERROR -- :  通知判定処理 異常終了
E, [2018-04-21T16:49:16.947975 #27962] ERROR -- : 通知の判定処理でエラーが発生したため、処理を終了します
E, [2018-04-21T16:49:16.948010 #27962] ERROR -- : 電車遅延通知処理 異常終了
I, [2018-04-21T16:49:16.948038 #27962]  INFO -- : --------------------------------------------------
I, [2018-04-21T16:49:23.498728 #27978]  INFO -- : --------------------------------------------------
I, [2018-04-21T16:49:23.498799 #27978]  INFO -- : 電車遅延通知処理 開始
I, [2018-04-21T16:49:23.498822 #27978]  INFO -- :  平均の風速取得処理　開始
I, [2018-04-21T16:49:23.499840 #27978]  INFO -- :  平均の風速取得処理　正常終了
I, [2018-04-21T16:49:23.499932 #27978]  INFO -- :  平均値更新処理 開始
I, [2018-04-21T16:49:23.506659 #27978]  INFO -- :  平均値更新処理 正常終了
I, [2018-04-21T16:49:23.506855 #27978]  INFO -- :  しきい値取得処理 開始
I, [2018-04-21T16:49:23.507358 #27978]  INFO -- :  しきい値取得処理 正常終了
I, [2018-04-21T16:49:23.507516 #27978]  INFO -- :  通知判定処理 開始
E, [2018-04-21T16:49:23.805492 #27978] ERROR -- :  通知判定処理 異常終了
E, [2018-04-21T16:49:23.805591 #27978] ERROR -- : 通知の判定処理でエラーが発生したため、処理を終了します
E, [2018-04-21T16:49:23.805634 #27978] ERROR -- : 電車遅延通知処理 異常終了
I, [2018-04-21T16:49:23.805669 #27978]  INFO -- : --------------------------------------------------
I, [2018-04-21T16:49:42.959360 #27994]  INFO -- : --------------------------------------------------
I, [2018-04-21T16:49:42.959446 #27994]  INFO -- : 電車遅延通知処理 開始
I, [2018-04-21T16:49:42.959476 #27994]  INFO -- :  平均の風速取得処理　開始
I, [2018-04-21T16:49:42.960680 #27994]  INFO -- :  平均の風速取得処理　正常終了
I, [2018-04-21T16:49:42.960748 #27994]  INFO -- :  平均値更新処理 開始
I, [2018-04-21T16:49:42.966993 #27994]  INFO -- :  平均値更新処理 正常終了
I, [2018-04-21T16:49:42.967112 #27994]  INFO -- :  しきい値取得処理 開始
I, [2018-04-21T16:49:42.967378 #27994]  INFO -- :  しきい値取得処理 正常終了
I, [2018-04-21T16:49:42.967444 #27994]  INFO -- :  通知判定処理 開始
I, [2018-04-21T16:49:43.259407 #27994]  INFO -- :  通知判定処理 正常終了
I, [2018-04-21T16:49:43.259505 #27994]  INFO -- : 電車遅延通知処理 終了
I, [2018-04-21T16:49:43.259538 #27994]  INFO -- : --------------------------------------------------
I, [2018-04-21T16:50:56.318156 #28014]  INFO -- : --------------------------------------------------
I, [2018-04-21T16:50:56.318231 #28014]  INFO -- : 電車遅延通知処理 開始
I, [2018-04-21T16:50:56.318254 #28014]  INFO -- :  平均の風速取得処理　開始
I, [2018-04-21T16:50:56.319329 #28014]  INFO -- :  平均の風速取得処理　正常終了
I, [2018-04-21T16:50:56.319391 #28014]  INFO -- :  平均値更新処理 開始
I, [2018-04-21T16:50:56.326018 #28014]  INFO -- :  平均値更新処理 正常終了
I, [2018-04-21T16:50:56.326140 #28014]  INFO -- :  しきい値取得処理 開始
I, [2018-04-21T16:50:56.326610 #28014]  INFO -- :  しきい値取得処理 正常終了
I, [2018-04-21T16:50:56.326699 #28014]  INFO -- :  通知判定処理 開始
I, [2018-04-21T16:50:56.588018 #28014]  INFO -- :  通知判定処理 正常終了
I, [2018-04-21T16:50:56.588114 #28014]  INFO -- : 電車遅延通知処理 終了
I, [2018-04-21T16:50:56.588154 #28014]  INFO -- : --------------------------------------------------
I, [2018-04-21T16:53:54.451077 #28031]  INFO -- : --------------------------------------------------
I, [2018-04-21T16:53:54.451149 #28031]  INFO -- : 電車遅延通知処理 開始
I, [2018-04-21T16:53:54.451174 #28031]  INFO -- :  平均の風速取得処理　開始
I, [2018-04-21T16:53:54.452221 #28031]  INFO -- :  平均の風速取得処理　正常終了
I, [2018-04-21T16:53:54.452279 #28031]  INFO -- :  平均値更新処理 開始
I, [2018-04-21T16:53:54.459035 #28031]  INFO -- :  平均値更新処理 正常終了
I, [2018-04-21T16:53:54.459140 #28031]  INFO -- :  しきい値取得処理 開始
I, [2018-04-21T16:53:54.459662 #28031]  INFO -- :  しきい値取得処理 正常終了
I, [2018-04-21T16:53:54.459731 #28031]  INFO -- :  通知判定処理 開始
I, [2018-04-21T16:53:54.788027 #28031]  INFO -- :  通知判定処理 正常終了
I, [2018-04-21T16:53:54.788123 #28031]  INFO -- : 電車遅延通知処理 終了
I, [2018-04-21T16:53:54.788164 #28031]  INFO -- : --------------------------------------------------
I, [2018-04-21T16:59:24.254767 #28057]  INFO -- : --------------------------------------------------
I, [2018-04-21T16:59:24.254840 #28057]  INFO -- : 電車遅延通知処理 開始
I, [2018-04-21T16:59:24.254863 #28057]  INFO -- :  平均の風速取得処理　開始
I, [2018-04-21T16:59:24.255927 #28057]  INFO -- :  平均の風速取得処理　正常終了
I, [2018-04-21T16:59:24.255987 #28057]  INFO -- :  平均値更新処理 開始
I, [2018-04-21T16:59:24.262709 #28057]  INFO -- :  平均値更新処理 正常終了
I, [2018-04-21T16:59:24.262819 #28057]  INFO -- :  しきい値取得処理 開始
I, [2018-04-21T16:59:24.263179 #28057]  INFO -- :  しきい値取得処理 正常終了
I, [2018-04-21T16:59:24.263292 #28057]  INFO -- :  通知判定処理 開始
E, [2018-04-21T16:59:24.602450 #28057] ERROR -- :  通知判定処理 異常終了
E, [2018-04-21T16:59:24.602555 #28057] ERROR -- : 通知の判定処理でエラーが発生したため、処理を終了します
E, [2018-04-21T16:59:24.602599 #28057] ERROR -- : 電車遅延通知処理 異常終了
I, [2018-04-21T16:59:24.602633 #28057]  INFO -- : --------------------------------------------------
I, [2018-04-21T17:00:20.604343 #28077]  INFO -- : --------------------------------------------------
I, [2018-04-21T17:00:20.604409 #28077]  INFO -- : 電車遅延通知処理 開始
I, [2018-04-21T17:00:20.604436 #28077]  INFO -- :  平均の風速取得処理　開始
I, [2018-04-21T17:00:20.605381 #28077]  INFO -- :  平均の風速取得処理　正常終了
I, [2018-04-21T17:00:20.605435 #28077]  INFO -- :  平均値更新処理 開始
E, [2018-04-21T17:00:20.605530 #28077] ERROR -- :  平均値更新処理 異常終了
E, [2018-04-21T17:00:20.605571 #28077] ERROR -- : 平均値の更新処理でエラーが発生したため、処理を終了します
E, [2018-04-21T17:00:20.605614 #28077] ERROR -- : 電車遅延通知処理 異常終了
I, [2018-04-21T17:00:20.605629 #28077]  INFO -- : --------------------------------------------------
I, [2018-04-21T17:00:52.459394 #28092]  INFO -- : --------------------------------------------------
I, [2018-04-21T17:00:52.459465 #28092]  INFO -- : 天気の記録処理 開始
I, [2018-04-21T17:00:52.459511 #28092]  INFO -- :  天気取得処理 開始
I, [2018-04-21T17:00:52.716593 #28092]  INFO -- :  天気取得処理 正常終了
I, [2018-04-21T17:00:52.716697 #28092]  INFO -- :  ログ書き込み処理 開始
I, [2018-04-21T17:00:52.725172 #28092]  INFO -- :   実行SQL-------------------------------------------------------------------------------------------
I, [2018-04-21T17:00:52.725247 #28092]  INFO -- :    INSERT INTO Log(CreateDate,City_Name,Rain_Check,Snow_Check,Wind_Deg,Wind_Speed)
I, [2018-04-21T17:00:52.725288 #28092]  INFO -- :    VALUES ('2018-04-21' , 'Ishinomaki','true','true','東','1.5')
I, [2018-04-21T17:00:52.725313 #28092]  INFO -- :   -------------------------------------------------------------------------------------------------
I, [2018-04-21T17:00:52.725342 #28092]  INFO -- :  ログ書き込み処理 正常終了
I, [2018-04-21T17:00:52.725441 #28092]  INFO -- : 天気の記録処理 正常終了
I, [2018-04-21T17:00:52.725474 #28092]  INFO -- : --------------------------------------------------
I, [2018-04-21T17:01:12.704140 #28109]  INFO -- : --------------------------------------------------
I, [2018-04-21T17:01:12.704243 #28109]  INFO -- : 電車遅延通知処理 開始
I, [2018-04-21T17:01:12.704279 #28109]  INFO -- :  平均の風速取得処理　開始
I, [2018-04-21T17:01:12.705790 #28109]  INFO -- :  平均の風速取得処理　正常終了
I, [2018-04-21T17:01:12.705876 #28109]  INFO -- :  平均値更新処理 開始
I, [2018-04-21T17:01:12.708934 #28109]  INFO -- :  平均値更新処理 正常終了
I, [2018-04-21T17:01:12.709035 #28109]  INFO -- :  しきい値取得処理 開始
I, [2018-04-21T17:01:12.709306 #28109]  INFO -- :  しきい値取得処理 正常終了
I, [2018-04-21T17:01:12.709368 #28109]  INFO -- :  通知判定処理 開始
E, [2018-04-21T17:01:12.997481 #28109] ERROR -- :  通知判定処理 異常終了
E, [2018-04-21T17:01:12.997565 #28109] ERROR -- : 通知の判定処理でエラーが発生したため、処理を終了します
E, [2018-04-21T17:01:12.997598 #28109] ERROR -- : 電車遅延通知処理 異常終了
I, [2018-04-21T17:01:12.997625 #28109]  INFO -- : --------------------------------------------------
I, [2018-04-21T17:01:27.035405 #28125]  INFO -- : --------------------------------------------------
I, [2018-04-21T17:01:27.035474 #28125]  INFO -- : 電車遅延通知処理 開始
I, [2018-04-21T17:01:27.035501 #28125]  INFO -- :  平均の風速取得処理　開始
I, [2018-04-21T17:01:27.036602 #28125]  INFO -- :  平均の風速取得処理　正常終了
I, [2018-04-21T17:01:27.036664 #28125]  INFO -- :  平均値更新処理 開始
I, [2018-04-21T17:01:27.043267 #28125]  INFO -- :  平均値更新処理 正常終了
I, [2018-04-21T17:01:27.043456 #28125]  INFO -- :  しきい値取得処理 開始
I, [2018-04-21T17:01:27.043968 #28125]  INFO -- :  しきい値取得処理 正常終了
I, [2018-04-21T17:01:27.044067 #28125]  INFO -- :  通知判定処理 開始
E, [2018-04-21T17:01:27.303875 #28125] ERROR -- :  通知判定処理 異常終了
E, [2018-04-21T17:01:27.303978 #28125] ERROR -- : 通知の判定処理でエラーが発生したため、処理を終了します
E, [2018-04-21T17:01:27.304021 #28125] ERROR -- : 電車遅延通知処理 異常終了
I, [2018-04-21T17:01:27.304056 #28125]  INFO -- : --------------------------------------------------
I, [2018-04-21T17:02:08.208995 #28140]  INFO -- : --------------------------------------------------
I, [2018-04-21T17:02:08.741625 #28140]  INFO -- : 電車遅延通知処理 開始
I, [2018-04-21T17:02:12.505731 #28140]  INFO -- :  平均の風速取得処理　開始
I, [2018-04-21T17:02:12.508105 #28140]  INFO -- :  平均の風速取得処理　正常終了
I, [2018-04-21T17:02:13.104483 #28140]  INFO -- :  平均値更新処理 開始
I, [2018-04-21T17:02:13.110458 #28140]  INFO -- :  平均値更新処理 正常終了
I, [2018-04-21T17:02:13.972502 #28140]  INFO -- :  しきい値取得処理 開始
I, [2018-04-21T17:02:13.973134 #28140]  INFO -- :  しきい値取得処理 正常終了
I, [2018-04-21T17:02:21.322322 #28140]  INFO -- :  通知判定処理 開始
E, [2018-04-21T17:03:15.712415 #28140] ERROR -- :  通知判定処理 異常終了
E, [2018-04-21T17:03:15.712508 #28140] ERROR -- : 通知の判定処理でエラーが発生したため、処理を終了します
E, [2018-04-21T17:03:15.712541 #28140] ERROR -- : 電車遅延通知処理 異常終了
I, [2018-04-21T17:03:15.712569 #28140]  INFO -- : --------------------------------------------------
I, [2018-04-21T17:03:20.067095 #28179]  INFO -- : --------------------------------------------------
I, [2018-04-21T17:03:20.067165 #28179]  INFO -- : 電車遅延通知処理 開始
I, [2018-04-21T17:03:20.067195 #28179]  INFO -- :  平均の風速取得処理　開始
I, [2018-04-21T17:03:20.068221 #28179]  INFO -- :  平均の風速取得処理　正常終了
I, [2018-04-21T17:03:20.068279 #28179]  INFO -- :  平均値更新処理 開始
I, [2018-04-21T17:03:20.074736 #28179]  INFO -- :  平均値更新処理 正常終了
I, [2018-04-21T17:03:20.074852 #28179]  INFO -- :  しきい値取得処理 開始
I, [2018-04-21T17:03:20.075338 #28179]  INFO -- :  しきい値取得処理 正常終了
I, [2018-04-21T17:03:20.075452 #28179]  INFO -- :  通知判定処理 開始
E, [2018-04-21T17:03:20.333900 #28179] ERROR -- :  通知判定処理 異常終了
E, [2018-04-21T17:03:20.334003 #28179] ERROR -- : 通知の判定処理でエラーが発生したため、処理を終了します
E, [2018-04-21T17:03:20.334045 #28179] ERROR -- : 電車遅延通知処理 異常終了
I, [2018-04-21T17:03:20.334079 #28179]  INFO -- : --------------------------------------------------
I, [2018-04-21T17:03:30.570217 #28194]  INFO -- : --------------------------------------------------
I, [2018-04-21T17:03:30.927267 #28194]  INFO -- : 電車遅延通知処理 開始
I, [2018-04-21T17:03:33.614708 #28194]  INFO -- :  平均の風速取得処理　開始
I, [2018-04-21T17:03:33.616466 #28194]  INFO -- :  平均の風速取得処理　正常終了
I, [2018-04-21T17:03:34.027260 #28194]  INFO -- :  平均値更新処理 開始
I, [2018-04-21T17:03:34.033383 #28194]  INFO -- :  平均値更新処理 正常終了
I, [2018-04-21T17:03:34.810463 #28194]  INFO -- :  しきい値取得処理 開始
I, [2018-04-21T17:03:34.811274 #28194]  INFO -- :  しきい値取得処理 正常終了
I, [2018-04-21T17:03:35.320815 #28194]  INFO -- :  通知判定処理 開始
E, [2018-04-21T17:03:35.579047 #28194] ERROR -- :  通知判定処理 異常終了
E, [2018-04-21T17:03:37.993704 #28194] ERROR -- : 通知の判定処理でエラーが発生したため、処理を終了します
E, [2018-04-21T17:03:37.993788 #28194] ERROR -- : 電車遅延通知処理 異常終了
I, [2018-04-21T17:03:37.993830 #28194]  INFO -- : --------------------------------------------------
I, [2018-04-21T17:03:43.251603 #28224]  INFO -- : --------------------------------------------------
I, [2018-04-21T17:03:43.766557 #28224]  INFO -- : 電車遅延通知処理 開始
I, [2018-04-21T17:03:46.727460 #28224]  INFO -- :  平均の風速取得処理　開始
I, [2018-04-21T17:03:46.729549 #28224]  INFO -- :  平均の風速取得処理　正常終了
I, [2018-04-21T17:03:47.297523 #28224]  INFO -- :  平均値更新処理 開始
I, [2018-04-21T17:03:47.303344 #28224]  INFO -- :  平均値更新処理 正常終了
I, [2018-04-21T17:03:48.155412 #28224]  INFO -- :  しきい値取得処理 開始
I, [2018-04-21T17:03:48.156165 #28224]  INFO -- :  しきい値取得処理 正常終了
I, [2018-04-21T17:03:52.572435 #28224]  INFO -- :  通知判定処理 開始
E, [2018-04-21T17:05:04.531583 #28224] ERROR -- :  通知判定処理 異常終了
E, [2018-04-21T17:05:04.531757 #28224] ERROR -- : 通知の判定処理でエラーが発生したため、処理を終了します
E, [2018-04-21T17:05:04.531880 #28224] ERROR -- : 電車遅延通知処理 異常終了
I, [2018-04-21T17:05:04.531991 #28224]  INFO -- : --------------------------------------------------
I, [2018-04-21T17:05:06.811858 #28280]  INFO -- : --------------------------------------------------
I, [2018-04-21T17:05:06.811928 #28280]  INFO -- : 電車遅延通知処理 開始
I, [2018-04-21T17:05:06.811952 #28280]  INFO -- :  平均の風速取得処理　開始
I, [2018-04-21T17:05:06.812997 #28280]  INFO -- :  平均の風速取得処理　正常終了
I, [2018-04-21T17:05:06.813060 #28280]  INFO -- :  平均値更新処理 開始
I, [2018-04-21T17:05:06.819667 #28280]  INFO -- :  平均値更新処理 正常終了
I, [2018-04-21T17:05:06.819849 #28280]  INFO -- :  しきい値取得処理 開始
I, [2018-04-21T17:05:06.820183 #28280]  INFO -- :  しきい値取得処理 正常終了
I, [2018-04-21T17:05:06.820273 #28280]  INFO -- :  通知判定処理 開始
E, [2018-04-21T17:05:07.227517 #28280] ERROR -- :  通知判定処理 異常終了
E, [2018-04-21T17:05:07.227623 #28280] ERROR -- : 通知の判定処理でエラーが発生したため、処理を終了します
E, [2018-04-21T17:05:07.227666 #28280] ERROR -- : 電車遅延通知処理 異常終了
I, [2018-04-21T17:05:07.227702 #28280]  INFO -- : --------------------------------------------------
I, [2018-04-21T17:05:38.687368 #28296]  INFO -- : --------------------------------------------------
I, [2018-04-21T17:05:38.687444 #28296]  INFO -- : 電車遅延通知処理 開始
I, [2018-04-21T17:05:38.687468 #28296]  INFO -- :  平均の風速取得処理　開始
I, [2018-04-21T17:05:38.688502 #28296]  INFO -- :  平均の風速取得処理　正常終了
I, [2018-04-21T17:05:38.688557 #28296]  INFO -- :  平均値更新処理 開始
I, [2018-04-21T17:05:38.695158 #28296]  INFO -- :  平均値更新処理 正常終了
I, [2018-04-21T17:05:38.695257 #28296]  INFO -- :  しきい値取得処理 開始
I, [2018-04-21T17:05:38.695640 #28296]  INFO -- :  しきい値取得処理 正常終了
I, [2018-04-21T17:05:38.695703 #28296]  INFO -- :  通知判定処理 開始
E, [2018-04-21T17:05:38.978681 #28296] ERROR -- :  通知判定処理 異常終了
E, [2018-04-21T17:05:38.978777 #28296] ERROR -- : 通知の判定処理でエラーが発生したため、処理を終了します
E, [2018-04-21T17:05:38.978818 #28296] ERROR -- : 電車遅延通知処理 異常終了
I, [2018-04-21T17:05:38.978851 #28296]  INFO -- : --------------------------------------------------
I, [2018-04-21T17:05:53.219204 #28312]  INFO -- : --------------------------------------------------
I, [2018-04-21T17:05:53.219273 #28312]  INFO -- : 電車遅延通知処理 開始
I, [2018-04-21T17:05:53.219301 #28312]  INFO -- :  平均の風速取得処理　開始
I, [2018-04-21T17:05:53.220366 #28312]  INFO -- :  平均の風速取得処理　正常終了
I, [2018-04-21T17:05:53.220422 #28312]  INFO -- :  平均値更新処理 開始
I, [2018-04-21T17:05:53.227106 #28312]  INFO -- :  平均値更新処理 正常終了
I, [2018-04-21T17:05:53.227248 #28312]  INFO -- :  しきい値取得処理 開始
I, [2018-04-21T17:05:53.227532 #28312]  INFO -- :  しきい値取得処理 正常終了
I, [2018-04-21T17:05:53.227588 #28312]  INFO -- :  通知判定処理 開始
E, [2018-04-21T17:05:53.500921 #28312] ERROR -- :  通知判定処理 異常終了
E, [2018-04-21T17:05:53.501023 #28312] ERROR -- : 通知の判定処理でエラーが発生したため、処理を終了します
E, [2018-04-21T17:05:53.501064 #28312] ERROR -- : 電車遅延通知処理 異常終了
I, [2018-04-21T17:05:53.501102 #28312]  INFO -- : --------------------------------------------------
I, [2018-04-21T17:06:06.847775 #28329]  INFO -- : --------------------------------------------------
I, [2018-04-21T17:06:06.847842 #28329]  INFO -- : 電車遅延通知処理 開始
I, [2018-04-21T17:06:06.847873 #28329]  INFO -- :  平均の風速取得処理　開始
I, [2018-04-21T17:06:06.848826 #28329]  INFO -- :  平均の風速取得処理　正常終了
I, [2018-04-21T17:06:06.848877 #28329]  INFO -- :  平均値更新処理 開始
I, [2018-04-21T17:06:06.855667 #28329]  INFO -- :  平均値更新処理 正常終了
I, [2018-04-21T17:06:06.855818 #28329]  INFO -- :  しきい値取得処理 開始
I, [2018-04-21T17:06:06.856188 #28329]  INFO -- :  しきい値取得処理 正常終了
I, [2018-04-21T17:06:06.856273 #28329]  INFO -- :  通知判定処理 開始
E, [2018-04-21T17:06:07.146471 #28329] ERROR -- :  通知判定処理 異常終了
E, [2018-04-21T17:06:07.146566 #28329] ERROR -- : 通知の判定処理でエラーが発生したため、処理を終了します
E, [2018-04-21T17:06:07.146606 #28329] ERROR -- : 電車遅延通知処理 異常終了
I, [2018-04-21T17:06:07.146639 #28329]  INFO -- : --------------------------------------------------
I, [2018-04-21T17:06:17.760296 #28345]  INFO -- : --------------------------------------------------
I, [2018-04-21T17:06:17.760374 #28345]  INFO -- : 電車遅延通知処理 開始
I, [2018-04-21T17:06:17.760398 #28345]  INFO -- :  平均の風速取得処理　開始
I, [2018-04-21T17:06:17.761429 #28345]  INFO -- :  平均の風速取得処理　正常終了
I, [2018-04-21T17:06:17.761486 #28345]  INFO -- :  平均値更新処理 開始
I, [2018-04-21T17:06:17.768231 #28345]  INFO -- :  平均値更新処理 正常終了
I, [2018-04-21T17:06:17.768402 #28345]  INFO -- :  しきい値取得処理 開始
I, [2018-04-21T17:06:17.768830 #28345]  INFO -- :  しきい値取得処理 正常終了
I, [2018-04-21T17:06:17.768910 #28345]  INFO -- :  通知判定処理 開始
E, [2018-04-21T17:06:18.022513 #28345] ERROR -- :  通知判定処理 異常終了
E, [2018-04-21T17:06:18.022612 #28345] ERROR -- : 通知の判定処理でエラーが発生したため、処理を終了します
E, [2018-04-21T17:06:18.022657 #28345] ERROR -- : 電車遅延通知処理 異常終了
I, [2018-04-21T17:06:18.022693 #28345]  INFO -- : --------------------------------------------------
I, [2018-04-21T17:06:27.084398 #28361]  INFO -- : --------------------------------------------------
I, [2018-04-21T17:06:27.084467 #28361]  INFO -- : 電車遅延通知処理 開始
I, [2018-04-21T17:06:27.084490 #28361]  INFO -- :  平均の風速取得処理　開始
I, [2018-04-21T17:06:27.085468 #28361]  INFO -- :  平均の風速取得処理　正常終了
I, [2018-04-21T17:06:27.085526 #28361]  INFO -- :  平均値更新処理 開始
I, [2018-04-21T17:06:27.092281 #28361]  INFO -- :  平均値更新処理 正常終了
I, [2018-04-21T17:06:27.092447 #28361]  INFO -- :  しきい値取得処理 開始
I, [2018-04-21T17:06:27.092920 #28361]  INFO -- :  しきい値取得処理 正常終了
I, [2018-04-21T17:06:27.093024 #28361]  INFO -- :  通知判定処理 開始
E, [2018-04-21T17:06:27.366552 #28361] ERROR -- :  通知判定処理 異常終了
E, [2018-04-21T17:06:27.366654 #28361] ERROR -- : 通知の判定処理でエラーが発生したため、処理を終了します
E, [2018-04-21T17:06:27.366697 #28361] ERROR -- : 電車遅延通知処理 異常終了
I, [2018-04-21T17:06:27.366731 #28361]  INFO -- : --------------------------------------------------
I, [2018-04-21T17:06:34.442716 #28377]  INFO -- : --------------------------------------------------
I, [2018-04-21T17:06:34.442780 #28377]  INFO -- : 電車遅延通知処理 開始
I, [2018-04-21T17:06:34.442803 #28377]  INFO -- :  平均の風速取得処理　開始
I, [2018-04-21T17:06:34.443825 #28377]  INFO -- :  平均の風速取得処理　正常終了
I, [2018-04-21T17:06:34.443881 #28377]  INFO -- :  平均値更新処理 開始
I, [2018-04-21T17:06:34.450386 #28377]  INFO -- :  平均値更新処理 正常終了
I, [2018-04-21T17:06:34.450581 #28377]  INFO -- :  しきい値取得処理 開始
I, [2018-04-21T17:06:34.451062 #28377]  INFO -- :  しきい値取得処理 正常終了
I, [2018-04-21T17:06:34.451213 #28377]  INFO -- :  通知判定処理 開始
E, [2018-04-21T17:06:34.711096 #28377] ERROR -- :  通知判定処理 異常終了
E, [2018-04-21T17:06:34.711190 #28377] ERROR -- : 通知の判定処理でエラーが発生したため、処理を終了します
E, [2018-04-21T17:06:34.711229 #28377] ERROR -- : 電車遅延通知処理 異常終了
I, [2018-04-21T17:06:34.711262 #28377]  INFO -- : --------------------------------------------------
I, [2018-04-21T17:06:58.478486 #28394]  INFO -- : --------------------------------------------------
I, [2018-04-21T17:06:58.478557 #28394]  INFO -- : 電車遅延通知処理 開始
I, [2018-04-21T17:06:58.478585 #28394]  INFO -- :  平均の風速取得処理　開始
I, [2018-04-21T17:06:58.479606 #28394]  INFO -- :  平均の風速取得処理　正常終了
I, [2018-04-21T17:06:58.479664 #28394]  INFO -- :  平均値更新処理 開始
I, [2018-04-21T17:06:58.486217 #28394]  INFO -- :  平均値更新処理 正常終了
I, [2018-04-21T17:06:58.486333 #28394]  INFO -- :  しきい値取得処理 開始
I, [2018-04-21T17:06:58.486756 #28394]  INFO -- :  しきい値取得処理 正常終了
I, [2018-04-21T17:06:58.486888 #28394]  INFO -- :  通知判定処理 開始
E, [2018-04-21T17:06:58.749623 #28394] ERROR -- :  通知判定処理 異常終了
E, [2018-04-21T17:06:58.749705 #28394] ERROR -- : 通知の判定処理でエラーが発生したため、処理を終了します
E, [2018-04-21T17:06:58.749738 #28394] ERROR -- : 電車遅延通知処理 異常終了
I, [2018-04-21T17:06:58.749765 #28394]  INFO -- : --------------------------------------------------
I, [2018-04-21T17:07:24.786713 #28410]  INFO -- : --------------------------------------------------
I, [2018-04-21T17:07:24.786784 #28410]  INFO -- : 電車遅延通知処理 開始
I, [2018-04-21T17:07:24.786811 #28410]  INFO -- :  平均の風速取得処理　開始
I, [2018-04-21T17:07:24.787834 #28410]  INFO -- :  平均の風速取得処理　正常終了
I, [2018-04-21T17:07:24.787889 #28410]  INFO -- :  平均値更新処理 開始
I, [2018-04-21T17:07:24.794271 #28410]  INFO -- :  平均値更新処理 正常終了
I, [2018-04-21T17:07:24.794370 #28410]  INFO -- :  しきい値取得処理 開始
I, [2018-04-21T17:07:24.794610 #28410]  INFO -- :  しきい値取得処理 正常終了
I, [2018-04-21T17:07:24.794663 #28410]  INFO -- :  通知判定処理 開始
E, [2018-04-21T17:07:25.072277 #28410] ERROR -- :  通知判定処理 異常終了
E, [2018-04-21T17:07:25.072376 #28410] ERROR -- : 通知の判定処理でエラーが発生したため、処理を終了します
E, [2018-04-21T17:07:25.072418 #28410] ERROR -- : 電車遅延通知処理 異常終了
I, [2018-04-21T17:07:25.072452 #28410]  INFO -- : --------------------------------------------------
I, [2018-04-21T17:07:37.563410 #28426]  INFO -- : --------------------------------------------------
I, [2018-04-21T17:07:37.563478 #28426]  INFO -- : 電車遅延通知処理 開始
I, [2018-04-21T17:07:37.563500 #28426]  INFO -- :  平均の風速取得処理　開始
I, [2018-04-21T17:07:37.564576 #28426]  INFO -- :  平均の風速取得処理　正常終了
I, [2018-04-21T17:07:37.564630 #28426]  INFO -- :  平均値更新処理 開始
I, [2018-04-21T17:07:37.571464 #28426]  INFO -- :  平均値更新処理 正常終了
I, [2018-04-21T17:07:37.571608 #28426]  INFO -- :  しきい値取得処理 開始
I, [2018-04-21T17:07:37.571994 #28426]  INFO -- :  しきい値取得処理 正常終了
I, [2018-04-21T17:07:37.572086 #28426]  INFO -- :  通知判定処理 開始
E, [2018-04-21T17:07:37.897620 #28426] ERROR -- :  通知判定処理 異常終了
E, [2018-04-21T17:07:37.897718 #28426] ERROR -- : 通知の判定処理でエラーが発生したため、処理を終了します
E, [2018-04-21T17:07:37.897761 #28426] ERROR -- : 電車遅延通知処理 異常終了
I, [2018-04-21T17:07:37.897796 #28426]  INFO -- : --------------------------------------------------
I, [2018-04-21T17:08:04.126049 #28445]  INFO -- : --------------------------------------------------
I, [2018-04-21T17:08:04.126126 #28445]  INFO -- : 電車遅延通知処理 開始
I, [2018-04-21T17:08:04.126149 #28445]  INFO -- :  平均の風速取得処理　開始
I, [2018-04-21T17:08:04.127163 #28445]  INFO -- :  平均の風速取得処理　正常終了
I, [2018-04-21T17:08:04.127221 #28445]  INFO -- :  平均値更新処理 開始
I, [2018-04-21T17:08:04.134050 #28445]  INFO -- :  平均値更新処理 正常終了
I, [2018-04-21T17:08:04.134239 #28445]  INFO -- :  しきい値取得処理 開始
I, [2018-04-21T17:08:04.134615 #28445]  INFO -- :  しきい値取得処理 正常終了
I, [2018-04-21T17:08:04.134742 #28445]  INFO -- :  通知判定処理 開始
E, [2018-04-21T17:08:04.401591 #28445] ERROR -- :  通知判定処理 異常終了
E, [2018-04-21T17:08:04.401684 #28445] ERROR -- : 通知の判定処理でエラーが発生したため、処理を終了します
E, [2018-04-21T17:08:04.401724 #28445] ERROR -- : 電車遅延通知処理 異常終了
I, [2018-04-21T17:08:04.401755 #28445]  INFO -- : --------------------------------------------------
I, [2018-04-21T17:08:10.796146 #28461]  INFO -- : --------------------------------------------------
I, [2018-04-21T17:08:10.796219 #28461]  INFO -- : 電車遅延通知処理 開始
I, [2018-04-21T17:08:10.796243 #28461]  INFO -- :  平均の風速取得処理　開始
I, [2018-04-21T17:08:10.797254 #28461]  INFO -- :  平均の風速取得処理　正常終了
I, [2018-04-21T17:08:10.797310 #28461]  INFO -- :  平均値更新処理 開始
I, [2018-04-21T17:08:10.804007 #28461]  INFO -- :  平均値更新処理 正常終了
I, [2018-04-21T17:08:10.804112 #28461]  INFO -- :  しきい値取得処理 開始
I, [2018-04-21T17:08:10.804485 #28461]  INFO -- :  しきい値取得処理 正常終了
I, [2018-04-21T17:08:10.804579 #28461]  INFO -- :  通知判定処理 開始
E, [2018-04-21T17:08:11.066182 #28461] ERROR -- :  通知判定処理 異常終了
E, [2018-04-21T17:08:11.066277 #28461] ERROR -- : 通知の判定処理でエラーが発生したため、処理を終了します
E, [2018-04-21T17:08:11.066320 #28461] ERROR -- : 電車遅延通知処理 異常終了
I, [2018-04-21T17:08:11.066355 #28461]  INFO -- : --------------------------------------------------
I, [2018-04-21T17:08:25.174193 #28478]  INFO -- : --------------------------------------------------
I, [2018-04-21T17:08:25.174269 #28478]  INFO -- : 電車遅延通知処理 開始
I, [2018-04-21T17:08:25.174294 #28478]  INFO -- :  平均の風速取得処理　開始
I, [2018-04-21T17:08:25.175358 #28478]  INFO -- :  平均の風速取得処理　正常終了
I, [2018-04-21T17:08:25.175423 #28478]  INFO -- :  平均値更新処理 開始
I, [2018-04-21T17:08:25.181847 #28478]  INFO -- :  平均値更新処理 正常終了
I, [2018-04-21T17:08:25.181969 #28478]  INFO -- :  しきい値取得処理 開始
I, [2018-04-21T17:08:25.182372 #28478]  INFO -- :  しきい値取得処理 正常終了
I, [2018-04-21T17:08:25.182465 #28478]  INFO -- :  通知判定処理 開始
E, [2018-04-21T17:08:25.437760 #28478] ERROR -- :  通知判定処理 異常終了
E, [2018-04-21T17:08:25.437866 #28478] ERROR -- : 通知の判定処理でエラーが発生したため、処理を終了します
E, [2018-04-21T17:08:25.437909 #28478] ERROR -- : 電車遅延通知処理 異常終了
I, [2018-04-21T17:08:25.437944 #28478]  INFO -- : --------------------------------------------------
I, [2018-04-21T17:08:38.491974 #28494]  INFO -- : --------------------------------------------------
I, [2018-04-21T17:08:38.492062 #28494]  INFO -- : 電車遅延通知処理 開始
I, [2018-04-21T17:08:38.492088 #28494]  INFO -- :  平均の風速取得処理　開始
I, [2018-04-21T17:08:38.493238 #28494]  INFO -- :  平均の風速取得処理　正常終了
I, [2018-04-21T17:08:38.493307 #28494]  INFO -- :  平均値更新処理 開始
I, [2018-04-21T17:08:38.499581 #28494]  INFO -- :  平均値更新処理 正常終了
I, [2018-04-21T17:08:38.499679 #28494]  INFO -- :  しきい値取得処理 開始
I, [2018-04-21T17:08:38.499984 #28494]  INFO -- :  しきい値取得処理 正常終了
I, [2018-04-21T17:08:38.500050 #28494]  INFO -- :  通知判定処理 開始
E, [2018-04-21T17:08:38.763527 #28494] ERROR -- :  通知判定処理 異常終了
E, [2018-04-21T17:08:38.763621 #28494] ERROR -- : 通知の判定処理でエラーが発生したため、処理を終了します
E, [2018-04-21T17:08:38.763660 #28494] ERROR -- : 電車遅延通知処理 異常終了
I, [2018-04-21T17:08:38.763692 #28494]  INFO -- : --------------------------------------------------
I, [2018-04-21T17:09:03.349641 #28513]  INFO -- : --------------------------------------------------
I, [2018-04-21T17:09:03.349712 #28513]  INFO -- : 電車遅延通知処理 開始
I, [2018-04-21T17:09:03.349739 #28513]  INFO -- :  平均の風速取得処理　開始
I, [2018-04-21T17:09:03.350757 #28513]  INFO -- :  平均の風速取得処理　正常終了
I, [2018-04-21T17:09:03.350818 #28513]  INFO -- :  平均値更新処理 開始
I, [2018-04-21T17:09:03.353830 #28513]  INFO -- :  平均値更新処理 正常終了
I, [2018-04-21T17:09:03.353925 #28513]  INFO -- :  しきい値取得処理 開始
I, [2018-04-21T17:09:03.354249 #28513]  INFO -- :  しきい値取得処理 正常終了
I, [2018-04-21T17:09:03.354307 #28513]  INFO -- :  通知判定処理 開始
I, [2018-04-21T17:09:03.609429 #28513]  INFO -- :  通知判定処理 正常終了
I, [2018-04-21T17:09:03.609533 #28513]  INFO -- : 電車遅延通知処理 終了
I, [2018-04-21T17:09:03.609580 #28513]  INFO -- : --------------------------------------------------
I, [2018-04-21T17:10:04.779870 #28532]  INFO -- : --------------------------------------------------
I, [2018-04-21T17:10:04.779973 #28532]  INFO -- : 電車遅延通知処理 開始
I, [2018-04-21T17:10:04.780014 #28532]  INFO -- :  平均の風速取得処理　開始
I, [2018-04-21T17:10:04.781517 #28532]  INFO -- :  平均の風速取得処理　正常終了
I, [2018-04-21T17:10:04.781599 #28532]  INFO -- :  平均値更新処理 開始
I, [2018-04-21T17:10:04.787922 #28532]  INFO -- :  平均値更新処理 正常終了
I, [2018-04-21T17:10:04.788048 #28532]  INFO -- :  しきい値取得処理 開始
I, [2018-04-21T17:10:04.788319 #28532]  INFO -- :  しきい値取得処理 正常終了
I, [2018-04-21T17:10:04.788384 #28532]  INFO -- :  通知判定処理 開始
I, [2018-04-21T17:10:05.072202 #28532]  INFO -- :  通知判定処理 正常終了
I, [2018-04-21T17:10:05.072305 #28532]  INFO -- : 電車遅延通知処理 終了
I, [2018-04-21T17:10:05.072352 #28532]  INFO -- : --------------------------------------------------
I, [2018-04-21T17:10:20.929667 #28549]  INFO -- : --------------------------------------------------
I, [2018-04-21T17:10:20.929759 #28549]  INFO -- : 電車遅延通知処理 開始
I, [2018-04-21T17:10:20.929824 #28549]  INFO -- :  平均の風速取得処理　開始
I, [2018-04-21T17:10:20.930852 #28549]  INFO -- :  平均の風速取得処理　正常終了
I, [2018-04-21T17:10:20.930913 #28549]  INFO -- :  平均値更新処理 開始
I, [2018-04-21T17:10:20.937637 #28549]  INFO -- :  平均値更新処理 正常終了
I, [2018-04-21T17:10:20.937811 #28549]  INFO -- :  しきい値取得処理 開始
I, [2018-04-21T17:10:20.938201 #28549]  INFO -- :  しきい値取得処理 正常終了
I, [2018-04-21T17:10:20.938264 #28549]  INFO -- :  通知判定処理 開始
I, [2018-04-21T17:10:22.199240 #28549]  INFO -- :  通知判定処理 正常終了
I, [2018-04-21T17:10:22.199344 #28549]  INFO -- : 電車遅延通知処理 終了
I, [2018-04-21T17:10:22.199392 #28549]  INFO -- : --------------------------------------------------
I, [2018-04-21T17:10:54.359746 #28565]  INFO -- : --------------------------------------------------
I, [2018-04-21T17:10:54.359825 #28565]  INFO -- : 電車遅延通知処理 開始
I, [2018-04-21T17:10:54.359853 #28565]  INFO -- :  平均の風速取得処理　開始
I, [2018-04-21T17:10:54.360942 #28565]  INFO -- :  平均の風速取得処理　正常終了
I, [2018-04-21T17:10:54.361127 #28565]  INFO -- :  平均値更新処理 開始
I, [2018-04-21T17:10:54.368429 #28565]  INFO -- :  平均値更新処理 正常終了
I, [2018-04-21T17:10:54.368549 #28565]  INFO -- :  しきい値取得処理 開始
I, [2018-04-21T17:10:54.368932 #28565]  INFO -- :  しきい値取得処理 正常終了
I, [2018-04-21T17:10:54.368999 #28565]  INFO -- :  通知判定処理 開始
I, [2018-04-21T17:10:54.638206 #28565]  INFO -- :  通知判定処理 正常終了
I, [2018-04-21T17:10:54.638310 #28565]  INFO -- : 電車遅延通知処理 終了
I, [2018-04-21T17:10:54.638356 #28565]  INFO -- : --------------------------------------------------
I, [2018-04-21T17:13:18.034894 #28583]  INFO -- : --------------------------------------------------
I, [2018-04-21T17:13:18.034963 #28583]  INFO -- : 電車遅延通知処理 開始
I, [2018-04-21T17:13:18.034996 #28583]  INFO -- :  平均の風速取得処理　開始
I, [2018-04-21T17:13:18.036038 #28583]  INFO -- :  平均の風速取得処理　正常終了
I, [2018-04-21T17:13:18.036102 #28583]  INFO -- :  平均値更新処理 開始
I, [2018-04-21T17:13:18.042759 #28583]  INFO -- :  平均値更新処理 正常終了
I, [2018-04-21T17:13:18.042868 #28583]  INFO -- :  しきい値取得処理 開始
I, [2018-04-21T17:13:18.043278 #28583]  INFO -- :  しきい値取得処理 正常終了
I, [2018-04-21T17:13:18.043342 #28583]  INFO -- :  通知判定処理 開始
I, [2018-04-21T17:13:18.381221 #28583]  INFO -- :  通知判定処理 正常終了
I, [2018-04-21T17:13:18.381323 #28583]  INFO -- : 電車遅延通知処理 終了
I, [2018-04-21T17:13:18.381370 #28583]  INFO -- : --------------------------------------------------
I, [2018-04-21T17:18:09.046635 #28609]  INFO -- : --------------------------------------------------
I, [2018-04-21T17:18:09.046709 #28609]  INFO -- : 電車遅延通知処理 開始
I, [2018-04-21T17:18:09.046740 #28609]  INFO -- :  平均の風速取得処理　開始
I, [2018-04-21T17:18:09.047797 #28609]  INFO -- :  平均の風速取得処理　正常終了
I, [2018-04-21T17:18:09.047859 #28609]  INFO -- :  平均値更新処理 開始
I, [2018-04-21T17:18:09.054171 #28609]  INFO -- :  平均値更新処理 正常終了
I, [2018-04-21T17:18:09.054289 #28609]  INFO -- :  しきい値取得処理 開始
I, [2018-04-21T17:18:09.054574 #28609]  INFO -- :  しきい値取得処理 正常終了
I, [2018-04-21T17:18:09.054638 #28609]  INFO -- :  通知判定処理 開始
I, [2018-04-21T17:18:09.432822 #28609]  INFO -- :  通知判定処理 正常終了
I, [2018-04-21T17:18:09.432928 #28609]  INFO -- : 電車遅延通知処理 終了
I, [2018-04-21T17:18:09.432976 #28609]  INFO -- : --------------------------------------------------
I, [2018-04-21T17:19:45.210970 #28631]  INFO -- : --------------------------------------------------
I, [2018-04-21T17:19:45.211041 #28631]  INFO -- : 電車遅延通知処理 開始
I, [2018-04-21T17:19:45.211068 #28631]  INFO -- :  平均の風速取得処理　開始
I, [2018-04-21T17:19:45.212127 #28631]  INFO -- :  平均の風速取得処理　正常終了
I, [2018-04-21T17:19:45.212187 #28631]  INFO -- :  平均値更新処理 開始
I, [2018-04-21T17:19:45.218624 #28631]  INFO -- :  平均値更新処理 正常終了
I, [2018-04-21T17:19:45.218747 #28631]  INFO -- :  しきい値取得処理 開始
I, [2018-04-21T17:19:45.219142 #28631]  INFO -- :  しきい値取得処理 正常終了
E, [2018-04-21T17:19:45.219258 #28631] ERROR -- : 電車遅延通知処理 異常終了
I, [2018-04-21T17:19:45.219310 #28631]  INFO -- : --------------------------------------------------
I, [2018-04-21T17:20:11.364914 #28649]  INFO -- : --------------------------------------------------
I, [2018-04-21T17:20:11.364985 #28649]  INFO -- : 電車遅延通知処理 開始
I, [2018-04-21T17:20:11.365018 #28649]  INFO -- :  平均の風速取得処理　開始
I, [2018-04-21T17:20:11.366038 #28649]  INFO -- :  平均の風速取得処理　正常終了
I, [2018-04-21T17:20:11.366098 #28649]  INFO -- :  平均値更新処理 開始
I, [2018-04-21T17:20:11.372661 #28649]  INFO -- :  平均値更新処理 正常終了
I, [2018-04-21T17:20:11.372809 #28649]  INFO -- :  しきい値取得処理 開始
I, [2018-04-21T17:20:11.373305 #28649]  INFO -- :  しきい値取得処理 正常終了
I, [2018-04-21T17:20:11.373412 #28649]  INFO -- :  通知判定処理 開始
I, [2018-04-21T17:20:11.765448 #28649]  INFO -- :  通知判定処理 正常終了
I, [2018-04-21T17:20:11.765622 #28649]  INFO -- : 電車遅延通知処理 終了
I, [2018-04-21T17:20:11.765675 #28649]  INFO -- : --------------------------------------------------
I, [2018-04-21T17:23:04.414500 #28674]  INFO -- : --------------------------------------------------
I, [2018-04-21T17:23:04.414576 #28674]  INFO -- : 電車遅延通知処理 開始
I, [2018-04-21T17:23:04.414604 #28674]  INFO -- :  平均の風速取得処理　開始
I, [2018-04-21T17:23:04.415698 #28674]  INFO -- :  平均の風速取得処理　正常終了
I, [2018-04-21T17:23:04.415759 #28674]  INFO -- :  平均値更新処理 開始
I, [2018-04-21T17:23:04.422409 #28674]  INFO -- :  平均値更新処理 正常終了
I, [2018-04-21T17:23:04.422600 #28674]  INFO -- :  しきい値取得処理 開始
I, [2018-04-21T17:23:04.422914 #28674]  INFO -- :  しきい値取得処理 正常終了
I, [2018-04-21T17:23:04.422996 #28674]  INFO -- :  通知判定処理 開始
I, [2018-04-21T17:23:04.768048 #28674]  INFO -- :  通知判定処理 正常終了
I, [2018-04-21T17:23:04.768205 #28674]  INFO -- : 電車遅延通知処理 終了
I, [2018-04-21T17:23:04.768247 #28674]  INFO -- : --------------------------------------------------
I, [2018-04-21T17:26:17.872729 #28700]  INFO -- : --------------------------------------------------
I, [2018-04-21T17:26:17.872819 #28700]  INFO -- : 電車遅延通知処理 開始
I, [2018-04-21T17:26:17.872853 #28700]  INFO -- :  平均の風速取得処理　開始
I, [2018-04-21T17:26:17.874305 #28700]  INFO -- :  平均の風速取得処理　正常終了
I, [2018-04-21T17:26:17.874410 #28700]  INFO -- :  平均値更新処理 開始
I, [2018-04-21T17:26:17.880913 #28700]  INFO -- :  平均値更新処理 正常終了
I, [2018-04-21T17:26:17.881033 #28700]  INFO -- :  しきい値取得処理 開始
I, [2018-04-21T17:26:17.881429 #28700]  INFO -- :  しきい値取得処理 正常終了
I, [2018-04-21T17:26:17.881512 #28700]  INFO -- :  通知判定処理 開始
I, [2018-04-21T17:26:18.251275 #28700]  INFO -- :  通知判定処理 正常終了
E, [2018-04-21T17:26:18.251458 #28700] ERROR -- : 電車遅延通知処理 異常終了
I, [2018-04-21T17:26:18.251512 #28700]  INFO -- : --------------------------------------------------
I, [2018-04-21T17:57:51.014949 #28909]  INFO -- : --------------------------------------------------
I, [2018-04-21T17:57:51.015063 #28909]  INFO -- : 電車遅延通知処理 開始
I, [2018-04-21T17:57:51.015122 #28909]  INFO -- :  平均の風速取得処理　開始
I, [2018-04-21T17:57:51.016232 #28909]  INFO -- :  平均の風速取得処理　正常終了
I, [2018-04-21T17:57:51.016288 #28909]  INFO -- :  平均値更新処理 開始
I, [2018-04-21T17:57:51.022893 #28909]  INFO -- :  平均値更新処理 正常終了
I, [2018-04-21T17:57:51.023006 #28909]  INFO -- :  しきい値取得処理 開始
I, [2018-04-21T17:57:51.023496 #28909]  INFO -- :  しきい値取得処理 正常終了
I, [2018-04-21T17:57:51.023602 #28909]  INFO -- :  通知判定処理 開始
I, [2018-04-21T17:57:51.428591 #28909]  INFO -- :  通知判定処理 正常終了
I, [2018-04-21T17:57:51.428774 #28909]  INFO -- : 電車遅延通知処理 終了
I, [2018-04-21T17:57:51.428826 #28909]  INFO -- : --------------------------------------------------
I, [2018-04-21T18:00:34.895589 #28935]  INFO -- : --------------------------------------------------
I, [2018-04-21T18:00:34.895665 #28935]  INFO -- : 電車遅延通知処理 開始
I, [2018-04-21T18:00:34.895697 #28935]  INFO -- :  平均の風速取得処理　開始
I, [2018-04-21T18:00:34.896779 #28935]  INFO -- :  平均の風速取得処理　正常終了
I, [2018-04-21T18:00:34.896845 #28935]  INFO -- :  平均値更新処理 開始
I, [2018-04-21T18:00:34.903420 #28935]  INFO -- :  平均値更新処理 正常終了
I, [2018-04-21T18:00:34.903547 #28935]  INFO -- :  しきい値取得処理 開始
I, [2018-04-21T18:00:34.903967 #28935]  INFO -- :  しきい値取得処理 正常終了
I, [2018-04-21T18:00:34.904081 #28935]  INFO -- :  通知判定処理 開始
I, [2018-04-21T18:00:35.221045 #28935]  INFO -- :  通知判定処理 正常終了
I, [2018-04-21T18:00:36.604231 #28935]  INFO -- : 電車遅延通知処理 終了
I, [2018-04-21T18:00:36.604358 #28935]  INFO -- : --------------------------------------------------
I, [2018-04-21T18:02:22.845487 #28967]  INFO -- : --------------------------------------------------
I, [2018-04-21T18:02:22.845561 #28967]  INFO -- : 電車遅延通知処理 開始
I, [2018-04-21T18:02:22.845589 #28967]  INFO -- :  平均の風速取得処理　開始
I, [2018-04-21T18:02:22.846639 #28967]  INFO -- :  平均の風速取得処理　正常終了
I, [2018-04-21T18:02:22.846753 #28967]  INFO -- :  平均値更新処理 開始
I, [2018-04-21T18:02:22.853266 #28967]  INFO -- :  平均値更新処理 正常終了
I, [2018-04-21T18:02:22.853397 #28967]  INFO -- :  しきい値取得処理 開始
I, [2018-04-21T18:02:22.853718 #28967]  INFO -- :  しきい値取得処理 正常終了
I, [2018-04-21T18:02:22.853830 #28967]  INFO -- :  通知判定処理 開始
I, [2018-04-21T18:02:23.110680 #28967]  INFO -- :  通知判定処理 正常終了
I, [2018-04-21T18:02:25.020688 #28967]  INFO -- : 電車遅延通知処理 終了
I, [2018-04-21T18:02:25.020820 #28967]  INFO -- : --------------------------------------------------
I, [2018-04-21T18:03:01.660554 #28997]  INFO -- : --------------------------------------------------
I, [2018-04-21T18:03:01.660632 #28997]  INFO -- : 電車遅延通知処理 開始
I, [2018-04-21T18:03:01.660661 #28997]  INFO -- :  平均の風速取得処理　開始
I, [2018-04-21T18:03:01.661764 #28997]  INFO -- :  平均の風速取得処理　正常終了
I, [2018-04-21T18:03:01.661829 #28997]  INFO -- :  平均値更新処理 開始
I, [2018-04-21T18:03:01.668419 #28997]  INFO -- :  平均値更新処理 正常終了
I, [2018-04-21T18:03:01.668574 #28997]  INFO -- :  しきい値取得処理 開始
I, [2018-04-21T18:03:01.668926 #28997]  INFO -- :  しきい値取得処理 正常終了
I, [2018-04-21T18:03:01.669011 #28997]  INFO -- :  通知判定処理 開始
I, [2018-04-21T18:03:01.922869 #28997]  INFO -- :  通知判定処理 正常終了
I, [2018-04-21T18:03:03.149793 #28997]  INFO -- : 電車遅延通知処理 終了
I, [2018-04-21T18:03:03.149921 #28997]  INFO -- : --------------------------------------------------
I, [2018-04-21T18:04:08.635859 #29028]  INFO -- : --------------------------------------------------
I, [2018-04-21T18:04:08.635933 #29028]  INFO -- : 電車遅延通知処理 開始
I, [2018-04-21T18:04:08.635961 #29028]  INFO -- :  平均の風速取得処理　開始
I, [2018-04-21T18:04:08.636994 #29028]  INFO -- :  平均の風速取得処理　正常終了
I, [2018-04-21T18:04:08.637056 #29028]  INFO -- :  平均値更新処理 開始
I, [2018-04-21T18:04:08.643671 #29028]  INFO -- :  平均値更新処理 正常終了
I, [2018-04-21T18:04:08.643791 #29028]  INFO -- :  しきい値取得処理 開始
I, [2018-04-21T18:04:08.644159 #29028]  INFO -- :  しきい値取得処理 正常終了
I, [2018-04-21T18:04:08.644269 #29028]  INFO -- :  通知判定処理 開始
I, [2018-04-21T18:04:09.030689 #29028]  INFO -- :  通知判定処理 正常終了
I, [2018-04-21T18:04:10.347026 #29028]  INFO -- : 電車遅延通知処理 終了
I, [2018-04-21T18:04:10.347162 #29028]  INFO -- : --------------------------------------------------
I, [2018-04-21T18:14:50.373815 #29091]  INFO -- : --------------------------------------------------
I, [2018-04-21T18:14:50.373895 #29091]  INFO -- : 電車遅延通知処理 開始
I, [2018-04-21T18:14:50.373921 #29091]  INFO -- :  平均の風速取得処理　開始
I, [2018-04-21T18:14:50.374989 #29091]  INFO -- :  平均の風速取得処理　正常終了
I, [2018-04-21T18:14:50.375050 #29091]  INFO -- :  平均値更新処理 開始
I, [2018-04-21T18:14:50.381581 #29091]  INFO -- :  平均値更新処理 正常終了
I, [2018-04-21T18:14:50.381689 #29091]  INFO -- :  しきい値取得処理 開始
I, [2018-04-21T18:14:50.382090 #29091]  INFO -- :  しきい値取得処理 正常終了
I, [2018-04-21T18:14:50.382177 #29091]  INFO -- :  通知判定処理 開始
I, [2018-04-21T18:14:50.895486 #29091]  INFO -- :  通知判定処理 正常終了
I, [2018-04-21T18:14:51.215063 #29091]  INFO -- : 電車遅延通知処理 終了
I, [2018-04-21T18:14:51.215178 #29091]  INFO -- : --------------------------------------------------
I, [2018-04-21T18:16:11.860763 #29119]  INFO -- : --------------------------------------------------
I, [2018-04-21T18:16:11.860836 #29119]  INFO -- : 電車遅延通知処理 開始
I, [2018-04-21T18:16:11.860866 #29119]  INFO -- :  平均の風速取得処理　開始
I, [2018-04-21T18:16:11.861921 #29119]  INFO -- :  平均の風速取得処理　正常終了
I, [2018-04-21T18:16:11.861985 #29119]  INFO -- :  平均値更新処理 開始
I, [2018-04-21T18:16:11.868516 #29119]  INFO -- :  平均値更新処理 正常終了
I, [2018-04-21T18:16:11.868647 #29119]  INFO -- :  しきい値取得処理 開始
I, [2018-04-21T18:16:11.869042 #29119]  INFO -- :  しきい値取得処理 正常終了
I, [2018-04-21T18:16:11.869126 #29119]  INFO -- :  通知判定処理 開始
I, [2018-04-21T18:16:12.132693 #29119]  INFO -- :  通知判定処理 正常終了
I, [2018-04-21T18:16:13.486424 #29119]  INFO -- : 電車遅延通知処理 終了
I, [2018-04-21T18:16:13.486555 #29119]  INFO -- : --------------------------------------------------
I, [2018-04-21T22:18:38.443419 #29333]  INFO -- : --------------------------------------------------
I, [2018-04-21T22:18:38.443961 #29333]  INFO -- : 電車遅延通知処理 開始
I, [2018-04-21T22:18:38.444035 #29333]  INFO -- :  平均の風速取得処理　開始
I, [2018-04-21T22:18:38.452126 #29333]  INFO -- :  平均の風速取得処理　正常終了
I, [2018-04-21T22:18:38.452275 #29333]  INFO -- :  平均値更新処理 開始
I, [2018-04-21T22:18:38.455087 #29333]  INFO -- :  平均値更新処理 正常終了
I, [2018-04-21T22:18:38.455238 #29333]  INFO -- :  しきい値取得処理 開始
I, [2018-04-21T22:18:38.455640 #29333]  INFO -- :  しきい値取得処理 正常終了
I, [2018-04-21T22:18:38.455722 #29333]  INFO -- :  通知判定処理 開始
I, [2018-04-21T22:18:40.616809 #29333]  INFO -- :  通知判定処理 正常終了
I, [2018-04-21T22:18:47.775221 #29333]  INFO -- : 電車遅延通知処理 終了
I, [2018-04-21T22:18:47.775457 #29333]  INFO -- : --------------------------------------------------
