# Logfile created on 2018-05-26 10:28:42 +0900 by logger.rb/61378
I, [2018-05-26T10:28:42.006763 #57742]  INFO -- : --------------------------------------------------
I, [2018-05-26T10:28:42.006823 #57742]  INFO -- :   MainProc Start
I, [2018-05-26T10:28:42.006851 #57742]  INFO -- :     weather_main start
I, [2018-05-26T10:28:43.318758 #57742]  INFO -- :     weather_main NormalEnd
I, [2018-05-26T10:28:43.318862 #57742]  INFO -- :     log_update Start
I, [2018-05-26T10:28:43.341793 #57742]  INFO -- :       Execution SQL-------------------------------------------------------------------------------------------
I, [2018-05-26T10:28:43.341862 #57742]  INFO -- :         INSERT INTO Log(CreateDate,City_Name,Rain_Check,Snow_Check,Wind_Deg,Wind_Speed)
I, [2018-05-26T10:28:43.341904 #57742]  INFO -- :         VALUES ('2018-05-26' , 'Ishinomaki','true','true','','2.1')
I, [2018-05-26T10:28:43.341934 #57742]  INFO -- :       --------------------------------------------------------------------------------------------------------
I, [2018-05-26T10:28:43.341968 #57742]  INFO -- :     log_update NormalEnd
I, [2018-05-26T10:28:43.342068 #57742]  INFO -- :   MainProc NormalEnd
I, [2018-05-26T10:28:43.342100 #57742]  INFO -- : --------------------------------------------------
I, [2018-05-26T10:29:24.179789 #57760]  INFO -- : --------------------------------------------------
I, [2018-05-26T10:29:24.179865 #57760]  INFO -- :   MainProc Start
I, [2018-05-26T10:29:24.179888 #57760]  INFO -- :     weather_main start
I, [2018-05-26T10:29:24.352025 #57760]  INFO -- :     weather_main NormalEnd
I, [2018-05-26T10:29:24.352126 #57760]  INFO -- :     log_update Start
I, [2018-05-26T10:29:24.360312 #57760]  INFO -- :       Execution SQL-------------------------------------------------------------------------------------------
I, [2018-05-26T10:29:24.360391 #57760]  INFO -- :         INSERT INTO Log(CreateDate,City_Name,Rain_Check,Snow_Check,Wind_Deg,Wind_Speed)
I, [2018-05-26T10:29:24.360431 #57760]  INFO -- :         VALUES ('2018-05-26' , 'Ishinomaki','true','true','','2.1')
I, [2018-05-26T10:29:24.360458 #57760]  INFO -- :       --------------------------------------------------------------------------------------------------------
I, [2018-05-26T10:29:24.360493 #57760]  INFO -- :     log_update NormalEnd
I, [2018-05-26T10:29:24.360598 #57760]  INFO -- :   MainProc NormalEnd
I, [2018-05-26T10:29:24.360652 #57760]  INFO -- : --------------------------------------------------
I, [2018-05-26T15:56:07.911111 #60818]  INFO -- : --------------------------------------------------
I, [2018-05-26T15:56:07.911188 #60818]  INFO -- :   MainProc Start
I, [2018-05-26T15:56:08.071119 #60818]  INFO -- :     weather_main start
I, [2018-05-26T15:56:08.341470 #60818]  INFO -- :     weather_main NormalEnd
I, [2018-05-26T15:56:08.341568 #60818]  INFO -- :     log_update Start
I, [2018-05-26T15:56:08.349833 #60818]  INFO -- :       Execution SQL-------------------------------------------------------------------------------------------
I, [2018-05-26T15:56:08.349910 #60818]  INFO -- :         INSERT INTO Log(CreateDate,City_Name,Rain_Check,Snow_Check,Wind_Deg,Wind_Speed)
I, [2018-05-26T15:56:08.349957 #60818]  INFO -- :         VALUES ('2018-05-26' , 'Ishinomaki','true','true','東','6.2')
I, [2018-05-26T15:56:08.349985 #60818]  INFO -- :       --------------------------------------------------------------------------------------------------------
I, [2018-05-26T15:56:08.350017 #60818]  INFO -- :     log_update NormalEnd
I, [2018-05-26T15:56:08.350117 #60818]  INFO -- :   MainProc NormalEnd
I, [2018-05-26T15:56:08.350149 #60818]  INFO -- : --------------------------------------------------
