# Logfile created on 2018-04-09 23:28:11 +0900 by logger.rb/56438
I, [2018-04-09T23:28:11.807999 #49405]  INFO -- : 処理を開始します
I, [2018-04-09T23:28:11.808061 #49405]  INFO -- :  天気取得処理 開始
I, [2018-04-09T23:28:12.196891 #49405]  INFO -- :  天気取得処理 正常終了
I, [2018-04-09T23:28:12.197099 #49405]  INFO -- :  ログ書き込み処理 開始
I, [2018-04-09T23:28:12.206072 #49405]  INFO -- :   INSERT INTO Log(CreateDate,City_Name,Rain_Check,Snow_Check,Wind_Deg,Wind_Speed)
                                                    VALUES ('2018-04-09' , 'Ishinomaki','true','true','西','10.76')
I, [2018-04-09T23:28:12.206162 #49405]  INFO -- :  ログ書き込み処理 正常終了
I, [2018-04-09T23:28:12.206335 #49405]  INFO -- : 処理を終了します
I, [2018-04-09T23:38:35.589546 #49414]  INFO -- : 処理を開始します
I, [2018-04-09T23:38:35.589609 #49414]  INFO -- :  天気取得処理 開始
I, [2018-04-09T23:38:35.944934 #49414]  INFO -- :  天気取得処理 正常終了
I, [2018-04-09T23:38:35.945102 #49414]  INFO -- :  ログ書き込み処理 開始
I, [2018-04-09T23:38:35.948774 #49414]  INFO -- :   INSERT INTO Log(CreateDate,City_Name,Rain_Check,Snow_Check,Wind_Deg,Wind_Speed)
I, [2018-04-09T23:38:35.948862 #49414]  INFO -- :   VALUES ('2018-04-09' , 'Ishinomaki','true','true','西','10.76')
I, [2018-04-09T23:38:35.948900 #49414]  INFO -- :  ログ書き込み処理 正常終了
I, [2018-04-09T23:38:35.949014 #49414]  INFO -- : 処理を終了します
I, [2018-04-09T23:41:53.015757 #49418]  INFO -- : 処理を開始します
I, [2018-04-09T23:41:53.015818 #49418]  INFO -- :  天気取得処理 開始
I, [2018-04-09T23:41:53.382844 #49418]  INFO -- :  天気取得処理 正常終了
I, [2018-04-09T23:41:53.383065 #49418]  INFO -- :  ログ書き込み処理 開始
I, [2018-04-09T23:41:53.390094 #49418]  INFO -- :   実行SQL-------------------------------------------------------------------------------------------
I, [2018-04-09T23:41:53.390162 #49418]  INFO -- :    INSERT INTO Log(CreateDate,City_Name,Rain_Check,Snow_Check,Wind_Deg,Wind_Speed)
I, [2018-04-09T23:41:53.390199 #49418]  INFO -- :    VALUES ('2018-04-09' , 'Ishinomaki','true','true','西','10.76')
I, [2018-04-09T23:41:53.390221 #49418]  INFO -- :   実行SQL-------------------------------------------------------------------------------------------
I, [2018-04-09T23:41:53.390248 #49418]  INFO -- :  ログ書き込み処理 正常終了
I, [2018-04-09T23:41:53.390354 #49418]  INFO -- : 処理を終了します
I, [2018-04-09T23:43:03.101180 #49421]  INFO -- : 処理を開始します
I, [2018-04-09T23:43:03.101241 #49421]  INFO -- :  天気取得処理 開始
I, [2018-04-09T23:43:03.478335 #49421]  INFO -- :  天気取得処理 正常終了
I, [2018-04-09T23:43:03.478523 #49421]  INFO -- :  ログ書き込み処理 開始
I, [2018-04-09T23:43:03.485693 #49421]  INFO -- :   実行SQL-------------------------------------------------------------------------------------------
I, [2018-04-09T23:43:03.485769 #49421]  INFO -- :    INSERT INTO Log(CreateDate,City_Name,Rain_Check,Snow_Check,Wind_Deg,Wind_Speed)
I, [2018-04-09T23:43:03.485813 #49421]  INFO -- :    VALUES('2018-04-09' , 'Ishinomaki','true','true','西','10.76')
I, [2018-04-09T23:43:03.485838 #49421]  INFO -- :   -------------------------------------------------------------------------------------------------
I, [2018-04-09T23:43:03.485867 #49421]  INFO -- :  ログ書き込み処理 正常終了
I, [2018-04-09T23:43:03.485988 #49421]  INFO -- : 処理を終了します
