# Logfile created on 2018-04-08 16:24:40 +0900 by logger.rb/56438
I, [2018-04-08T16:24:40.582579 #48622]  INFO -- : 処理を開始します
I, [2018-04-08T16:24:40.582613 #48622]  INFO -- :  天気取得処理 開始
I, [2018-04-08T16:24:40.938009 #48622]  INFO -- :  天気取得処理 正常終了
I, [2018-04-08T16:24:40.938173 #48622]  INFO -- :  ログ書き込み処理 開始
I, [2018-04-08T16:24:40.945393 #48622]  INFO -- :  ログ書き込み処理 正常終了
I, [2018-04-08T16:24:40.945543 #48622]  INFO -- : 処理を終了します
I, [2018-04-08T16:25:04.207135 #48627]  INFO -- : 処理を開始します
I, [2018-04-08T16:25:04.207247 #48627]  INFO -- :  天気取得処理 開始
I, [2018-04-08T16:25:04.553543 #48627]  INFO -- :  天気取得処理 正常終了
I, [2018-04-08T16:25:04.553751 #48627]  INFO -- :  ログ書き込み処理 開始
I, [2018-04-08T16:25:04.561088 #48627]  INFO -- :  ログ書き込み処理 正常終了
I, [2018-04-08T16:25:04.561257 #48627]  INFO -- : 処理を終了します
I, [2018-04-08T16:47:24.350268 #48693]  INFO -- : 処理を開始します
I, [2018-04-08T16:47:24.350352 #48693]  INFO -- :  天気取得処理 開始
I, [2018-04-08T16:47:25.772025 #48693]  INFO -- :  天気取得処理 正常終了
I, [2018-04-08T16:47:25.772207 #48693]  INFO -- :  ログ書き込み処理 開始
I, [2018-04-08T16:47:25.779509 #48693]  INFO -- :  ログ書き込み処理 正常終了
I, [2018-04-08T16:47:25.779678 #48693]  INFO -- : 処理を終了します
I, [2018-04-08T16:47:35.891339 #48694]  INFO -- : 処理を開始します
I, [2018-04-08T16:47:35.891414 #48694]  INFO -- :  天気取得処理 開始
I, [2018-04-08T16:47:36.256111 #48694]  INFO -- :  天気取得処理 正常終了
I, [2018-04-08T16:47:36.256288 #48694]  INFO -- :  ログ書き込み処理 開始
I, [2018-04-08T16:47:36.263499 #48694]  INFO -- :  ログ書き込み処理 正常終了
I, [2018-04-08T16:47:36.263667 #48694]  INFO -- : 処理を終了します
I, [2018-04-08T22:39:47.033048 #49218]  INFO -- : 処理を開始します
I, [2018-04-08T22:39:47.033141 #49218]  INFO -- :  天気取得処理 開始
I, [2018-04-08T22:39:47.419607 #49218]  INFO -- :  天気取得処理 正常終了
I, [2018-04-08T22:39:47.419857 #49218]  INFO -- :  ログ書き込み処理 開始
I, [2018-04-08T22:39:47.426941 #49218]  INFO -- :  ログ書き込み処理 正常終了
I, [2018-04-08T22:39:47.427112 #49218]  INFO -- : 処理を終了します
I, [2018-04-08T22:42:36.555709 #49229]  INFO -- : 処理を開始します
I, [2018-04-08T22:42:36.555774 #49229]  INFO -- :  天気取得処理 開始
I, [2018-04-08T22:42:36.903399 #49229]  INFO -- :  天気取得処理 正常終了
I, [2018-04-08T22:42:36.903639 #49229]  INFO -- :  ログ書き込み処理 開始
I, [2018-04-08T22:42:36.911006 #49229]  INFO -- :  ログ書き込み処理 正常終了
I, [2018-04-08T22:42:36.911193 #49229]  INFO -- : 処理を終了します
I, [2018-04-08T22:49:14.867344 #49240]  INFO -- : 処理を開始します
I, [2018-04-08T22:49:14.867412 #49240]  INFO -- :  天気取得処理 開始
I, [2018-04-08T22:49:15.212161 #49240]  INFO -- :  天気取得処理 正常終了
I, [2018-04-08T22:49:15.212443 #49240]  INFO -- :  ログ書き込み処理 開始
I, [2018-04-08T22:49:15.219625 #49240]  INFO -- :  ログ書き込み処理 正常終了
I, [2018-04-08T22:49:15.219789 #49240]  INFO -- : 処理を終了します
