# Logfile created on 2018-04-14 11:31:30 +0900 by logger.rb/56438
I, [2018-04-14T11:31:30.998815 #51846]  INFO -- : 処理を開始します
I, [2018-04-14T11:31:30.998861 #51846]  INFO -- :  天気取得処理 開始
I, [2018-04-14T11:31:31.459377 #51846]  INFO -- :  天気取得処理 正常終了
I, [2018-04-14T11:31:31.459582 #51846]  INFO -- :  ログ書き込み処理 開始
I, [2018-04-14T11:31:31.468699 #51846]  INFO -- :   実行SQL-------------------------------------------------------------------------------------------
I, [2018-04-14T11:31:31.468790 #51846]  INFO -- :    INSERT INTO Log(CreateDate,City_Name,Rain_Check,Snow_Check,Wind_Deg,Wind_Speed)
I, [2018-04-14T11:31:31.468855 #51846]  INFO -- :    VALUES ('2018-04-14' , 'Ishinomaki','true','true','東','3.6')
I, [2018-04-14T11:31:31.468889 #51846]  INFO -- :   -------------------------------------------------------------------------------------------------
I, [2018-04-14T11:31:31.468925 #51846]  INFO -- :  ログ書き込み処理 正常終了
I, [2018-04-14T11:31:31.469126 #51846]  INFO -- : 処理を終了します
I, [2018-04-14T11:35:50.836876 #51855]  INFO -- : 処理を開始します
I, [2018-04-14T11:35:50.836943 #51855]  INFO -- :  天気取得処理 開始
I, [2018-04-14T11:35:51.261929 #51855]  INFO -- :  天気取得処理 正常終了
I, [2018-04-14T11:35:51.262154 #51855]  INFO -- :  ログ書き込み処理 開始
I, [2018-04-14T11:35:51.270131 #51855]  INFO -- :   実行SQL-------------------------------------------------------------------------------------------
I, [2018-04-14T11:35:51.270256 #51855]  INFO -- :    INSERT INTO Log(CreateDate,City_Name,Rain_Check,Snow_Check,Wind_Deg,Wind_Speed)
I, [2018-04-14T11:35:51.270333 #51855]  INFO -- :    VALUES ('2018-04-14' , 'Ishinomaki','true','true','東','3.6')
I, [2018-04-14T11:35:51.270401 #51855]  INFO -- :   -------------------------------------------------------------------------------------------------
I, [2018-04-14T11:35:51.270441 #51855]  INFO -- :  ログ書き込み処理 正常終了
I, [2018-04-14T11:35:51.270569 #51855]  INFO -- : 処理を終了します
I, [2018-04-14T11:36:05.760069 #51856]  INFO -- : 処理を開始します
I, [2018-04-14T11:36:05.760136 #51856]  INFO -- :  天気取得処理 開始
I, [2018-04-14T11:36:06.105069 #51856]  INFO -- :  天気取得処理 正常終了
I, [2018-04-14T11:36:06.105309 #51856]  INFO -- :  ログ書き込み処理 開始
I, [2018-04-14T11:36:06.113093 #51856]  INFO -- :   実行SQL-------------------------------------------------------------------------------------------
I, [2018-04-14T11:36:06.113188 #51856]  INFO -- :    INSERT INTO Log(CreateDate,City_Name,Rain_Check,Snow_Check,Wind_Deg,Wind_Speed)
I, [2018-04-14T11:36:06.113244 #51856]  INFO -- :    VALUES ('2018-04-14' , 'Ishinomaki','true','true','東','3.6')
I, [2018-04-14T11:36:06.113278 #51856]  INFO -- :   -------------------------------------------------------------------------------------------------
I, [2018-04-14T11:36:06.113328 #51856]  INFO -- :  ログ書き込み処理 正常終了
I, [2018-04-14T11:36:06.113472 #51856]  INFO -- : 処理を終了します
I, [2018-04-14T11:36:55.178766 #51859]  INFO -- : 処理を開始します
I, [2018-04-14T11:36:55.178880 #51859]  INFO -- :  天気取得処理 開始
I, [2018-04-14T11:36:55.528207 #51859]  INFO -- :  天気取得処理 正常終了
I, [2018-04-14T11:36:55.528379 #51859]  INFO -- :  ログ書き込み処理 開始
I, [2018-04-14T11:36:55.536327 #51859]  INFO -- :   実行SQL-------------------------------------------------------------------------------------------
I, [2018-04-14T11:36:55.536417 #51859]  INFO -- :    INSERT INTO Log(CreateDate,City_Name,Rain_Check,Snow_Check,Wind_Deg,Wind_Speed)
I, [2018-04-14T11:36:55.536473 #51859]  INFO -- :    VALUES ('2018-04-14' , 'Ishinomaki','true','true','東','3.6')
I, [2018-04-14T11:36:55.536508 #51859]  INFO -- :   -------------------------------------------------------------------------------------------------
I, [2018-04-14T11:36:55.536546 #51859]  INFO -- :  ログ書き込み処理 正常終了
I, [2018-04-14T11:36:55.536695 #51859]  INFO -- : 処理を終了します
I, [2018-04-14T11:37:06.747431 #51860]  INFO -- : 処理を開始します
I, [2018-04-14T11:37:06.747497 #51860]  INFO -- :  天気取得処理 開始
I, [2018-04-14T11:37:07.095325 #51860]  INFO -- :  天気取得処理 正常終了
I, [2018-04-14T11:37:07.095487 #51860]  INFO -- :  ログ書き込み処理 開始
I, [2018-04-14T11:37:07.103457 #51860]  INFO -- :   実行SQL-------------------------------------------------------------------------------------------
I, [2018-04-14T11:37:07.103581 #51860]  INFO -- :    INSERT INTO Log(CreateDate,City_Name,Rain_Check,Snow_Check,Wind_Deg,Wind_Speed)
I, [2018-04-14T11:37:07.103656 #51860]  INFO -- :    VALUES ('2018-04-14' , 'Ishinomaki','true','true','東','3.6')
I, [2018-04-14T11:37:07.103725 #51860]  INFO -- :   -------------------------------------------------------------------------------------------------
I, [2018-04-14T11:37:07.103764 #51860]  INFO -- :  ログ書き込み処理 正常終了
I, [2018-04-14T11:37:07.103905 #51860]  INFO -- : 処理を終了します
I, [2018-04-14T11:37:19.625390 #51861]  INFO -- : 処理を開始します
I, [2018-04-14T11:37:19.625444 #51861]  INFO -- :  天気取得処理 開始
I, [2018-04-14T11:37:19.969241 #51861]  INFO -- :  天気取得処理 正常終了
I, [2018-04-14T11:37:19.969409 #51861]  INFO -- :  ログ書き込み処理 開始
I, [2018-04-14T11:37:19.977270 #51861]  INFO -- :   実行SQL-------------------------------------------------------------------------------------------
I, [2018-04-14T11:37:19.977363 #51861]  INFO -- :    INSERT INTO Log(CreateDate,City_Name,Rain_Check,Snow_Check,Wind_Deg,Wind_Speed)
I, [2018-04-14T11:37:19.977417 #51861]  INFO -- :    VALUES ('2018-04-14' , 'Ishinomaki','true','true','東','3.6')
I, [2018-04-14T11:37:19.977452 #51861]  INFO -- :   -------------------------------------------------------------------------------------------------
I, [2018-04-14T11:37:19.977490 #51861]  INFO -- :  ログ書き込み処理 正常終了
I, [2018-04-14T11:37:19.977627 #51861]  INFO -- : 処理を終了します
I, [2018-04-14T11:37:53.515489 #51863]  INFO -- : 処理を開始します
I, [2018-04-14T11:37:53.515547 #51863]  INFO -- :  天気取得処理 開始
I, [2018-04-14T11:37:53.854226 #51863]  INFO -- :  天気取得処理 正常終了
I, [2018-04-14T11:37:53.854447 #51863]  INFO -- :  ログ書き込み処理 開始
I, [2018-04-14T11:37:53.862257 #51863]  INFO -- :   実行SQL-------------------------------------------------------------------------------------------
I, [2018-04-14T11:37:53.862382 #51863]  INFO -- :    INSERT INTO Log(CreateDate,City_Name,Rain_Check,Snow_Check,Wind_Deg,Wind_Speed)
I, [2018-04-14T11:37:53.862457 #51863]  INFO -- :    VALUES ('2018-04-14' , 'Ishinomaki','true','true','東','3.6')
I, [2018-04-14T11:37:53.862525 #51863]  INFO -- :   -------------------------------------------------------------------------------------------------
I, [2018-04-14T11:37:53.862563 #51863]  INFO -- :  ログ書き込み処理 正常終了
I, [2018-04-14T11:37:53.862704 #51863]  INFO -- : 処理を終了します
I, [2018-04-14T11:38:35.949318 #51864]  INFO -- : 処理を開始します
I, [2018-04-14T11:38:35.949433 #51864]  INFO -- :  天気取得処理 開始
I, [2018-04-14T11:38:36.290895 #51864]  INFO -- :  天気取得処理 正常終了
I, [2018-04-14T11:38:36.291112 #51864]  INFO -- :  ログ書き込み処理 開始
I, [2018-04-14T11:38:36.298653 #51864]  INFO -- :   実行SQL-------------------------------------------------------------------------------------------
I, [2018-04-14T11:38:36.298766 #51864]  INFO -- :    INSERT INTO Log(CreateDate,City_Name,Rain_Check,Snow_Check,Wind_Deg,Wind_Speed)
I, [2018-04-14T11:38:36.298825 #51864]  INFO -- :    VALUES ('2018-04-14' , 'Ishinomaki','true','true','東','3.6')
I, [2018-04-14T11:38:36.298861 #51864]  INFO -- :   -------------------------------------------------------------------------------------------------
I, [2018-04-14T11:38:36.298900 #51864]  INFO -- :  ログ書き込み処理 正常終了
I, [2018-04-14T11:38:36.299062 #51864]  INFO -- : 処理を終了します
I, [2018-04-14T11:39:00.037034 #51865]  INFO -- : 処理を開始します
I, [2018-04-14T11:39:00.037153 #51865]  INFO -- :  天気取得処理 開始
I, [2018-04-14T11:39:00.383732 #51865]  INFO -- :  天気取得処理 正常終了
I, [2018-04-14T11:39:00.383894 #51865]  INFO -- :  ログ書き込み処理 開始
I, [2018-04-14T11:39:00.391516 #51865]  INFO -- :   実行SQL-------------------------------------------------------------------------------------------
I, [2018-04-14T11:39:00.391610 #51865]  INFO -- :    INSERT INTO Log(CreateDate,City_Name,Rain_Check,Snow_Check,Wind_Deg,Wind_Speed)
I, [2018-04-14T11:39:00.391666 #51865]  INFO -- :    VALUES ('2018-04-14' , 'Ishinomaki','true','true','東','3.6')
I, [2018-04-14T11:39:00.391700 #51865]  INFO -- :   -------------------------------------------------------------------------------------------------
I, [2018-04-14T11:39:00.391739 #51865]  INFO -- :  ログ書き込み処理 正常終了
I, [2018-04-14T11:39:00.391880 #51865]  INFO -- : 処理を終了します
I, [2018-04-14T11:39:50.643201 #51866]  INFO -- : 処理を開始します
I, [2018-04-14T11:39:50.643261 #51866]  INFO -- :  天気取得処理 開始
I, [2018-04-14T11:39:50.992461 #51866]  INFO -- :  天気取得処理 正常終了
I, [2018-04-14T11:39:50.992561 #51866]  INFO -- :  ログ書き込み処理 開始
I, [2018-04-14T11:39:51.000235 #51866]  INFO -- :   実行SQL-------------------------------------------------------------------------------------------
I, [2018-04-14T11:39:51.000368 #51866]  INFO -- :    INSERT INTO Log(CreateDate,City_Name,Rain_Check,Snow_Check,Wind_Deg,Wind_Speed)
I, [2018-04-14T11:39:51.000443 #51866]  INFO -- :    VALUES ('2018-04-14' , 'Ishinomaki','true','true','東','3.6')
I, [2018-04-14T11:39:51.000513 #51866]  INFO -- :   -------------------------------------------------------------------------------------------------
I, [2018-04-14T11:39:51.000552 #51866]  INFO -- :  ログ書き込み処理 正常終了
I, [2018-04-14T11:39:51.000702 #51866]  INFO -- : 処理を終了します
I, [2018-04-14T11:40:57.655101 #51869]  INFO -- : 処理を開始します
I, [2018-04-14T11:40:57.655155 #51869]  INFO -- :  天気取得処理 開始
I, [2018-04-14T11:40:57.999863 #51869]  INFO -- :  天気取得処理 正常終了
I, [2018-04-14T11:40:58.000005 #51869]  INFO -- :  ログ書き込み処理 開始
I, [2018-04-14T11:40:58.007780 #51869]  INFO -- :   実行SQL-------------------------------------------------------------------------------------------
I, [2018-04-14T11:40:58.007877 #51869]  INFO -- :    INSERT INTO Log(CreateDate,City_Name,Rain_Check,Snow_Check,Wind_Deg,Wind_Speed)
I, [2018-04-14T11:40:58.007932 #51869]  INFO -- :    VALUES ('2018-04-14' , 'Ishinomaki','true','true','東','3.6')
I, [2018-04-14T11:40:58.007967 #51869]  INFO -- :   -------------------------------------------------------------------------------------------------
I, [2018-04-14T11:40:58.008005 #51869]  INFO -- :  ログ書き込み処理 正常終了
I, [2018-04-14T11:40:58.008133 #51869]  INFO -- : 処理を終了します
I, [2018-04-14T11:41:16.540801 #51870]  INFO -- : 処理を開始します
I, [2018-04-14T11:41:16.540857 #51870]  INFO -- :  天気取得処理 開始
I, [2018-04-14T11:41:16.904379 #51870]  INFO -- :  天気取得処理 正常終了
I, [2018-04-14T11:41:16.904473 #51870]  INFO -- :  ログ書き込み処理 開始
I, [2018-04-14T11:41:16.912448 #51870]  INFO -- :   実行SQL-------------------------------------------------------------------------------------------
I, [2018-04-14T11:41:16.912572 #51870]  INFO -- :    INSERT INTO Log(CreateDate,City_Name,Rain_Check,Snow_Check,Wind_Deg,Wind_Speed)
I, [2018-04-14T11:41:16.912653 #51870]  INFO -- :    VALUES ('2018-04-14' , 'Ishinomaki','true','true','東','3.6')
I, [2018-04-14T11:41:16.912709 #51870]  INFO -- :   -------------------------------------------------------------------------------------------------
I, [2018-04-14T11:41:16.912784 #51870]  INFO -- :  ログ書き込み処理 正常終了
I, [2018-04-14T11:41:16.912915 #51870]  INFO -- : 処理を終了します
I, [2018-04-14T11:42:05.723528 #51873]  INFO -- : 処理を開始します
I, [2018-04-14T11:42:05.723584 #51873]  INFO -- :  天気取得処理 開始
E, [2018-04-14T11:42:07.305422 #51873] ERROR -- :   [Ishinomaki2]の名称が正しいか確認してください。
E, [2018-04-14T11:42:07.305529 #51873] ERROR -- :  天気情報取得処理 異常終了
I, [2018-04-14T11:42:07.305583 #51873]  INFO -- : 処理を終了します
I, [2018-04-14T11:44:07.661623 #51897]  INFO -- : 処理を開始します
I, [2018-04-14T11:44:07.661698 #51897]  INFO -- :  天気取得処理 開始
E, [2018-04-14T11:44:08.225950 #51897] ERROR -- :  天気情報取得処理 異常終了
I, [2018-04-14T11:44:08.226090 #51897]  INFO -- : 処理を終了します
I, [2018-04-14T11:44:33.182620 #51898]  INFO -- : ------------------------------------------------------
I, [2018-04-14T11:44:33.182703 #51898]  INFO -- : 処理を開始します
I, [2018-04-14T11:44:33.182731 #51898]  INFO -- :  天気取得処理 開始
E, [2018-04-14T11:44:33.781295 #51898] ERROR -- :  天気情報取得処理 異常終了
I, [2018-04-14T11:44:33.781402 #51898]  INFO -- : 処理を終了します
I, [2018-04-14T11:44:33.781484 #51898]  INFO -- : ------------------------------------------------------
I, [2018-04-14T11:45:31.750223 #51902]  INFO -- : ------------------------------------------------------
I, [2018-04-14T11:45:31.750305 #51902]  INFO -- : 処理を開始します
I, [2018-04-14T11:45:31.750331 #51902]  INFO -- :  天気取得処理 開始
E, [2018-04-14T11:45:31.784675 #51902] ERROR -- :  天気情報取得処理 異常終了
I, [2018-04-14T11:45:31.784819 #51902]  INFO -- : 処理を終了します
I, [2018-04-14T11:45:31.784925 #51902]  INFO -- : ------------------------------------------------------
I, [2018-04-14T11:46:29.879915 #51903]  INFO -- : ------------------------------------------------------
I, [2018-04-14T11:46:32.106263 #51903]  INFO -- : 処理を開始します
I, [2018-04-14T11:46:33.145580 #51903]  INFO -- :  天気取得処理 開始
E, [2018-04-14T11:46:39.270983 #51903] ERROR -- :  天気情報取得処理 異常終了
I, [2018-04-14T11:46:39.282144 #51903]  INFO -- : 処理を終了します
I, [2018-04-14T11:46:39.535560 #51903]  INFO -- : ------------------------------------------------------
I, [2018-04-14T11:46:54.020904 #51904]  INFO -- : ------------------------------------------------------
I, [2018-04-14T11:46:55.863170 #51904]  INFO -- : 処理を開始します
I, [2018-04-14T11:46:56.719174 #51904]  INFO -- :  天気取得処理 開始
E, [2018-04-14T11:47:06.820178 #51904] ERROR -- :  天気情報取得処理 異常終了
I, [2018-04-14T11:47:10.676243 #51904]  INFO -- : 処理を終了します
I, [2018-04-14T11:47:18.261440 #51904]  INFO -- : ------------------------------------------------------
I, [2018-04-14T11:47:52.433589 #51906]  INFO -- : 処理を開始します
I, [2018-04-14T11:47:52.433649 #51906]  INFO -- :  天気取得処理 開始
E, [2018-04-14T11:47:53.099447 #51906] ERROR -- :  天気情報取得処理 異常終了
I, [2018-04-14T11:47:53.099533 #51906]  INFO -- : 処理を終了します
I, [2018-04-14T11:48:27.467137 #51907]  INFO -- : 処理を開始します
I, [2018-04-14T11:48:27.467193 #51907]  INFO -- :  天気取得処理 開始
E, [2018-04-14T11:48:30.174902 #51907] ERROR -- :  天気情報取得処理 異常終了
I, [2018-04-14T11:48:30.175057 #51907]  INFO -- : 処理を終了します
I, [2018-04-14T11:49:22.790903 #51908]  INFO -- : 処理を開始します
I, [2018-04-14T11:49:22.791006 #51908]  INFO -- :  天気取得処理 開始
E, [2018-04-14T11:49:25.056148 #51908] ERROR -- :  天気情報取得処理 異常終了
I, [2018-04-14T11:49:25.056258 #51908]  INFO -- : 処理を終了します
I, [2018-04-14T11:49:45.428900 #51911]  INFO -- : 処理を開始します
I, [2018-04-14T11:49:45.428960 #51911]  INFO -- :  天気取得処理 開始
I, [2018-04-14T11:49:45.861062 #51911]  INFO -- :  天気取得処理 正常終了
I, [2018-04-14T11:49:45.861160 #51911]  INFO -- :  ログ書き込み処理 開始
I, [2018-04-14T11:49:45.869150 #51911]  INFO -- :   実行SQL-------------------------------------------------------------------------------------------
I, [2018-04-14T11:49:45.869276 #51911]  INFO -- :    INSERT INTO Log(CreateDate,City_Name,Rain_Check,Snow_Check,Wind_Deg,Wind_Speed)
I, [2018-04-14T11:49:45.869359 #51911]  INFO -- :    VALUES ('2018-04-14' , 'Ishinomaki','true','true','東','3.1')
I, [2018-04-14T11:49:45.869416 #51911]  INFO -- :   -------------------------------------------------------------------------------------------------
I, [2018-04-14T11:49:45.869457 #51911]  INFO -- :  ログ書き込み処理 正常終了
I, [2018-04-14T11:49:45.869615 #51911]  INFO -- : 処理を終了します
I, [2018-04-14T11:54:46.452759 #51931]  INFO -- : --------------------------------------------------
I, [2018-04-14T11:54:46.452829 #51931]  INFO -- : 処理を開始します
I, [2018-04-14T11:54:46.452869 #51931]  INFO -- :  天気取得処理 開始
I, [2018-04-14T11:54:46.884739 #51931]  INFO -- :  天気取得処理 正常終了
I, [2018-04-14T11:54:46.884872 #51931]  INFO -- :  ログ書き込み処理 開始
I, [2018-04-14T11:54:46.892910 #51931]  INFO -- :   実行SQL-------------------------------------------------------------------------------------------
I, [2018-04-14T11:54:46.893041 #51931]  INFO -- :    INSERT INTO Log(CreateDate,City_Name,Rain_Check,Snow_Check,Wind_Deg,Wind_Speed)
I, [2018-04-14T11:54:46.893121 #51931]  INFO -- :    VALUES ('2018-04-14' , 'Ishinomaki','true','true','東','3.1')
I, [2018-04-14T11:54:46.893219 #51931]  INFO -- :   -------------------------------------------------------------------------------------------------
I, [2018-04-14T11:54:46.893265 #51931]  INFO -- :  ログ書き込み処理 正常終了
I, [2018-04-14T11:54:46.893428 #51931]  INFO -- : 処理を終了します
I, [2018-04-14T11:54:46.893494 #51931]  INFO -- : --------------------------------------------------
I, [2018-04-14T11:55:44.966787 #51934]  INFO -- : --------------------------------------------------
I, [2018-04-14T11:55:44.966870 #51934]  INFO -- : 処理を開始します
I, [2018-04-14T11:55:44.966909 #51934]  INFO -- :  天気取得処理 開始
E, [2018-04-14T11:55:45.144806 #51934] ERROR -- :   [Ishinomaki2]の名称が正しいか確認してください。
E, [2018-04-14T11:55:45.144929 #51934] ERROR -- :  天気情報取得処理 異常終了
I, [2018-04-14T11:55:45.144977 #51934]  INFO -- : 処理を終了します
I, [2018-04-14T11:55:45.145014 #51934]  INFO -- : --------------------------------------------------
I, [2018-04-14T12:00:58.550081 #51964]  INFO -- : --------------------------------------------------
I, [2018-04-14T12:00:58.550177 #51964]  INFO -- : 処理を開始します
I, [2018-04-14T12:00:58.551044 #51964]  INFO -- :  天気取得処理 開始
E, [2018-04-14T12:00:58.801395 #51964] ERROR -- :   [Ishinomaki2]の名称が正しいか確認してください。
E, [2018-04-14T12:00:58.801516 #51964] ERROR -- :  天気情報取得処理 異常終了
I, [2018-04-14T12:00:58.801567 #51964]  INFO -- : 処理を終了します
I, [2018-04-14T12:00:58.801608 #51964]  INFO -- : --------------------------------------------------
I, [2018-04-14T12:01:06.536728 #51965]  INFO -- : --------------------------------------------------
I, [2018-04-14T12:01:06.536787 #51965]  INFO -- : 処理を開始します
I, [2018-04-14T12:01:06.536825 #51965]  INFO -- :  天気取得処理 開始
I, [2018-04-14T12:01:07.300537 #51965]  INFO -- :  天気取得処理 正常終了
I, [2018-04-14T12:01:07.300675 #51965]  INFO -- :  ログ書き込み処理 開始
I, [2018-04-14T12:01:07.308392 #51965]  INFO -- :   実行SQL-------------------------------------------------------------------------------------------
I, [2018-04-14T12:01:07.308494 #51965]  INFO -- :    INSERT INTO Log(CreateDate,City_Name,Rain_Check,Snow_Check,Wind_Deg,Wind_Speed)
I, [2018-04-14T12:01:07.308590 #51965]  INFO -- :    VALUES ('2018-04-14' , 'Ishinomaki','true','true','東','3.1')
I, [2018-04-14T12:01:07.308632 #51965]  INFO -- :   -------------------------------------------------------------------------------------------------
I, [2018-04-14T12:01:07.308710 #51965]  INFO -- :  ログ書き込み処理 正常終了
I, [2018-04-14T12:01:07.308865 #51965]  INFO -- : 処理を終了します
I, [2018-04-14T12:01:07.308914 #51965]  INFO -- : --------------------------------------------------
I, [2018-04-14T12:01:37.334175 #51966]  INFO -- : --------------------------------------------------
I, [2018-04-14T12:01:37.334236 #51966]  INFO -- : 処理を開始します
I, [2018-04-14T12:01:37.334280 #51966]  INFO -- :  天気取得処理 開始
I, [2018-04-14T12:01:37.700848 #51966]  INFO -- :  天気取得処理 正常終了
I, [2018-04-14T12:01:37.701006 #51966]  INFO -- :  ログ書き込み処理 開始
I, [2018-04-14T12:01:37.708931 #51966]  INFO -- :   実行SQL-------------------------------------------------------------------------------------------
I, [2018-04-14T12:01:37.709063 #51966]  INFO -- :    INSERT INTO Log(CreateDate,City_Name,Rain_Check,Snow_Check,Wind_Deg,Wind_Speed)
I, [2018-04-14T12:01:37.709151 #51966]  INFO -- :    VALUES ('2018-04-14' , 'Ishinomaki','true','true','東','3.1')
I, [2018-04-14T12:01:37.709213 #51966]  INFO -- :   -------------------------------------------------------------------------------------------------
I, [2018-04-14T12:01:37.709258 #51966]  INFO -- :  ログ書き込み処理 正常終了
I, [2018-04-14T12:01:37.709416 #51966]  INFO -- : 処理を終了します
I, [2018-04-14T12:01:37.709481 #51966]  INFO -- : --------------------------------------------------
I, [2018-04-14T12:34:31.462961 #52095]  INFO -- : --------------------------------------------------
I, [2018-04-14T12:34:31.463331 #52095]  INFO -- : 処理を開始します
I, [2018-04-14T12:34:31.463369 #52095]  INFO -- :  天気取得処理 開始
I, [2018-04-14T12:34:31.927895 #52095]  INFO -- :  天気取得処理 正常終了
I, [2018-04-14T12:34:31.928022 #52095]  INFO -- :  ログ書き込み処理 開始
I, [2018-04-14T12:34:31.936867 #52095]  INFO -- :   実行SQL-------------------------------------------------------------------------------------------
I, [2018-04-14T12:34:31.936964 #52095]  INFO -- :    INSERT INTO Log(CreateDate,City_Name,Rain_Check,Snow_Check,Wind_Deg,Wind_Speed)
I, [2018-04-14T12:34:31.937018 #52095]  INFO -- :    VALUES ('2018-04-14' , 'Ishinomaki','true','true','東','3.1')
I, [2018-04-14T12:34:31.937088 #52095]  INFO -- :   -------------------------------------------------------------------------------------------------
I, [2018-04-14T12:34:31.937128 #52095]  INFO -- :  ログ書き込み処理 正常終了
I, [2018-04-14T12:34:31.937258 #52095]  INFO -- : 処理を終了します
I, [2018-04-14T12:34:31.937308 #52095]  INFO -- : --------------------------------------------------
I, [2018-04-14T12:35:08.653737 #52099]  INFO -- : --------------------------------------------------
I, [2018-04-14T12:35:08.653826 #52099]  INFO -- : 処理を開始します
I, [2018-04-14T12:35:08.653870 #52099]  INFO -- :  天気取得処理 開始
I, [2018-04-14T12:35:08.993847 #52099]  INFO -- :  天気取得処理 正常終了
I, [2018-04-14T12:35:08.993982 #52099]  INFO -- :  ログ書き込み処理 開始
I, [2018-04-14T12:35:09.001762 #52099]  INFO -- :   実行SQL-------------------------------------------------------------------------------------------
I, [2018-04-14T12:35:09.001885 #52099]  INFO -- :    INSERT INTO Log(CreateDate,City_Name,Rain_Check,Snow_Check,Wind_Deg,Wind_Speed)
I, [2018-04-14T12:35:09.001982 #52099]  INFO -- :    VALUES ('2018-04-14' , 'Ishinomaki','true','true','東','3.1')
I, [2018-04-14T12:35:09.002066 #52099]  INFO -- :   -------------------------------------------------------------------------------------------------
I, [2018-04-14T12:35:09.002169 #52099]  INFO -- :  ログ書き込み処理 正常終了
I, [2018-04-14T12:35:09.002365 #52099]  INFO -- : 処理を終了します
I, [2018-04-14T12:35:09.002423 #52099]  INFO -- : --------------------------------------------------
I, [2018-04-14T12:38:25.761403 #52134]  INFO -- : --------------------------------------------------
I, [2018-04-14T12:38:25.761467 #52134]  INFO -- : 処理を開始します
I, [2018-04-14T12:38:25.761493 #52134]  INFO -- :  天気取得処理 開始
I, [2018-04-14T12:38:26.199470 #52134]  INFO -- :  天気取得処理 正常終了
I, [2018-04-14T12:38:26.199618 #52134]  INFO -- :  ログ書き込み処理 開始
I, [2018-04-14T12:38:26.207329 #52134]  INFO -- :   実行SQL-------------------------------------------------------------------------------------------
I, [2018-04-14T12:38:26.207426 #52134]  INFO -- :    INSERT INTO Log(CreateDate,City_Name,Rain_Check,Snow_Check,Wind_Deg,Wind_Speed)
I, [2018-04-14T12:38:26.207481 #52134]  INFO -- :    VALUES ('2018-04-14' , 'Ishinomaki','true','true','東','3.1')
I, [2018-04-14T12:38:26.207515 #52134]  INFO -- :   -------------------------------------------------------------------------------------------------
I, [2018-04-14T12:38:26.207555 #52134]  INFO -- :  ログ書き込み処理 正常終了
I, [2018-04-14T12:38:26.207691 #52134]  INFO -- : 処理を終了します
I, [2018-04-14T12:38:26.207739 #52134]  INFO -- : --------------------------------------------------
