# Logfile created on 2018-04-16 22:02:18 +0900 by logger.rb/56438
I, [2018-04-16T22:02:18.303673 #54993]  INFO -- : --------------------------------------------------
I, [2018-04-16T22:02:18.303714 #54993]  INFO -- : JR遅延の予測処理 開始
I, [2018-04-16T22:02:18.303735 #54993]  INFO -- :  平均の風速取得処理　開始
I, [2018-04-16T22:02:18.307010 #54993]  INFO -- :  平均の風速取得処理　正常終了
I, [2018-04-16T22:02:18.307119 #54993]  INFO -- :  平均値更新処理 開始
I, [2018-04-16T22:02:18.308318 #54993]  INFO -- :  平均値更新処理 正常終了
I, [2018-04-16T22:02:18.308396 #54993]  INFO -- : JR遅延の予測処理 終了
I, [2018-04-16T22:02:18.308423 #54993]  INFO -- : --------------------------------------------------
I, [2018-04-16T22:02:30.473722 #54994]  INFO -- : --------------------------------------------------
I, [2018-04-16T22:02:30.473778 #54994]  INFO -- : JR遅延の予測処理 開始
I, [2018-04-16T22:02:30.473802 #54994]  INFO -- :  平均の風速取得処理　開始
I, [2018-04-16T22:02:30.474723 #54994]  INFO -- :  平均の風速取得処理　正常終了
I, [2018-04-16T22:02:30.474812 #54994]  INFO -- :  平均値更新処理 開始
I, [2018-04-16T22:02:30.481982 #54994]  INFO -- :  平均値更新処理 正常終了
I, [2018-04-16T22:02:30.482212 #54994]  INFO -- : JR遅延の予測処理 終了
I, [2018-04-16T22:02:30.482282 #54994]  INFO -- : --------------------------------------------------
I, [2018-04-16T22:02:38.262766 #54996]  INFO -- : --------------------------------------------------
I, [2018-04-16T22:02:38.262828 #54996]  INFO -- : JR遅延の予測処理 開始
I, [2018-04-16T22:02:38.262946 #54996]  INFO -- :  平均の風速取得処理　開始
I, [2018-04-16T22:02:38.264842 #54996]  INFO -- :  平均の風速取得処理　正常終了
I, [2018-04-16T22:02:38.264999 #54996]  INFO -- :  平均値更新処理 開始
I, [2018-04-16T22:02:38.272343 #54996]  INFO -- :  平均値更新処理 正常終了
I, [2018-04-16T22:02:38.272576 #54996]  INFO -- : JR遅延の予測処理 終了
I, [2018-04-16T22:02:38.272644 #54996]  INFO -- : --------------------------------------------------
I, [2018-04-16T22:03:24.390331 #54999]  INFO -- : --------------------------------------------------
I, [2018-04-16T22:03:24.390383 #54999]  INFO -- : JR遅延の予測処理 開始
I, [2018-04-16T22:03:24.390409 #54999]  INFO -- :  平均の風速取得処理　開始
I, [2018-04-16T22:03:24.391291 #54999]  INFO -- :  平均の風速取得処理　正常終了
I, [2018-04-16T22:03:24.391378 #54999]  INFO -- :  平均値更新処理 開始
I, [2018-04-16T22:03:24.398607 #54999]  INFO -- :  平均値更新処理 正常終了
I, [2018-04-16T22:03:24.398842 #54999]  INFO -- : JR遅延の予測処理 終了
I, [2018-04-16T22:03:24.398899 #54999]  INFO -- : --------------------------------------------------
I, [2018-04-16T22:04:07.284196 #55000]  INFO -- : --------------------------------------------------
I, [2018-04-16T22:04:07.284264 #55000]  INFO -- : JR遅延の予測処理 開始
I, [2018-04-16T22:04:07.284296 #55000]  INFO -- :  平均の風速取得処理　開始
I, [2018-04-16T22:04:07.285417 #55000]  INFO -- :  平均の風速取得処理　正常終了
I, [2018-04-16T22:04:07.285528 #55000]  INFO -- :  平均値更新処理 開始
I, [2018-04-16T22:04:07.287376 #55000]  INFO -- :  平均値更新処理 正常終了
I, [2018-04-16T22:04:07.287512 #55000]  INFO -- : JR遅延の予測処理 終了
I, [2018-04-16T22:04:07.287559 #55000]  INFO -- : --------------------------------------------------
I, [2018-04-16T22:17:53.065829 #55013]  INFO -- : --------------------------------------------------
I, [2018-04-16T22:17:53.065885 #55013]  INFO -- : JR遅延の予測処理 開始
I, [2018-04-16T22:17:53.065918 #55013]  INFO -- :  平均の風速取得処理　開始
I, [2018-04-16T22:17:53.066880 #55013]  INFO -- :  平均の風速取得処理　正常終了
I, [2018-04-16T22:17:53.066950 #55013]  INFO -- :  平均値更新処理 開始
I, [2018-04-16T22:17:53.074254 #55013]  INFO -- :  平均値更新処理 正常終了
I, [2018-04-16T22:17:53.074544 #55013]  INFO -- : JR遅延の予測処理 終了
I, [2018-04-16T22:17:53.074623 #55013]  INFO -- : --------------------------------------------------
I, [2018-04-16T22:18:31.274113 #55014]  INFO -- : --------------------------------------------------
I, [2018-04-16T22:18:31.274172 #55014]  INFO -- : JR遅延の予測処理 開始
I, [2018-04-16T22:18:31.274196 #55014]  INFO -- :  平均の風速取得処理　開始
I, [2018-04-16T22:18:31.275281 #55014]  INFO -- :  平均の風速取得処理　正常終了
I, [2018-04-16T22:18:31.275352 #55014]  INFO -- :  平均値更新処理 開始
I, [2018-04-16T22:18:31.282452 #55014]  INFO -- :  平均値更新処理 正常終了
I, [2018-04-16T22:18:31.282613 #55014]  INFO -- :  しきい値取得処理 開始
I, [2018-04-16T22:18:31.283274 #55014]  INFO -- : JR遅延の予測処理 終了
I, [2018-04-16T22:18:31.283344 #55014]  INFO -- : --------------------------------------------------
I, [2018-04-16T22:21:11.552646 #55017]  INFO -- : --------------------------------------------------
I, [2018-04-16T22:21:11.552705 #55017]  INFO -- : JR遅延の予測処理 開始
I, [2018-04-16T22:21:11.552731 #55017]  INFO -- :  平均の風速取得処理　開始
I, [2018-04-16T22:21:11.553695 #55017]  INFO -- :  平均の風速取得処理　正常終了
I, [2018-04-16T22:21:11.553771 #55017]  INFO -- :  平均値更新処理 開始
I, [2018-04-16T22:21:11.557227 #55017]  INFO -- :  平均値更新処理 正常終了
I, [2018-04-16T22:21:11.557364 #55017]  INFO -- :  しきい値取得処理 開始
I, [2018-04-16T22:21:11.557911 #55017]  INFO -- : JR遅延の予測処理 終了
I, [2018-04-16T22:21:11.557981 #55017]  INFO -- : --------------------------------------------------
I, [2018-04-16T22:21:24.316103 #55018]  INFO -- : --------------------------------------------------
I, [2018-04-16T22:21:24.316157 #55018]  INFO -- : JR遅延の予測処理 開始
I, [2018-04-16T22:21:24.316181 #55018]  INFO -- :  平均の風速取得処理　開始
I, [2018-04-16T22:21:24.317172 #55018]  INFO -- :  平均の風速取得処理　正常終了
I, [2018-04-16T22:21:24.317242 #55018]  INFO -- :  平均値更新処理 開始
I, [2018-04-16T22:21:24.324271 #55018]  INFO -- :  平均値更新処理 正常終了
I, [2018-04-16T22:21:24.324434 #55018]  INFO -- :  しきい値取得処理 開始
I, [2018-04-16T22:21:24.325102 #55018]  INFO -- : JR遅延の予測処理 終了
I, [2018-04-16T22:21:24.325173 #55018]  INFO -- : --------------------------------------------------
I, [2018-04-16T22:21:37.978636 #55019]  INFO -- : --------------------------------------------------
I, [2018-04-16T22:21:37.978691 #55019]  INFO -- : JR遅延の予測処理 開始
I, [2018-04-16T22:21:37.978714 #55019]  INFO -- :  平均の風速取得処理　開始
I, [2018-04-16T22:21:37.979744 #55019]  INFO -- :  平均の風速取得処理　正常終了
I, [2018-04-16T22:21:37.979817 #55019]  INFO -- :  平均値更新処理 開始
I, [2018-04-16T22:21:37.986947 #55019]  INFO -- :  平均値更新処理 正常終了
I, [2018-04-16T22:21:37.987107 #55019]  INFO -- :  しきい値取得処理 開始
I, [2018-04-16T22:21:37.987743 #55019]  INFO -- : JR遅延の予測処理 終了
I, [2018-04-16T22:21:37.987813 #55019]  INFO -- : --------------------------------------------------
I, [2018-04-16T22:21:42.260528 #55020]  INFO -- : --------------------------------------------------
I, [2018-04-16T22:21:42.260585 #55020]  INFO -- : JR遅延の予測処理 開始
I, [2018-04-16T22:21:42.260609 #55020]  INFO -- :  平均の風速取得処理　開始
I, [2018-04-16T22:21:42.261649 #55020]  INFO -- :  平均の風速取得処理　正常終了
I, [2018-04-16T22:21:42.261720 #55020]  INFO -- :  平均値更新処理 開始
I, [2018-04-16T22:21:42.268849 #55020]  INFO -- :  平均値更新処理 正常終了
I, [2018-04-16T22:21:42.269094 #55020]  INFO -- :  しきい値取得処理 開始
I, [2018-04-16T22:21:42.269684 #55020]  INFO -- : JR遅延の予測処理 終了
I, [2018-04-16T22:21:42.269760 #55020]  INFO -- : --------------------------------------------------
I, [2018-04-16T22:22:27.014964 #55021]  INFO -- : --------------------------------------------------
I, [2018-04-16T22:22:27.015019 #55021]  INFO -- : JR遅延の予測処理 開始
I, [2018-04-16T22:22:27.015043 #55021]  INFO -- :  平均の風速取得処理　開始
I, [2018-04-16T22:22:27.016046 #55021]  INFO -- :  平均の風速取得処理　正常終了
I, [2018-04-16T22:22:27.016116 #55021]  INFO -- :  平均値更新処理 開始
I, [2018-04-16T22:22:27.023195 #55021]  INFO -- :  平均値更新処理 正常終了
I, [2018-04-16T22:22:27.023356 #55021]  INFO -- :  しきい値取得処理 開始
I, [2018-04-16T22:22:27.023902 #55021]  INFO -- : JR遅延の予測処理 終了
I, [2018-04-16T22:22:27.023977 #55021]  INFO -- : --------------------------------------------------
I, [2018-04-16T22:22:34.295259 #55022]  INFO -- : --------------------------------------------------
I, [2018-04-16T22:22:34.295315 #55022]  INFO -- : JR遅延の予測処理 開始
I, [2018-04-16T22:22:34.295340 #55022]  INFO -- :  平均の風速取得処理　開始
I, [2018-04-16T22:22:34.296407 #55022]  INFO -- :  平均の風速取得処理　正常終了
I, [2018-04-16T22:22:34.296480 #55022]  INFO -- :  平均値更新処理 開始
I, [2018-04-16T22:22:34.303458 #55022]  INFO -- :  平均値更新処理 正常終了
I, [2018-04-16T22:22:34.303624 #55022]  INFO -- :  しきい値取得処理 開始
I, [2018-04-16T22:22:34.304162 #55022]  INFO -- : JR遅延の予測処理 終了
I, [2018-04-16T22:22:34.304236 #55022]  INFO -- : --------------------------------------------------
I, [2018-04-16T22:22:43.064534 #55023]  INFO -- : --------------------------------------------------
I, [2018-04-16T22:22:43.064588 #55023]  INFO -- : JR遅延の予測処理 開始
I, [2018-04-16T22:22:43.064613 #55023]  INFO -- :  平均の風速取得処理　開始
I, [2018-04-16T22:22:43.065729 #55023]  INFO -- :  平均の風速取得処理　正常終了
I, [2018-04-16T22:22:43.065800 #55023]  INFO -- :  平均値更新処理 開始
I, [2018-04-16T22:22:43.068877 #55023]  INFO -- :  平均値更新処理 正常終了
I, [2018-04-16T22:22:43.069134 #55023]  INFO -- :  しきい値取得処理 開始
E, [2018-04-16T22:22:43.069471 #55023] ERROR -- :  しきい値取得処理 異常終了
I, [2018-04-16T22:22:43.069574 #55023]  INFO -- : JR遅延の予測処理 終了
I, [2018-04-16T22:22:43.069622 #55023]  INFO -- : --------------------------------------------------
I, [2018-04-16T22:22:50.193908 #55024]  INFO -- : --------------------------------------------------
I, [2018-04-16T22:22:50.194005 #55024]  INFO -- : JR遅延の予測処理 開始
I, [2018-04-16T22:22:50.194051 #55024]  INFO -- :  平均の風速取得処理　開始
I, [2018-04-16T22:22:50.195022 #55024]  INFO -- :  平均の風速取得処理　正常終了
I, [2018-04-16T22:22:50.195097 #55024]  INFO -- :  平均値更新処理 開始
I, [2018-04-16T22:22:50.202050 #55024]  INFO -- :  平均値更新処理 正常終了
I, [2018-04-16T22:22:50.202287 #55024]  INFO -- :  しきい値取得処理 開始
E, [2018-04-16T22:22:50.202965 #55024] ERROR -- :  しきい値取得処理 異常終了
I, [2018-04-16T22:22:50.203112 #55024]  INFO -- : JR遅延の予測処理 終了
I, [2018-04-16T22:22:50.203152 #55024]  INFO -- : --------------------------------------------------
I, [2018-04-16T22:22:56.886389 #55025]  INFO -- : --------------------------------------------------
I, [2018-04-16T22:22:56.886443 #55025]  INFO -- : JR遅延の予測処理 開始
I, [2018-04-16T22:22:56.886466 #55025]  INFO -- :  平均の風速取得処理　開始
I, [2018-04-16T22:22:56.887448 #55025]  INFO -- :  平均の風速取得処理　正常終了
I, [2018-04-16T22:22:56.887518 #55025]  INFO -- :  平均値更新処理 開始
I, [2018-04-16T22:22:56.894950 #55025]  INFO -- :  平均値更新処理 正常終了
I, [2018-04-16T22:22:56.895221 #55025]  INFO -- :  しきい値取得処理 開始
I, [2018-04-16T22:22:56.895691 #55025]  INFO -- : JR遅延の予測処理 終了
I, [2018-04-16T22:22:56.895753 #55025]  INFO -- : --------------------------------------------------
I, [2018-04-16T22:23:39.776721 #55026]  INFO -- : --------------------------------------------------
I, [2018-04-16T22:23:39.776777 #55026]  INFO -- : JR遅延の予測処理 開始
I, [2018-04-16T22:23:39.776802 #55026]  INFO -- :  平均の風速取得処理　開始
I, [2018-04-16T22:23:39.777897 #55026]  INFO -- :  平均の風速取得処理　正常終了
I, [2018-04-16T22:23:39.777967 #55026]  INFO -- :  平均値更新処理 開始
I, [2018-04-16T22:23:39.785183 #55026]  INFO -- :  平均値更新処理 正常終了
I, [2018-04-16T22:23:39.785443 #55026]  INFO -- :  しきい値取得処理 開始
I, [2018-04-16T22:23:39.786155 #55026]  INFO -- : JR遅延の予測処理 終了
I, [2018-04-16T22:23:39.786226 #55026]  INFO -- : --------------------------------------------------
I, [2018-04-16T22:23:46.156858 #55027]  INFO -- : --------------------------------------------------
I, [2018-04-16T22:23:46.156915 #55027]  INFO -- : JR遅延の予測処理 開始
I, [2018-04-16T22:23:46.156938 #55027]  INFO -- :  平均の風速取得処理　開始
I, [2018-04-16T22:23:46.158047 #55027]  INFO -- :  平均の風速取得処理　正常終了
I, [2018-04-16T22:23:46.158118 #55027]  INFO -- :  平均値更新処理 開始
I, [2018-04-16T22:23:46.165613 #55027]  INFO -- :  平均値更新処理 正常終了
I, [2018-04-16T22:23:46.165789 #55027]  INFO -- :  しきい値取得処理 開始
I, [2018-04-16T22:23:46.166397 #55027]  INFO -- : JR遅延の予測処理 終了
I, [2018-04-16T22:23:46.166469 #55027]  INFO -- : --------------------------------------------------
I, [2018-04-16T22:35:10.253337 #55040]  INFO -- : --------------------------------------------------
I, [2018-04-16T22:35:10.253392 #55040]  INFO -- : JR遅延の予測処理 開始
I, [2018-04-16T22:35:10.253417 #55040]  INFO -- :  平均の風速取得処理　開始
I, [2018-04-16T22:35:10.254498 #55040]  INFO -- :  平均の風速取得処理　正常終了
I, [2018-04-16T22:35:10.254570 #55040]  INFO -- :  平均値更新処理 開始
I, [2018-04-16T22:35:10.261952 #55040]  INFO -- :  平均値更新処理 正常終了
I, [2018-04-16T22:35:10.262222 #55040]  INFO -- :  しきい値取得処理 開始
I, [2018-04-16T22:35:10.262805 #55040]  INFO -- :  しきい値取得処理 正常終了
I, [2018-04-16T22:35:10.262944 #55040]  INFO -- :  通知判定処理 開始
I, [2018-04-16T22:35:10.262994 #55040]  INFO -- :  通知判定処理 正常終了
I, [2018-04-16T22:35:10.263028 #55040]  INFO -- : JR遅延の予測処理 終了
I, [2018-04-16T22:35:10.263062 #55040]  INFO -- : --------------------------------------------------
I, [2018-04-16T22:36:23.470063 #55042]  INFO -- : --------------------------------------------------
I, [2018-04-16T22:36:23.470121 #55042]  INFO -- : 電車遅延通知処理 開始
I, [2018-04-16T22:36:23.470147 #55042]  INFO -- :  平均の風速取得処理　開始
I, [2018-04-16T22:36:23.471230 #55042]  INFO -- :  平均の風速取得処理　正常終了
I, [2018-04-16T22:36:23.471300 #55042]  INFO -- :  平均値更新処理 　  開始
I, [2018-04-16T22:36:23.477944 #55042]  INFO -- :  平均値更新処理     正常終了
I, [2018-04-16T22:36:23.478129 #55042]  INFO -- :  しきい値取得処理   開始
I, [2018-04-16T22:36:23.478554 #55042]  INFO -- :  しきい値取得処理   正常終了
I, [2018-04-16T22:36:23.478624 #55042]  INFO -- :  通知判定処理       開始
I, [2018-04-16T22:36:23.478652 #55042]  INFO -- :  通知判定処理       正常終了
I, [2018-04-16T22:36:23.478672 #55042]  INFO -- : 電車遅延通知処理 終了
I, [2018-04-16T22:36:23.478689 #55042]  INFO -- : --------------------------------------------------
