# Logfile created on 2018-04-13 20:37:02 +0900 by logger.rb/56438
I, [2018-04-13T20:37:02.751161 #50701]  INFO -- : 処理を開始します
I, [2018-04-13T20:37:02.751210 #50701]  INFO -- :  天気取得処理 開始
I, [2018-04-13T20:37:03.212021 #50701]  INFO -- :  天気取得処理 正常終了
I, [2018-04-13T20:37:03.212238 #50701]  INFO -- :  ログ書き込み処理 開始
I, [2018-04-13T20:37:03.219975 #50701]  INFO -- :   実行SQL-------------------------------------------------------------------------------------------
I, [2018-04-13T20:37:03.220074 #50701]  INFO -- :    INSERT INTO Log(CreateDate,City_Name,Rain_Check,Snow_Check,Wind_Deg,Wind_Speed)
I, [2018-04-13T20:37:03.220126 #50701]  INFO -- :    VALUES ('2018-04-13' , 'Ishinomaki','true','true','北西','5.1')
I, [2018-04-13T20:37:03.220158 #50701]  INFO -- :   -------------------------------------------------------------------------------------------------
I, [2018-04-13T20:37:03.220214 #50701]  INFO -- :  ログ書き込み処理 正常終了
I, [2018-04-13T20:37:03.220368 #50701]  INFO -- : 処理を終了します
I, [2018-04-13T20:57:41.742078 #50850]  INFO -- : 処理を開始します
I, [2018-04-13T20:57:41.742147 #50850]  INFO -- :  天気取得処理 開始
I, [2018-04-13T20:57:42.144355 #50850]  INFO -- :  天気取得処理 正常終了
I, [2018-04-13T20:57:42.144568 #50850]  INFO -- :  ログ書き込み処理 開始
I, [2018-04-13T20:57:42.152612 #50850]  INFO -- :   実行SQL-------------------------------------------------------------------------------------------
I, [2018-04-13T20:57:42.152738 #50850]  INFO -- :    INSERT INTO Log(CreateDate,City_Name,Rain_Check,Snow_Check,Wind_Deg,Wind_Speed)
I, [2018-04-13T20:57:42.152814 #50850]  INFO -- :    VALUES ('2018-04-13' , 'Ishinomaki','true','true','北西','3.6')
I, [2018-04-13T20:57:42.152881 #50850]  INFO -- :   -------------------------------------------------------------------------------------------------
I, [2018-04-13T20:57:42.152919 #50850]  INFO -- :  ログ書き込み処理 正常終了
I, [2018-04-13T20:57:42.153074 #50850]  INFO -- : 処理を終了します
I, [2018-04-13T21:06:28.423591 #50897]  INFO -- : 処理を開始します
I, [2018-04-13T21:06:28.423648 #50897]  INFO -- :  天気取得処理 開始
I, [2018-04-13T21:06:28.780422 #50897]  INFO -- :  天気取得処理 正常終了
I, [2018-04-13T21:06:28.780660 #50897]  INFO -- :  ログ書き込み処理 開始
I, [2018-04-13T21:06:28.788722 #50897]  INFO -- :   実行SQL-------------------------------------------------------------------------------------------
I, [2018-04-13T21:06:28.788849 #50897]  INFO -- :    INSERT INTO Log(CreateDate,City_Name,Rain_Check,Snow_Check,Wind_Deg,Wind_Speed)
I, [2018-04-13T21:06:28.788926 #50897]  INFO -- :    VALUES ('2018-04-13' , 'Ishinomaki','true','true','北西','3.6')
I, [2018-04-13T21:06:28.789010 #50897]  INFO -- :   -------------------------------------------------------------------------------------------------
I, [2018-04-13T21:06:28.789053 #50897]  INFO -- :  ログ書き込み処理 正常終了
I, [2018-04-13T21:06:28.789220 #50897]  INFO -- : 処理を終了します
