# Logfile created on 2018-04-22 13:41:25 +0900 by logger.rb/61378
I, [2018-04-22T13:41:25.831574 #29831]  INFO -- : --------------------------------------------------
I, [2018-04-22T13:41:25.831649 #29831]  INFO -- : 電車遅延通知処理 開始
I, [2018-04-22T13:41:25.831693 #29831]  INFO -- :  平均の風速取得処理　開始
I, [2018-04-22T13:41:25.836088 #29831]  INFO -- :  平均の風速取得処理　正常終了
I, [2018-04-22T13:41:25.836216 #29831]  INFO -- :  平均値更新処理 開始
I, [2018-04-22T13:41:25.837725 #29831]  INFO -- :  平均値更新処理 正常終了
I, [2018-04-22T13:41:25.837824 #29831]  INFO -- :  しきい値取得処理 開始
I, [2018-04-22T13:41:25.838142 #29831]  INFO -- :  しきい値取得処理 正常終了
I, [2018-04-22T13:41:25.838201 #29831]  INFO -- :  通知判定処理 開始
I, [2018-04-22T13:41:26.113684 #29831]  INFO -- :  通知判定処理 正常終了
I, [2018-04-22T13:41:27.363109 #29831]  INFO -- : 電車遅延通知処理 終了
I, [2018-04-22T13:41:27.363220 #29831]  INFO -- : --------------------------------------------------
I, [2018-04-22T13:45:00.193730 #29864]  INFO -- : --------------------------------------------------
I, [2018-04-22T13:45:00.193816 #29864]  INFO -- : 電車遅延通知処理 開始
I, [2018-04-22T13:45:00.193840 #29864]  INFO -- :  平均の風速取得処理　開始
I, [2018-04-22T13:45:00.195002 #29864]  INFO -- :  平均の風速取得処理　正常終了
I, [2018-04-22T13:45:00.195066 #29864]  INFO -- :  平均値更新処理 開始
I, [2018-04-22T13:45:00.201806 #29864]  INFO -- :  平均値更新処理 正常終了
I, [2018-04-22T13:45:00.201986 #29864]  INFO -- :  しきい値取得処理 開始
I, [2018-04-22T13:45:00.202505 #29864]  INFO -- :  しきい値取得処理 正常終了
I, [2018-04-22T13:45:00.202626 #29864]  INFO -- :  通知判定処理 開始
I, [2018-04-22T13:45:00.454922 #29864]  INFO -- :  通知判定処理 正常終了
I, [2018-04-22T13:45:02.151678 #29864]  INFO -- : 電車遅延通知処理 終了
I, [2018-04-22T13:45:02.151793 #29864]  INFO -- : --------------------------------------------------
I, [2018-04-22T13:45:27.182222 #29898]  INFO -- : --------------------------------------------------
I, [2018-04-22T13:45:27.182291 #29898]  INFO -- : 電車遅延通知処理 開始
I, [2018-04-22T13:45:27.182315 #29898]  INFO -- :  平均の風速取得処理　開始
I, [2018-04-22T13:45:27.183315 #29898]  INFO -- :  平均の風速取得処理　正常終了
I, [2018-04-22T13:45:27.183371 #29898]  INFO -- :  平均値更新処理 開始
I, [2018-04-22T13:45:27.190211 #29898]  INFO -- :  平均値更新処理 正常終了
I, [2018-04-22T13:45:27.190331 #29898]  INFO -- :  しきい値取得処理 開始
I, [2018-04-22T13:45:27.190807 #29898]  INFO -- :  しきい値取得処理 正常終了
I, [2018-04-22T13:45:27.190909 #29898]  INFO -- :  通知判定処理 開始
I, [2018-04-22T13:45:27.436012 #29898]  INFO -- :  通知判定処理 正常終了
I, [2018-04-22T13:45:28.626554 #29898]  INFO -- : 電車遅延通知処理 終了
I, [2018-04-22T13:45:28.626674 #29898]  INFO -- : --------------------------------------------------
I, [2018-04-22T13:53:52.579533 #29940]  INFO -- : --------------------------------------------------
I, [2018-04-22T13:53:52.579651 #29940]  INFO -- : 電車遅延通知処理 開始
I, [2018-04-22T13:53:52.579698 #29940]  INFO -- :  平均の風速取得処理　開始
I, [2018-04-22T13:53:52.581589 #29940]  INFO -- :  平均の風速取得処理　正常終了
I, [2018-04-22T13:53:52.581676 #29940]  INFO -- :  平均値更新処理 開始
I, [2018-04-22T13:53:52.587996 #29940]  INFO -- :  平均値更新処理 正常終了
I, [2018-04-22T13:53:52.588104 #29940]  INFO -- :  しきい値取得処理 開始
I, [2018-04-22T13:53:52.588397 #29940]  INFO -- :  しきい値取得処理 正常終了
I, [2018-04-22T13:53:52.588466 #29940]  INFO -- :  通知判定処理 開始
I, [2018-04-22T13:53:52.849842 #29940]  INFO -- :  通知判定処理 正常終了
I, [2018-04-22T13:53:54.119444 #29940]  INFO -- : 電車遅延通知処理 終了
I, [2018-04-22T13:53:54.119576 #29940]  INFO -- : --------------------------------------------------
I, [2018-04-22T14:02:57.373639 #29979]  INFO -- : --------------------------------------------------
I, [2018-04-22T14:02:57.373708 #29979]  INFO -- : 電車遅延通知処理 開始
I, [2018-04-22T14:02:57.373732 #29979]  INFO -- :  平均の風速取得処理　開始
I, [2018-04-22T14:02:57.374746 #29979]  INFO -- :  平均の風速取得処理　正常終了
I, [2018-04-22T14:02:57.374808 #29979]  INFO -- :  平均値更新処理 開始
I, [2018-04-22T14:02:57.381924 #29979]  INFO -- :  平均値更新処理 正常終了
I, [2018-04-22T14:02:57.382103 #29979]  INFO -- :  しきい値取得処理 開始
I, [2018-04-22T14:02:57.382534 #29979]  INFO -- :  しきい値取得処理 正常終了
I, [2018-04-22T14:02:57.382644 #29979]  INFO -- :  通知判定処理 開始
I, [2018-04-22T14:02:58.243277 #29979]  INFO -- :  通知判定処理 正常終了
I, [2018-04-22T14:03:02.553738 #29979]  INFO -- : 電車遅延通知処理 終了
I, [2018-04-22T14:03:02.553870 #29979]  INFO -- : --------------------------------------------------
I, [2018-04-22T14:05:13.367069 #30014]  INFO -- : --------------------------------------------------
I, [2018-04-22T14:05:13.367137 #30014]  INFO -- : 電車遅延通知処理 開始
I, [2018-04-22T14:05:13.367167 #30014]  INFO -- :  平均の風速取得処理　開始
I, [2018-04-22T14:05:13.368164 #30014]  INFO -- :  平均の風速取得処理　正常終了
I, [2018-04-22T14:05:13.368223 #30014]  INFO -- :  平均値更新処理 開始
I, [2018-04-22T14:05:13.374918 #30014]  INFO -- :  平均値更新処理 正常終了
I, [2018-04-22T14:05:13.375053 #30014]  INFO -- :  しきい値取得処理 開始
I, [2018-04-22T14:05:13.375531 #30014]  INFO -- :  しきい値取得処理 正常終了
I, [2018-04-22T14:05:13.375639 #30014]  INFO -- :  通知判定処理 開始
I, [2018-04-22T14:05:13.636847 #30014]  INFO -- :  通知判定処理 正常終了
I, [2018-04-22T14:05:14.959495 #30014]  INFO -- : 電車遅延通知処理 終了
I, [2018-04-22T14:05:14.959614 #30014]  INFO -- : --------------------------------------------------
I, [2018-04-22T14:06:56.244581 #30049]  INFO -- : --------------------------------------------------
I, [2018-04-22T14:06:56.244656 #30049]  INFO -- : 電車遅延通知処理 開始
I, [2018-04-22T14:06:56.244680 #30049]  INFO -- :  平均の風速取得処理　開始
I, [2018-04-22T14:06:56.245669 #30049]  INFO -- :  平均の風速取得処理　正常終了
I, [2018-04-22T14:06:56.245728 #30049]  INFO -- :  平均値更新処理 開始
I, [2018-04-22T14:06:56.252079 #30049]  INFO -- :  平均値更新処理 正常終了
I, [2018-04-22T14:06:56.252179 #30049]  INFO -- :  しきい値取得処理 開始
I, [2018-04-22T14:06:56.252529 #30049]  INFO -- :  しきい値取得処理 正常終了
I, [2018-04-22T14:06:56.252587 #30049]  INFO -- :  通知判定処理 開始
I, [2018-04-22T14:06:56.489910 #30049]  INFO -- :  通知判定処理 正常終了
I, [2018-04-22T14:06:57.669896 #30049]  INFO -- : 電車遅延通知処理 終了
I, [2018-04-22T14:06:57.670130 #30049]  INFO -- : --------------------------------------------------
I, [2018-04-22T14:07:03.557094 #30079]  INFO -- : --------------------------------------------------
I, [2018-04-22T14:07:03.557162 #30079]  INFO -- : 電車遅延通知処理 開始
I, [2018-04-22T14:07:03.557184 #30079]  INFO -- :  平均の風速取得処理　開始
I, [2018-04-22T14:07:03.558078 #30079]  INFO -- :  平均の風速取得処理　正常終了
I, [2018-04-22T14:07:03.558131 #30079]  INFO -- :  平均値更新処理 開始
I, [2018-04-22T14:07:03.564863 #30079]  INFO -- :  平均値更新処理 正常終了
I, [2018-04-22T14:07:03.565012 #30079]  INFO -- :  しきい値取得処理 開始
I, [2018-04-22T14:07:03.565314 #30079]  INFO -- :  しきい値取得処理 正常終了
I, [2018-04-22T14:07:03.565423 #30079]  INFO -- :  通知判定処理 開始
I, [2018-04-22T14:07:03.805675 #30079]  INFO -- :  通知判定処理 正常終了
I, [2018-04-22T14:07:04.892388 #30079]  INFO -- : 電車遅延通知処理 終了
I, [2018-04-22T14:07:04.892512 #30079]  INFO -- : --------------------------------------------------
I, [2018-04-22T14:08:10.334506 #30110]  INFO -- : --------------------------------------------------
I, [2018-04-22T14:08:10.334582 #30110]  INFO -- : 電車遅延通知処理 開始
I, [2018-04-22T14:08:10.334606 #30110]  INFO -- :  平均の風速取得処理　開始
I, [2018-04-22T14:08:10.335882 #30110]  INFO -- :  平均の風速取得処理　正常終了
I, [2018-04-22T14:08:10.335943 #30110]  INFO -- :  平均値更新処理 開始
I, [2018-04-22T14:08:10.342254 #30110]  INFO -- :  平均値更新処理 正常終了
I, [2018-04-22T14:08:10.342418 #30110]  INFO -- :  しきい値取得処理 開始
I, [2018-04-22T14:08:10.342884 #30110]  INFO -- :  しきい値取得処理 正常終了
I, [2018-04-22T14:08:10.342983 #30110]  INFO -- :  通知判定処理 開始
I, [2018-04-22T14:08:10.592058 #30110]  INFO -- :  通知判定処理 正常終了
I, [2018-04-22T14:08:10.736836 #30110]  INFO -- : 電車遅延通知処理 終了
I, [2018-04-22T14:08:10.736958 #30110]  INFO -- : --------------------------------------------------
I, [2018-04-22T14:08:25.820115 #30128]  INFO -- : --------------------------------------------------
I, [2018-04-22T14:08:25.820187 #30128]  INFO -- : 電車遅延通知処理 開始
I, [2018-04-22T14:08:25.820213 #30128]  INFO -- :  平均の風速取得処理　開始
I, [2018-04-22T14:08:25.821311 #30128]  INFO -- :  平均の風速取得処理　正常終了
I, [2018-04-22T14:08:25.821372 #30128]  INFO -- :  平均値更新処理 開始
I, [2018-04-22T14:08:25.828174 #30128]  INFO -- :  平均値更新処理 正常終了
I, [2018-04-22T14:08:25.828291 #30128]  INFO -- :  しきい値取得処理 開始
I, [2018-04-22T14:08:25.828780 #30128]  INFO -- :  しきい値取得処理 正常終了
I, [2018-04-22T14:08:25.828883 #30128]  INFO -- :  通知判定処理 開始
I, [2018-04-22T14:08:26.077637 #30128]  INFO -- :  通知判定処理 正常終了
E, [2018-04-22T14:08:26.243185 #30128] ERROR -- : 電車遅延通知処理 異常終了
I, [2018-04-22T14:08:26.243294 #30128]  INFO -- : --------------------------------------------------
I, [2018-04-22T14:08:56.136560 #30154]  INFO -- : --------------------------------------------------
I, [2018-04-22T14:08:56.136629 #30154]  INFO -- : 電車遅延通知処理 開始
I, [2018-04-22T14:08:56.136654 #30154]  INFO -- :  平均の風速取得処理　開始
I, [2018-04-22T14:08:56.137658 #30154]  INFO -- :  平均の風速取得処理　正常終了
I, [2018-04-22T14:08:56.137721 #30154]  INFO -- :  平均値更新処理 開始
I, [2018-04-22T14:08:56.144248 #30154]  INFO -- :  平均値更新処理 正常終了
I, [2018-04-22T14:08:56.144464 #30154]  INFO -- :  しきい値取得処理 開始
I, [2018-04-22T14:08:56.144964 #30154]  INFO -- :  しきい値取得処理 正常終了
I, [2018-04-22T14:08:56.145066 #30154]  INFO -- :  通知判定処理 開始
I, [2018-04-22T14:08:56.394472 #30154]  INFO -- :  通知判定処理 正常終了
E, [2018-04-22T14:08:56.583332 #30154] ERROR -- : 電車遅延通知処理 異常終了
I, [2018-04-22T14:08:56.583434 #30154]  INFO -- : --------------------------------------------------
I, [2018-04-22T14:09:43.971055 #30180]  INFO -- : --------------------------------------------------
I, [2018-04-22T14:09:43.971121 #30180]  INFO -- : 電車遅延通知処理 開始
I, [2018-04-22T14:09:43.971143 #30180]  INFO -- :  平均の風速取得処理　開始
I, [2018-04-22T14:09:43.972270 #30180]  INFO -- :  平均の風速取得処理　正常終了
I, [2018-04-22T14:09:43.972327 #30180]  INFO -- :  平均値更新処理 開始
I, [2018-04-22T14:09:43.978939 #30180]  INFO -- :  平均値更新処理 正常終了
I, [2018-04-22T14:09:43.979063 #30180]  INFO -- :  しきい値取得処理 開始
I, [2018-04-22T14:09:43.979526 #30180]  INFO -- :  しきい値取得処理 正常終了
I, [2018-04-22T14:09:43.979587 #30180]  INFO -- :  通知判定処理 開始
I, [2018-04-22T14:09:44.219952 #30180]  INFO -- :  通知判定処理 正常終了
E, [2018-04-22T14:09:44.220107 #30180] ERROR -- : 電車遅延通知処理 異常終了
I, [2018-04-22T14:09:44.220149 #30180]  INFO -- : --------------------------------------------------
I, [2018-04-22T14:19:44.152804 #30206]  INFO -- : --------------------------------------------------
I, [2018-04-22T14:19:44.152881 #30206]  INFO -- : 電車遅延通知処理 開始
I, [2018-04-22T14:19:44.152908 #30206]  INFO -- :  平均の風速取得処理　開始
I, [2018-04-22T14:19:44.153999 #30206]  INFO -- :  平均の風速取得処理　正常終了
I, [2018-04-22T14:19:44.154062 #30206]  INFO -- :  平均値更新処理 開始
I, [2018-04-22T14:19:44.160854 #30206]  INFO -- :  平均値更新処理 正常終了
I, [2018-04-22T14:19:44.160977 #30206]  INFO -- :  しきい値取得処理 開始
I, [2018-04-22T14:19:44.161406 #30206]  INFO -- :  しきい値取得処理 正常終了
I, [2018-04-22T14:19:44.161476 #30206]  INFO -- :  通知判定処理 開始
E, [2018-04-22T14:19:44.227237 #30206] ERROR -- : 通知の判定処理でエラーが発生したため、処理を終了します
E, [2018-04-22T14:19:44.227304 #30206] ERROR -- : 電車遅延通知処理 異常終了
I, [2018-04-22T14:19:44.227346 #30206]  INFO -- : --------------------------------------------------
I, [2018-04-22T14:19:59.184003 #30221]  INFO -- : --------------------------------------------------
I, [2018-04-22T14:19:59.184077 #30221]  INFO -- : 電車遅延通知処理 開始
I, [2018-04-22T14:19:59.184101 #30221]  INFO -- :  平均の風速取得処理　開始
I, [2018-04-22T14:19:59.185113 #30221]  INFO -- :  平均の風速取得処理　正常終了
I, [2018-04-22T14:19:59.185173 #30221]  INFO -- :  平均値更新処理 開始
I, [2018-04-22T14:19:59.192223 #30221]  INFO -- :  平均値更新処理 正常終了
I, [2018-04-22T14:19:59.192415 #30221]  INFO -- :  しきい値取得処理 開始
I, [2018-04-22T14:19:59.192858 #30221]  INFO -- :  しきい値取得処理 正常終了
I, [2018-04-22T14:19:59.192920 #30221]  INFO -- :  通知判定処理 開始
E, [2018-04-22T14:19:59.223413 #30221] ERROR -- : 通知の判定処理でエラーが発生したため、処理を終了します
E, [2018-04-22T14:19:59.223500 #30221] ERROR -- : 電車遅延通知処理 異常終了
I, [2018-04-22T14:19:59.223532 #30221]  INFO -- : --------------------------------------------------
I, [2018-04-22T14:21:06.840952 #30237]  INFO -- : --------------------------------------------------
I, [2018-04-22T14:21:07.577434 #30237]  INFO -- : 電車遅延通知処理 開始
I, [2018-04-22T14:21:10.729761 #30237]  INFO -- :  平均の風速取得処理　開始
I, [2018-04-22T14:21:10.732108 #30237]  INFO -- :  平均の風速取得処理　正常終了
I, [2018-04-22T14:21:11.345145 #30237]  INFO -- :  平均値更新処理 開始
I, [2018-04-22T14:21:11.351031 #30237]  INFO -- :  平均値更新処理 正常終了
I, [2018-04-22T14:21:11.904263 #30237]  INFO -- :  しきい値取得処理 開始
I, [2018-04-22T14:21:11.904903 #30237]  INFO -- :  しきい値取得処理 正常終了
I, [2018-04-22T14:21:15.145257 #30237]  INFO -- :  通知判定処理 開始
E, [2018-04-22T14:21:28.632681 #30237] ERROR -- : 通知の判定処理でエラーが発生したため、処理を終了します
E, [2018-04-22T14:21:28.632761 #30237] ERROR -- : 電車遅延通知処理 異常終了
I, [2018-04-22T14:21:28.632806 #30237]  INFO -- : --------------------------------------------------
I, [2018-04-22T14:21:59.787177 #30294]  INFO -- : --------------------------------------------------
I, [2018-04-22T14:21:59.787244 #30294]  INFO -- : 電車遅延通知処理 開始
I, [2018-04-22T14:21:59.787269 #30294]  INFO -- :  平均の風速取得処理　開始
I, [2018-04-22T14:21:59.788424 #30294]  INFO -- :  平均の風速取得処理　正常終了
I, [2018-04-22T14:21:59.788483 #30294]  INFO -- :  平均値更新処理 開始
I, [2018-04-22T14:21:59.791410 #30294]  INFO -- :  平均値更新処理 正常終了
I, [2018-04-22T14:21:59.791512 #30294]  INFO -- :  しきい値取得処理 開始
I, [2018-04-22T14:21:59.791844 #30294]  INFO -- :  しきい値取得処理 正常終了
I, [2018-04-22T14:21:59.791900 #30294]  INFO -- :  通知判定処理 開始
I, [2018-04-22T14:22:00.064315 #30294]  INFO -- :  通知判定処理 正常終了
I, [2018-04-22T14:22:01.297328 #30294]  INFO -- : 電車遅延通知処理 終了
I, [2018-04-22T14:22:01.297458 #30294]  INFO -- : --------------------------------------------------
I, [2018-04-22T14:27:23.482310 #30335]  INFO -- : --------------------------------------------------
I, [2018-04-22T14:27:23.482388 #30335]  INFO -- : 電車遅延通知処理 開始
I, [2018-04-22T14:27:23.482416 #30335]  INFO -- :  平均の風速取得処理　開始
I, [2018-04-22T14:27:23.484398 #30335]  INFO -- :  平均の風速取得処理　正常終了
I, [2018-04-22T14:27:23.484514 #30335]  INFO -- :  平均値更新処理 開始
I, [2018-04-22T14:27:23.491209 #30335]  INFO -- :  平均値更新処理 正常終了
I, [2018-04-22T14:27:23.491316 #30335]  INFO -- :  しきい値取得処理 開始
I, [2018-04-22T14:27:23.491580 #30335]  INFO -- :  しきい値取得処理 正常終了
I, [2018-04-22T14:27:23.491643 #30335]  INFO -- :  通知判定処理 開始
I, [2018-04-22T14:27:23.742294 #30335]  INFO -- :  通知判定処理 正常終了
I, [2018-04-22T14:27:25.020792 #30335]  INFO -- : 電車遅延通知処理 終了
I, [2018-04-22T14:27:25.020911 #30335]  INFO -- : --------------------------------------------------
