# Logfile created on 2018-04-17 22:40:59 +0900 by logger.rb/56438
I, [2018-04-17T22:40:59.060795 #55145]  INFO -- : --------------------------------------------------
I, [2018-04-17T22:40:59.060851 #55145]  INFO -- : 天気の記録処理 開始
I, [2018-04-17T22:40:59.060898 #55145]  INFO -- :  天気取得処理 開始
I, [2018-04-17T22:40:59.446890 #55145]  INFO -- :  天気取得処理 正常終了
I, [2018-04-17T22:40:59.446987 #55145]  INFO -- :  ログ書き込み処理 開始
I, [2018-04-17T22:40:59.456529 #55145]  INFO -- :   実行SQL-------------------------------------------------------------------------------------------
I, [2018-04-17T22:40:59.456622 #55145]  INFO -- :    INSERT INTO Log(CreateDate,City_Name,Rain_Check,Snow_Check,Wind_Deg,Wind_Speed)
I, [2018-04-17T22:40:59.456676 #55145]  INFO -- :    VALUES ('2018-04-17' , 'Ishinomaki','true','true','南東','6.2')
I, [2018-04-17T22:40:59.456708 #55145]  INFO -- :   -------------------------------------------------------------------------------------------------
I, [2018-04-17T22:40:59.456745 #55145]  INFO -- :  ログ書き込み処理 正常終了
I, [2018-04-17T22:40:59.456879 #55145]  INFO -- : 天気の記録処理 正常終了
I, [2018-04-17T22:40:59.456926 #55145]  INFO -- : --------------------------------------------------
I, [2018-04-17T22:41:53.422732 #55146]  INFO -- : --------------------------------------------------
I, [2018-04-17T22:41:53.422789 #55146]  INFO -- : 電車遅延通知処理 開始
I, [2018-04-17T22:41:53.422818 #55146]  INFO -- :  平均の風速取得処理　開始
I, [2018-04-17T22:41:53.423796 #55146]  INFO -- :  平均の風速取得処理　正常終了
I, [2018-04-17T22:41:53.423871 #55146]  INFO -- :  平均値更新処理 開始
I, [2018-04-17T22:41:53.425121 #55146]  INFO -- :  平均値更新処理 正常終了
I, [2018-04-17T22:41:53.425238 #55146]  INFO -- :  しきい値取得処理 開始
I, [2018-04-17T22:41:53.425606 #55146]  INFO -- :  しきい値取得処理 正常終了
I, [2018-04-17T22:41:53.425702 #55146]  INFO -- :  通知判定処理 開始
I, [2018-04-17T22:41:53.425730 #55146]  INFO -- :  通知判定処理 正常終了
I, [2018-04-17T22:41:53.425748 #55146]  INFO -- : 電車遅延通知処理 終了
I, [2018-04-17T22:41:53.425766 #55146]  INFO -- : --------------------------------------------------
I, [2018-04-17T22:42:48.729965 #55147]  INFO -- : --------------------------------------------------
I, [2018-04-17T22:42:48.730016 #55147]  INFO -- : 電車遅延通知処理 開始
I, [2018-04-17T22:42:48.730041 #55147]  INFO -- :  平均の風速取得処理　開始
I, [2018-04-17T22:42:48.730932 #55147]  INFO -- :  平均の風速取得処理　正常終了
I, [2018-04-17T22:42:48.730999 #55147]  INFO -- :  平均値更新処理 開始
I, [2018-04-17T22:42:48.738131 #55147]  INFO -- :  平均値更新処理 正常終了
I, [2018-04-17T22:42:48.738372 #55147]  INFO -- :  しきい値取得処理 開始
I, [2018-04-17T22:42:48.738938 #55147]  INFO -- :  しきい値取得処理 正常終了
I, [2018-04-17T22:42:48.739055 #55147]  INFO -- :  通知判定処理 開始
I, [2018-04-17T22:42:48.739103 #55147]  INFO -- :  通知判定処理 正常終了
I, [2018-04-17T22:42:48.739137 #55147]  INFO -- : 電車遅延通知処理 終了
I, [2018-04-17T22:42:48.739170 #55147]  INFO -- : --------------------------------------------------
I, [2018-04-17T22:42:52.046870 #55148]  INFO -- : --------------------------------------------------
I, [2018-04-17T22:42:52.046971 #55148]  INFO -- : 天気の記録処理 開始
I, [2018-04-17T22:42:52.047026 #55148]  INFO -- :  天気取得処理 開始
I, [2018-04-17T22:42:52.401357 #55148]  INFO -- :  天気取得処理 正常終了
I, [2018-04-17T22:42:52.401455 #55148]  INFO -- :  ログ書き込み処理 開始
I, [2018-04-17T22:42:52.406219 #55148]  INFO -- :   実行SQL-------------------------------------------------------------------------------------------
I, [2018-04-17T22:42:52.406343 #55148]  INFO -- :    INSERT INTO Log(CreateDate,City_Name,Rain_Check,Snow_Check,Wind_Deg,Wind_Speed)
I, [2018-04-17T22:42:52.406468 #55148]  INFO -- :    VALUES ('2018-04-17' , 'Ishinomaki','true','true','南東','6.2')
I, [2018-04-17T22:42:52.406535 #55148]  INFO -- :   -------------------------------------------------------------------------------------------------
I, [2018-04-17T22:42:52.406572 #55148]  INFO -- :  ログ書き込み処理 正常終了
I, [2018-04-17T22:42:52.406702 #55148]  INFO -- : 天気の記録処理 正常終了
I, [2018-04-17T22:42:52.406748 #55148]  INFO -- : --------------------------------------------------
I, [2018-04-17T22:43:05.629179 #55149]  INFO -- : --------------------------------------------------
I, [2018-04-17T22:43:05.629233 #55149]  INFO -- : 天気の記録処理 開始
I, [2018-04-17T22:43:05.629259 #55149]  INFO -- :  天気取得処理 開始
I, [2018-04-17T22:43:05.990210 #55149]  INFO -- :  天気取得処理 正常終了
I, [2018-04-17T22:43:05.990327 #55149]  INFO -- :  ログ書き込み処理 開始
I, [2018-04-17T22:43:05.997725 #55149]  INFO -- :   実行SQL-------------------------------------------------------------------------------------------
I, [2018-04-17T22:43:05.997821 #55149]  INFO -- :    INSERT INTO Log(CreateDate,City_Name,Rain_Check,Snow_Check,Wind_Deg,Wind_Speed)
I, [2018-04-17T22:43:05.997875 #55149]  INFO -- :    VALUES ('2018-04-17' , 'Ishinomaki','true','true','南東','6.2')
I, [2018-04-17T22:43:05.997909 #55149]  INFO -- :   -------------------------------------------------------------------------------------------------
I, [2018-04-17T22:43:05.997947 #55149]  INFO -- :  ログ書き込み処理 正常終了
I, [2018-04-17T22:43:05.998080 #55149]  INFO -- : 天気の記録処理 正常終了
I, [2018-04-17T22:43:05.998132 #55149]  INFO -- : --------------------------------------------------
I, [2018-04-17T22:43:11.938235 #55151]  INFO -- : --------------------------------------------------
I, [2018-04-17T22:43:11.938297 #55151]  INFO -- : 天気の記録処理 開始
I, [2018-04-17T22:43:11.938327 #55151]  INFO -- :  天気取得処理 開始
I, [2018-04-17T22:43:12.277395 #55151]  INFO -- :  天気取得処理 正常終了
I, [2018-04-17T22:43:12.277488 #55151]  INFO -- :  ログ書き込み処理 開始
I, [2018-04-17T22:43:12.285455 #55151]  INFO -- :   実行SQL-------------------------------------------------------------------------------------------
I, [2018-04-17T22:43:12.285579 #55151]  INFO -- :    INSERT INTO Log(CreateDate,City_Name,Rain_Check,Snow_Check,Wind_Deg,Wind_Speed)
I, [2018-04-17T22:43:12.285657 #55151]  INFO -- :    VALUES ('2018-04-17' , 'Ishinomaki','true','true','南東','6.2')
I, [2018-04-17T22:43:12.285724 #55151]  INFO -- :   -------------------------------------------------------------------------------------------------
I, [2018-04-17T22:43:12.285788 #55151]  INFO -- :  ログ書き込み処理 正常終了
I, [2018-04-17T22:43:12.285920 #55151]  INFO -- : 天気の記録処理 正常終了
I, [2018-04-17T22:43:12.285969 #55151]  INFO -- : --------------------------------------------------
I, [2018-04-17T22:43:16.981033 #55153]  INFO -- : --------------------------------------------------
I, [2018-04-17T22:43:16.981104 #55153]  INFO -- : 天気の記録処理 開始
I, [2018-04-17T22:43:16.981137 #55153]  INFO -- :  天気取得処理 開始
I, [2018-04-17T22:43:17.341536 #55153]  INFO -- :  天気取得処理 正常終了
I, [2018-04-17T22:43:17.341655 #55153]  INFO -- :  ログ書き込み処理 開始
I, [2018-04-17T22:43:17.349475 #55153]  INFO -- :   実行SQL-------------------------------------------------------------------------------------------
I, [2018-04-17T22:43:17.349570 #55153]  INFO -- :    INSERT INTO Log(CreateDate,City_Name,Rain_Check,Snow_Check,Wind_Deg,Wind_Speed)
I, [2018-04-17T22:43:17.349626 #55153]  INFO -- :    VALUES ('2018-04-17' , 'Ishinomaki','true','true','南東','6.2')
I, [2018-04-17T22:43:17.349660 #55153]  INFO -- :   -------------------------------------------------------------------------------------------------
I, [2018-04-17T22:43:17.349698 #55153]  INFO -- :  ログ書き込み処理 正常終了
I, [2018-04-17T22:43:17.349858 #55153]  INFO -- : 天気の記録処理 正常終了
I, [2018-04-17T22:43:17.349905 #55153]  INFO -- : --------------------------------------------------
I, [2018-04-17T22:43:35.302635 #55155]  INFO -- : --------------------------------------------------
I, [2018-04-17T22:43:35.302687 #55155]  INFO -- : 電車遅延通知処理 開始
I, [2018-04-17T22:43:35.302711 #55155]  INFO -- :  平均の風速取得処理　開始
I, [2018-04-17T22:43:35.303621 #55155]  INFO -- :  平均の風速取得処理　正常終了
I, [2018-04-17T22:43:35.303688 #55155]  INFO -- :  平均値更新処理 開始
I, [2018-04-17T22:43:35.310522 #55155]  INFO -- :  平均値更新処理 正常終了
I, [2018-04-17T22:43:35.310637 #55155]  INFO -- :  しきい値取得処理 開始
I, [2018-04-17T22:43:35.311002 #55155]  INFO -- :  しきい値取得処理 正常終了
I, [2018-04-17T22:43:35.311100 #55155]  INFO -- :  通知判定処理 開始
I, [2018-04-17T22:43:35.311153 #55155]  INFO -- :  通知判定処理 正常終了
I, [2018-04-17T22:43:35.311182 #55155]  INFO -- : 電車遅延通知処理 終了
I, [2018-04-17T22:43:35.311203 #55155]  INFO -- : --------------------------------------------------
I, [2018-04-17T22:43:39.745029 #55156]  INFO -- : --------------------------------------------------
I, [2018-04-17T22:43:39.745079 #55156]  INFO -- : 電車遅延通知処理 開始
I, [2018-04-17T22:43:39.745102 #55156]  INFO -- :  平均の風速取得処理　開始
I, [2018-04-17T22:43:39.746074 #55156]  INFO -- :  平均の風速取得処理　正常終了
I, [2018-04-17T22:43:39.746140 #55156]  INFO -- :  平均値更新処理 開始
I, [2018-04-17T22:43:39.753283 #55156]  INFO -- :  平均値更新処理 正常終了
I, [2018-04-17T22:43:39.753525 #55156]  INFO -- :  しきい値取得処理 開始
I, [2018-04-17T22:43:39.754090 #55156]  INFO -- :  しきい値取得処理 正常終了
I, [2018-04-17T22:43:39.754209 #55156]  INFO -- :  通知判定処理 開始
I, [2018-04-17T22:43:39.754258 #55156]  INFO -- :  通知判定処理 正常終了
I, [2018-04-17T22:43:39.754292 #55156]  INFO -- : 電車遅延通知処理 終了
I, [2018-04-17T22:43:39.754324 #55156]  INFO -- : --------------------------------------------------
I, [2018-04-17T22:43:46.657496 #55157]  INFO -- : --------------------------------------------------
I, [2018-04-17T22:43:46.657582 #55157]  INFO -- : 天気の記録処理 開始
I, [2018-04-17T22:43:46.657657 #55157]  INFO -- :  天気取得処理 開始
I, [2018-04-17T22:43:47.028519 #55157]  INFO -- :  天気取得処理 正常終了
I, [2018-04-17T22:43:47.028622 #55157]  INFO -- :  ログ書き込み処理 開始
I, [2018-04-17T22:43:47.036530 #55157]  INFO -- :   実行SQL-------------------------------------------------------------------------------------------
I, [2018-04-17T22:43:47.036654 #55157]  INFO -- :    INSERT INTO Log(CreateDate,City_Name,Rain_Check,Snow_Check,Wind_Deg,Wind_Speed)
I, [2018-04-17T22:43:47.036730 #55157]  INFO -- :    VALUES ('2018-04-17' , 'Ishinomaki','true','true','南東','6.2')
I, [2018-04-17T22:43:47.036795 #55157]  INFO -- :   -------------------------------------------------------------------------------------------------
I, [2018-04-17T22:43:47.036834 #55157]  INFO -- :  ログ書き込み処理 正常終了
I, [2018-04-17T22:43:47.036973 #55157]  INFO -- : 天気の記録処理 正常終了
I, [2018-04-17T22:43:47.037023 #55157]  INFO -- : --------------------------------------------------
I, [2018-04-17T22:54:53.734370 #55207]  INFO -- : --------------------------------------------------
I, [2018-04-17T22:54:53.734439 #55207]  INFO -- : 天気の記録処理 開始
I, [2018-04-17T22:54:53.734489 #55207]  INFO -- :  天気取得処理 開始
I, [2018-04-17T22:54:54.136762 #55207]  INFO -- :  天気取得処理 正常終了
I, [2018-04-17T22:54:54.144830 #55207]  INFO -- :  ログ書き込み処理 開始
I, [2018-04-17T22:54:54.147736 #55207]  INFO -- :   実行SQL-------------------------------------------------------------------------------------------
I, [2018-04-17T22:54:54.147852 #55207]  INFO -- :    INSERT INTO Log(CreateDate,City_Name,Rain_Check,Snow_Check,Wind_Deg,Wind_Speed)
I, [2018-04-17T22:54:54.147909 #55207]  INFO -- :    VALUES ('2018-04-17' , 'Ishinomaki','true','true','南東','6.2')
I, [2018-04-17T22:54:54.147941 #55207]  INFO -- :   -------------------------------------------------------------------------------------------------
I, [2018-04-17T22:54:54.147976 #55207]  INFO -- :  ログ書き込み処理 正常終了
I, [2018-04-17T22:54:54.148118 #55207]  INFO -- : 天気の記録処理 正常終了
I, [2018-04-17T22:54:54.148173 #55207]  INFO -- : --------------------------------------------------
I, [2018-04-17T22:55:15.840281 #55211]  INFO -- : --------------------------------------------------
I, [2018-04-17T22:55:15.840340 #55211]  INFO -- : 天気の記録処理 開始
I, [2018-04-17T22:55:15.840379 #55211]  INFO -- :  天気取得処理 開始
I, [2018-04-17T22:55:16.197101 #55211]  INFO -- :  天気取得処理 正常終了
I, [2018-04-17T22:55:16.197200 #55211]  INFO -- :  ログ書き込み処理 開始
I, [2018-04-17T22:55:16.205020 #55211]  INFO -- :   実行SQL-------------------------------------------------------------------------------------------
I, [2018-04-17T22:55:16.205115 #55211]  INFO -- :    INSERT INTO Log(CreateDate,City_Name,Rain_Check,Snow_Check,Wind_Deg,Wind_Speed)
I, [2018-04-17T22:55:16.205170 #55211]  INFO -- :    VALUES ('2018-04-17' , 'Ishinomaki','true','true','南東','6.2')
I, [2018-04-17T22:55:16.205205 #55211]  INFO -- :   -------------------------------------------------------------------------------------------------
I, [2018-04-17T22:55:16.205244 #55211]  INFO -- :  ログ書き込み処理 正常終了
I, [2018-04-17T22:55:16.205374 #55211]  INFO -- : 天気の記録処理 正常終了
I, [2018-04-17T22:55:16.205421 #55211]  INFO -- : --------------------------------------------------
