# Logfile created on 2018-05-12 12:45:16 +0900 by logger.rb/61378
I, [2018-05-12T12:45:16.803566 #48215]  INFO -- : --------------------------------------------------
I, [2018-05-12T12:45:16.803603 #48215]  INFO -- :   MainProc Start
I, [2018-05-12T12:45:16.803626 #48215]  INFO -- :     weather_main start
I, [2018-05-12T12:45:17.075758 #48215]  INFO -- :     weather_main NormalEnd
I, [2018-05-12T12:45:17.075862 #48215]  INFO -- :     log_update Start
I, [2018-05-12T12:45:17.084597 #48215]  INFO -- :       Execution SQL-------------------------------------------------------------------------------------------
I, [2018-05-12T12:45:17.084668 #48215]  INFO -- :         INSERT INTO Log(CreateDate,City_Name,Rain_Check,Snow_Check,Wind_Deg,Wind_Speed)
I, [2018-05-12T12:45:17.084707 #48215]  INFO -- :         VALUES ('2018-05-12' , 'Ishinomaki','true','true','東','4.6')
I, [2018-05-12T12:45:17.084732 #48215]  INFO -- :       --------------------------------------------------------------------------------------------------------
I, [2018-05-12T12:45:17.084765 #48215]  INFO -- :     log_update NormalEnd
I, [2018-05-12T12:45:17.084868 #48215]  INFO -- :   MainProc NormalEnd
I, [2018-05-12T12:45:17.084897 #48215]  INFO -- : --------------------------------------------------
I, [2018-05-12T12:45:46.066272 #48230]  INFO -- : --------------------------------------------------
I, [2018-05-12T12:45:46.066341 #48230]  INFO -- :   Train delay notification processing Start
I, [2018-05-12T12:45:46.067373 #48230]  INFO -- :     notification_get　Start
I, [2018-05-12T12:45:46.067408 #48230]  INFO -- :       実行SQL----------------------------------------
I, [2018-05-12T12:45:46.067429 #48230]  INFO -- :         SELECT ROUND(AVG(wind_speed),2) FROM Log;
I, [2018-05-12T12:45:46.067447 #48230]  INFO -- :       -----------------------------------------------
I, [2018-05-12T12:45:46.067520 #48230]  INFO -- :     notification_get　NormalEnd
I, [2018-05-12T12:45:46.067560 #48230]  INFO -- :     evaluation_insert Start
I, [2018-05-12T12:45:46.067580 #48230]  INFO -- :       実行SQL----------------------------------------
I, [2018-05-12T12:45:46.067629 #48230]  INFO -- :         INSERT INTO evaluation (Wind_Avg,Create_Date) VALUES(4.29,'2018-05-12');
I, [2018-05-12T12:45:46.067646 #48230]  INFO -- :       -----------------------------------------------
I, [2018-05-12T12:45:46.070665 #48230]  INFO -- :       実行SQL----------------------------------------
I, [2018-05-12T12:45:46.070766 #48230]  INFO -- :         SELECT changes();
I, [2018-05-12T12:45:46.070821 #48230]  INFO -- :       -----------------------------------------------
I, [2018-05-12T12:45:46.070923 #48230]  INFO -- :     evaluation_insert NormalEnd
I, [2018-05-12T12:45:46.070960 #48230]  INFO -- :     evaluation_latest Start
I, [2018-05-12T12:45:46.070980 #48230]  INFO -- :       実行SQL----------------------------------------
I, [2018-05-12T12:45:46.070997 #48230]  INFO -- :         SELECT MAX(id),wind_avg FROM evaluation;
I, [2018-05-12T12:45:46.071013 #48230]  INFO -- :       -----------------------------------------------
I, [2018-05-12T12:45:46.071097 #48230]  INFO -- :     evaluation_latest NormalEnd
I, [2018-05-12T12:45:46.071121 #48230]  INFO -- :     evaluation_decision Start
I, [2018-05-12T12:45:46.071139 #48230]  INFO -- :     weather_prediction Start
I, [2018-05-12T12:45:46.432778 #48230]  INFO -- :     evaluation_decision NormalEnd
I, [2018-05-12T12:45:46.432901 #48230]  INFO -- :     notification_dalay Start
I, [2018-05-12T12:45:46.749269 #48230]  INFO -- :     notification_dalay NormalEnd
I, [2018-05-12T12:45:46.749499 #48230]  INFO -- :   Train delay notification processing NormalEnd
I, [2018-05-12T12:45:46.749628 #48230]  INFO -- : --------------------------------------------------
