# Logfile created on 2018-04-28 09:47:44 +0900 by logger.rb/61378
I, [2018-04-28T09:47:44.203424 #34134]  INFO -- : --------------------------------------------------
I, [2018-04-28T09:47:44.203470 #34134]  INFO -- : 電車遅延通知処理 開始
I, [2018-04-28T09:47:44.206261 #34134]  INFO -- :  平均の風速取得処理　開始
I, [2018-04-28T09:47:44.208387 #34134]  INFO -- :  平均の風速取得処理　正常終了
I, [2018-04-28T09:47:44.208444 #34134]  INFO -- :  平均値更新処理 開始
I, [2018-04-28T09:47:44.209774 #34134]  INFO -- :  平均値更新処理 正常終了
I, [2018-04-28T09:47:44.209815 #34134]  INFO -- :  しきい値取得処理 開始
I, [2018-04-28T09:47:44.209919 #34134]  INFO -- :  しきい値取得処理 正常終了
I, [2018-04-28T09:47:44.209949 #34134]  INFO -- :  通知判定処理 開始
I, [2018-04-28T09:47:44.578367 #34134]  INFO -- :  通知判定処理 正常終了
I, [2018-04-28T09:47:45.939152 #34134]  INFO -- : 電車遅延通知処理 終了
I, [2018-04-28T09:47:45.939272 #34134]  INFO -- : --------------------------------------------------
I, [2018-04-28T09:58:37.744249 #34237]  INFO -- : --------------------------------------------------
I, [2018-04-28T09:58:37.744334 #34237]  INFO -- : 天気の記録処理 開始
I, [2018-04-28T09:58:37.744373 #34237]  INFO -- :  天気取得処理 開始
I, [2018-04-28T09:58:38.018234 #34237]  INFO -- :  天気取得処理 正常終了
I, [2018-04-28T09:58:38.018328 #34237]  INFO -- :  ログ書き込み処理 開始
I, [2018-04-28T09:58:38.027245 #34237]  INFO -- :   実行SQL-------------------------------------------------------------------------------------------
I, [2018-04-28T09:58:38.027342 #34237]  INFO -- :    INSERT INTO Log(CreateDate,City_Name,Rain_Check,Snow_Check,Wind_Deg,Wind_Speed)
I, [2018-04-28T09:58:38.027399 #34237]  INFO -- :    VALUES ('2018-04-28' , 'Ishinomaki','true','true','西','5.1')
I, [2018-04-28T09:58:38.027434 #34237]  INFO -- :   -------------------------------------------------------------------------------------------------
I, [2018-04-28T09:58:38.027477 #34237]  INFO -- :  ログ書き込み処理 正常終了
I, [2018-04-28T09:58:38.027597 #34237]  INFO -- : 天気の記録処理 正常終了
I, [2018-04-28T09:58:38.027639 #34237]  INFO -- : --------------------------------------------------
I, [2018-04-28T10:04:17.218090 #34275]  INFO -- : --------------------------------------------------
I, [2018-04-28T10:04:17.218163 #34275]  INFO -- : 天気の記録処理 開始
I, [2018-04-28T10:04:17.218193 #34275]  INFO -- :  天気取得処理 開始
I, [2018-04-28T10:04:17.479452 #34275]  INFO -- :  天気取得処理 正常終了
I, [2018-04-28T10:04:17.479546 #34275]  INFO -- :  ログ書き込み処理 開始
I, [2018-04-28T10:04:17.488210 #34275]  INFO -- :   実行SQL-------------------------------------------------------------------------------------------
I, [2018-04-28T10:04:17.488293 #34275]  INFO -- :    INSERT INTO Log(CreateDate,City_Name,Rain_Check,Snow_Check,Wind_Deg,Wind_Speed)
I, [2018-04-28T10:04:17.488348 #34275]  INFO -- :    VALUES ('2018-04-28' , 'Ishinomaki','true','true','西','5.1')
I, [2018-04-28T10:04:17.488383 #34275]  INFO -- :   -------------------------------------------------------------------------------------------------
I, [2018-04-28T10:04:17.488422 #34275]  INFO -- :  ログ書き込み処理 正常終了
I, [2018-04-28T10:04:17.488545 #34275]  INFO -- : 天気の記録処理 正常終了
I, [2018-04-28T10:04:17.488588 #34275]  INFO -- : --------------------------------------------------
I, [2018-04-28T10:06:04.736189 #34293]  INFO -- : --------------------------------------------------
I, [2018-04-28T10:06:04.736262 #34293]  INFO -- : 天気の記録処理 開始
I, [2018-04-28T10:06:04.736291 #34293]  INFO -- :  天気取得処理 開始
I, [2018-04-28T10:06:04.907016 #34293]  INFO -- :  天気取得処理 正常終了
I, [2018-04-28T10:06:04.907110 #34293]  INFO -- :  ログ書き込み処理 開始
I, [2018-04-28T10:06:04.916027 #34293]  INFO -- :   実行SQL-------------------------------------------------------------------------------------------
I, [2018-04-28T10:06:04.916188 #34293]  INFO -- :    INSERT INTO Log(CreateDate,City_Name,Rain_Check,Snow_Check,Wind_Deg,Wind_Speed)
I, [2018-04-28T10:06:04.916242 #34293]  INFO -- :    VALUES ('2018-04-28' , 'Ishinomaki','true','true','西','5.1')
I, [2018-04-28T10:06:04.916276 #34293]  INFO -- :   -------------------------------------------------------------------------------------------------
I, [2018-04-28T10:06:04.916311 #34293]  INFO -- :  ログ書き込み処理 正常終了
I, [2018-04-28T10:06:04.916438 #34293]  INFO -- : 天気の記録処理 正常終了
I, [2018-04-28T10:06:04.916480 #34293]  INFO -- : --------------------------------------------------
I, [2018-04-28T10:17:20.995717 #34531]  INFO -- : --------------------------------------------------
I, [2018-04-28T10:17:21.314778 #34531]  INFO -- : 電車遅延通知処理 開始
I, [2018-04-28T10:17:33.591664 #34531]  INFO -- :  平均の風速取得処理　開始
I, [2018-04-28T10:17:33.592436 #34531]  INFO -- :  平均の風速取得処理　正常終了
I, [2018-04-28T10:17:34.433694 #34531]  INFO -- :  平均値更新処理 開始
I, [2018-04-28T10:17:34.439687 #34531]  INFO -- :  平均値更新処理 正常終了
I, [2018-04-28T10:17:35.030440 #34531]  INFO -- :  しきい値取得処理 開始
I, [2018-04-28T10:17:35.030886 #34531]  INFO -- :  しきい値取得処理 正常終了
I, [2018-04-28T10:17:36.650278 #34531]  INFO -- :  通知判定処理 開始
I, [2018-04-28T10:17:37.078164 #34531]  INFO -- :  通知判定処理 正常終了
I, [2018-04-28T10:22:12.381337 #34531]  INFO -- : 電車遅延通知処理 終了
I, [2018-04-28T10:22:12.381462 #34531]  INFO -- : --------------------------------------------------
I, [2018-04-28T10:23:42.539492 #34597]  INFO -- : --------------------------------------------------
I, [2018-04-28T10:23:42.539559 #34597]  INFO -- : 電車遅延通知処理 開始
I, [2018-04-28T10:23:42.540308 #34597]  INFO -- :  平均の風速取得処理　開始
I, [2018-04-28T10:23:42.540585 #34597]  INFO -- :  平均の風速取得処理　正常終了
I, [2018-04-28T10:23:42.540617 #34597]  INFO -- :  平均値更新処理 開始
I, [2018-04-28T10:23:42.547391 #34597]  INFO -- :  平均値更新処理 正常終了
I, [2018-04-28T10:23:42.547452 #34597]  INFO -- :  しきい値取得処理 開始
I, [2018-04-28T10:23:42.547581 #34597]  INFO -- :  しきい値取得処理 正常終了
I, [2018-04-28T10:23:42.547613 #34597]  INFO -- :  通知判定処理 開始
I, [2018-04-28T10:23:42.901753 #34597]  INFO -- :  通知判定処理 正常終了
E, [2018-04-28T10:23:42.902012 #34597] ERROR -- : 電車遅延通知処理 異常終了
I, [2018-04-28T10:23:42.902068 #34597]  INFO -- : --------------------------------------------------
I, [2018-04-28T10:24:19.731341 #34616]  INFO -- : --------------------------------------------------
I, [2018-04-28T10:24:19.731415 #34616]  INFO -- : 電車遅延通知処理 開始
I, [2018-04-28T10:24:19.732190 #34616]  INFO -- :  平均の風速取得処理　開始
I, [2018-04-28T10:24:19.732474 #34616]  INFO -- :  平均の風速取得処理　正常終了
I, [2018-04-28T10:24:19.732508 #34616]  INFO -- :  平均値更新処理 開始
I, [2018-04-28T10:24:19.738883 #34616]  INFO -- :  平均値更新処理 正常終了
I, [2018-04-28T10:24:19.738948 #34616]  INFO -- :  しきい値取得処理 開始
I, [2018-04-28T10:24:19.739058 #34616]  INFO -- :  しきい値取得処理 正常終了
I, [2018-04-28T10:24:19.739087 #34616]  INFO -- :  通知判定処理 開始
I, [2018-04-28T10:24:20.080958 #34616]  INFO -- :  通知判定処理 正常終了
E, [2018-04-28T10:24:20.081199 #34616] ERROR -- : 電車遅延通知処理 異常終了
I, [2018-04-28T10:24:20.081242 #34616]  INFO -- : --------------------------------------------------
I, [2018-04-28T10:26:58.486770 #34650]  INFO -- : --------------------------------------------------
I, [2018-04-28T10:26:58.486838 #34650]  INFO -- : 電車遅延通知処理 開始
I, [2018-04-28T10:26:58.487578 #34650]  INFO -- :  平均の風速取得処理　開始
I, [2018-04-28T10:26:58.487846 #34650]  INFO -- :  平均の風速取得処理　正常終了
I, [2018-04-28T10:26:58.487872 #34650]  INFO -- :  平均値更新処理 開始
I, [2018-04-28T10:26:58.494404 #34650]  INFO -- :  平均値更新処理 正常終了
I, [2018-04-28T10:26:58.494500 #34650]  INFO -- :  しきい値取得処理 開始
I, [2018-04-28T10:26:58.494603 #34650]  INFO -- :  しきい値取得処理 正常終了
I, [2018-04-28T10:26:58.494645 #34650]  INFO -- :  通知判定処理 開始
I, [2018-04-28T10:26:58.750990 #34650]  INFO -- :  通知判定処理 正常終了
I, [2018-04-28T10:26:59.791184 #34650]  INFO -- : 電車遅延通知処理 終了
I, [2018-04-28T10:26:59.791296 #34650]  INFO -- : --------------------------------------------------
I, [2018-04-28T10:27:45.906857 #34676]  INFO -- : --------------------------------------------------
I, [2018-04-28T10:27:45.906930 #34676]  INFO -- : 電車遅延通知処理 開始
I, [2018-04-28T10:27:45.907697 #34676]  INFO -- :  平均の風速取得処理　開始
I, [2018-04-28T10:27:45.907984 #34676]  INFO -- :  平均の風速取得処理　正常終了
I, [2018-04-28T10:27:45.908014 #34676]  INFO -- :  平均値更新処理 開始
I, [2018-04-28T10:27:45.910746 #34676]  INFO -- :  平均値更新処理 正常終了
I, [2018-04-28T10:27:45.910804 #34676]  INFO -- :  しきい値取得処理 開始
I, [2018-04-28T10:27:45.910901 #34676]  INFO -- :  しきい値取得処理 正常終了
I, [2018-04-28T10:27:45.910930 #34676]  INFO -- :  通知判定処理 開始
I, [2018-04-28T10:27:46.180885 #34676]  INFO -- :  通知判定処理 正常終了
I, [2018-04-28T10:27:47.227922 #34676]  INFO -- : 電車遅延通知処理 終了
I, [2018-04-28T10:27:47.228037 #34676]  INFO -- : --------------------------------------------------
I, [2018-04-28T10:53:01.280121 #34789]  INFO -- : --------------------------------------------------
I, [2018-04-28T10:53:01.280192 #34789]  INFO -- : 電車遅延通知処理 開始
I, [2018-04-28T10:53:01.281078 #34789]  INFO -- :  平均の風速取得処理　開始
E, [2018-04-28T10:53:01.281332 #34789] ERROR -- :  平均の風速取得処理 異常終了
E, [2018-04-28T10:53:01.281362 #34789] ERROR -- : 平均の風速取得処理でエラーが発生したため、処理を終了します
E, [2018-04-28T10:53:01.281407 #34789] ERROR -- : 電車遅延通知処理 異常終了
I, [2018-04-28T10:53:01.281428 #34789]  INFO -- : --------------------------------------------------
I, [2018-04-28T10:53:11.047123 #34804]  INFO -- : --------------------------------------------------
I, [2018-04-28T10:53:11.047208 #34804]  INFO -- : 電車遅延通知処理 開始
I, [2018-04-28T10:53:11.048150 #34804]  INFO -- :  平均の風速取得処理　開始
I, [2018-04-28T10:53:11.048493 #34804]  INFO -- :  平均の風速取得処理　正常終了
I, [2018-04-28T10:53:11.048529 #34804]  INFO -- :  平均値更新処理 開始
I, [2018-04-28T10:53:11.054773 #34804]  INFO -- :  平均値更新処理 正常終了
I, [2018-04-28T10:53:11.054833 #34804]  INFO -- :  しきい値取得処理 開始
I, [2018-04-28T10:53:11.054942 #34804]  INFO -- :  しきい値取得処理 正常終了
I, [2018-04-28T10:53:11.054972 #34804]  INFO -- :  通知判定処理 開始
I, [2018-04-28T10:53:11.441677 #34804]  INFO -- :  通知判定処理 正常終了
I, [2018-04-28T10:53:12.666166 #34804]  INFO -- : 電車遅延通知処理 終了
I, [2018-04-28T10:53:12.666273 #34804]  INFO -- : --------------------------------------------------
I, [2018-04-28T10:53:30.096177 #34831]  INFO -- : --------------------------------------------------
I, [2018-04-28T10:53:30.096246 #34831]  INFO -- : 天気の記録処理 開始
I, [2018-04-28T10:53:30.096292 #34831]  INFO -- :  天気取得処理 開始
I, [2018-04-28T10:53:30.359315 #34831]  INFO -- :  天気取得処理 正常終了
I, [2018-04-28T10:53:30.359408 #34831]  INFO -- :  ログ書き込み処理 開始
I, [2018-04-28T10:53:30.367662 #34831]  INFO -- :   実行SQL-------------------------------------------------------------------------------------------
I, [2018-04-28T10:53:30.367749 #34831]  INFO -- :    INSERT INTO Log(CreateDate,City_Name,Rain_Check,Snow_Check,Wind_Deg,Wind_Speed)
I, [2018-04-28T10:53:30.367790 #34831]  INFO -- :    VALUES ('2018-04-28' , 'Ishinomaki','true','true','北東','4.1')
I, [2018-04-28T10:53:30.367812 #34831]  INFO -- :   -------------------------------------------------------------------------------------------------
I, [2018-04-28T10:53:30.367837 #34831]  INFO -- :  ログ書き込み処理 正常終了
I, [2018-04-28T10:53:30.367931 #34831]  INFO -- : 天気の記録処理 正常終了
I, [2018-04-28T10:53:30.367959 #34831]  INFO -- : --------------------------------------------------
I, [2018-04-28T10:53:36.868665 #34844]  INFO -- : --------------------------------------------------
I, [2018-04-28T10:53:36.868740 #34844]  INFO -- : 天気の記録処理 開始
I, [2018-04-28T10:53:36.868785 #34844]  INFO -- :  天気取得処理 開始
I, [2018-04-28T10:53:37.037081 #34844]  INFO -- :  天気取得処理 正常終了
I, [2018-04-28T10:53:37.037172 #34844]  INFO -- :  ログ書き込み処理 開始
I, [2018-04-28T10:53:37.045532 #34844]  INFO -- :   実行SQL-------------------------------------------------------------------------------------------
I, [2018-04-28T10:53:37.045604 #34844]  INFO -- :    INSERT INTO Log(CreateDate,City_Name,Rain_Check,Snow_Check,Wind_Deg,Wind_Speed)
I, [2018-04-28T10:53:37.045644 #34844]  INFO -- :    VALUES ('2018-04-28' , 'Ishinomaki','true','true','北東','4.1')
I, [2018-04-28T10:53:37.045669 #34844]  INFO -- :   -------------------------------------------------------------------------------------------------
I, [2018-04-28T10:53:37.045697 #34844]  INFO -- :  ログ書き込み処理 正常終了
I, [2018-04-28T10:53:37.045794 #34844]  INFO -- : 天気の記録処理 正常終了
I, [2018-04-28T10:53:37.045825 #34844]  INFO -- : --------------------------------------------------
I, [2018-04-28T10:54:05.912266 #34858]  INFO -- : --------------------------------------------------
I, [2018-04-28T10:54:05.912339 #34858]  INFO -- : 天気の記録処理 開始
I, [2018-04-28T10:54:05.912384 #34858]  INFO -- :  天気取得処理 開始
I, [2018-04-28T10:54:06.085697 #34858]  INFO -- :  天気取得処理 正常終了
I, [2018-04-28T10:54:06.085788 #34858]  INFO -- :  ログ書き込み処理 開始
I, [2018-04-28T10:54:06.094430 #34858]  INFO -- :   実行SQL-------------------------------------------------------------------------------------------
I, [2018-04-28T10:54:06.094504 #34858]  INFO -- :    INSERT INTO Log(CreateDate,City_Name,Rain_Check,Snow_Check,Wind_Deg,Wind_Speed)
I, [2018-04-28T10:54:06.094544 #34858]  INFO -- :    VALUES ('2018-04-28' , 'Ishinomaki','true','true','北東','4.1')
I, [2018-04-28T10:54:06.094568 #34858]  INFO -- :   -------------------------------------------------------------------------------------------------
I, [2018-04-28T10:54:06.094595 #34858]  INFO -- :  ログ書き込み処理 正常終了
I, [2018-04-28T10:54:06.094698 #34858]  INFO -- : 天気の記録処理 正常終了
I, [2018-04-28T10:54:06.094732 #34858]  INFO -- : --------------------------------------------------
I, [2018-04-28T10:55:19.102353 #34877]  INFO -- : --------------------------------------------------
I, [2018-04-28T10:55:19.102419 #34877]  INFO -- : 天気の記録処理 開始
I, [2018-04-28T10:55:19.102484 #34877]  INFO -- :  天気取得処理 開始
E, [2018-04-28T10:55:19.280500 #34877] ERROR -- :   [Ishinomaki2]の名称が正しいか確認してください。
E, [2018-04-28T10:55:19.280640 #34877] ERROR -- :  天気情報取得処理 異常終了
I, [2018-04-28T10:55:19.280687 #34877]  INFO -- : 処理を終了します
I, [2018-04-28T10:55:19.280723 #34877]  INFO -- : --------------------------------------------------
I, [2018-04-28T11:20:24.740991 #34965]  INFO -- : --------------------------------------------------
I, [2018-04-28T11:20:24.741061 #34965]  INFO -- : 天気の記録処理 開始
E, [2018-04-28T11:20:24.741173 #34965] ERROR -- :  天気情報取得処理 異常終了
I, [2018-04-28T11:20:24.741214 #34965]  INFO -- : 処理を終了します
I, [2018-04-28T11:20:24.741235 #34965]  INFO -- : --------------------------------------------------
I, [2018-04-28T11:21:00.362462 #34982]  INFO -- : --------------------------------------------------
I, [2018-04-28T11:21:00.362533 #34982]  INFO -- : 天気の記録処理 開始
I, [2018-04-28T11:21:00.362587 #34982]  INFO -- :  天気取得処理 開始
I, [2018-04-28T11:21:00.838458 #34982]  INFO -- :  天気取得処理 正常終了
I, [2018-04-28T11:21:00.838553 #34982]  INFO -- :  ログ書き込み処理 開始
I, [2018-04-28T11:21:00.846801 #34982]  INFO -- :   実行SQL-------------------------------------------------------------------------------------------
I, [2018-04-28T11:21:00.846872 #34982]  INFO -- :    INSERT INTO Log(CreateDate,City_Name,Rain_Check,Snow_Check,Wind_Deg,Wind_Speed)
I, [2018-04-28T11:21:00.846914 #34982]  INFO -- :    VALUES ('2018-04-28' , 'Ishinomaki','true','true','北東','4.1')
I, [2018-04-28T11:21:00.846939 #34982]  INFO -- :   -------------------------------------------------------------------------------------------------
I, [2018-04-28T11:21:00.846968 #34982]  INFO -- :  ログ書き込み処理 正常終了
I, [2018-04-28T11:21:00.847073 #34982]  INFO -- : 天気の記録処理 正常終了
I, [2018-04-28T11:21:00.847105 #34982]  INFO -- : --------------------------------------------------
I, [2018-04-28T11:21:14.837802 #34997]  INFO -- : --------------------------------------------------
I, [2018-04-28T11:21:14.837873 #34997]  INFO -- : 天気の記録処理 開始
I, [2018-04-28T11:21:14.837941 #34997]  INFO -- :  天気取得処理 開始
I, [2018-04-28T11:21:15.011702 #34997]  INFO -- :  天気取得処理 正常終了
I, [2018-04-28T11:21:15.011797 #34997]  INFO -- :  ログ書き込み処理 開始
I, [2018-04-28T11:21:15.020139 #34997]  INFO -- :   実行SQL-------------------------------------------------------------------------------------------
I, [2018-04-28T11:21:15.020206 #34997]  INFO -- :    INSERT INTO Log(CreateDate,City_Name,Rain_Check,Snow_Check,Wind_Deg,Wind_Speed)
I, [2018-04-28T11:21:15.020248 #34997]  INFO -- :    VALUES ('2018-04-28' , 'Ishinomaki','true','true','北東','4.1')
I, [2018-04-28T11:21:15.020301 #34997]  INFO -- :   -------------------------------------------------------------------------------------------------
I, [2018-04-28T11:21:15.020341 #34997]  INFO -- :  ログ書き込み処理 正常終了
I, [2018-04-28T11:21:15.020444 #34997]  INFO -- : 天気の記録処理 正常終了
I, [2018-04-28T11:21:15.020474 #34997]  INFO -- : --------------------------------------------------
I, [2018-04-28T11:23:44.109731 #35013]  INFO -- : --------------------------------------------------
I, [2018-04-28T11:23:44.109800 #35013]  INFO -- : 天気の記録処理 開始
I, [2018-04-28T11:23:44.109855 #35013]  INFO -- :  weather_main start
I, [2018-04-28T11:23:44.286119 #35013]  INFO -- :  天気取得処理 正常終了
I, [2018-04-28T11:23:44.286213 #35013]  INFO -- :  ログ書き込み処理 開始
I, [2018-04-28T11:23:44.294644 #35013]  INFO -- :   実行SQL-------------------------------------------------------------------------------------------
I, [2018-04-28T11:23:44.294716 #35013]  INFO -- :    INSERT INTO Log(CreateDate,City_Name,Rain_Check,Snow_Check,Wind_Deg,Wind_Speed)
I, [2018-04-28T11:23:44.294756 #35013]  INFO -- :    VALUES ('2018-04-28' , 'Ishinomaki','true','true','北東','4.1')
I, [2018-04-28T11:23:44.294781 #35013]  INFO -- :   -------------------------------------------------------------------------------------------------
I, [2018-04-28T11:23:44.294810 #35013]  INFO -- :  ログ書き込み処理 正常終了
I, [2018-04-28T11:23:44.294905 #35013]  INFO -- : 天気の記録処理 正常終了
I, [2018-04-28T11:23:44.294936 #35013]  INFO -- : --------------------------------------------------
I, [2018-04-28T11:26:59.783642 #35041]  INFO -- : --------------------------------------------------
I, [2018-04-28T11:26:59.783730 #35041]  INFO -- : 天気の記録処理 開始
I, [2018-04-28T11:26:59.783781 #35041]  INFO -- :  weather_main start
E, [2018-04-28T11:27:00.026390 #35041] ERROR -- :   Please check that the name of the [Ishinomaki2] is correct
E, [2018-04-28T11:27:00.026473 #35041] ERROR -- :  天気情報取得処理 異常終了
I, [2018-04-28T11:27:00.026501 #35041]  INFO -- : 処理を終了します
I, [2018-04-28T11:27:00.026522 #35041]  INFO -- : --------------------------------------------------
I, [2018-04-28T11:32:08.250669 #35076]  INFO -- : --------------------------------------------------
I, [2018-04-28T11:32:08.250747 #35076]  INFO -- : Recording processing of weather information [start]
I, [2018-04-28T11:32:08.250773 #35076]  INFO -- :  weather_main start
E, [2018-04-28T11:32:08.488422 #35076] ERROR -- :   Please check that the name of the [Ishinomaki2] is correct
E, [2018-04-28T11:32:08.488544 #35076] ERROR -- :  天気情報取得処理 異常終了
I, [2018-04-28T11:32:08.488591 #35076]  INFO -- : Finish processing
I, [2018-04-28T11:32:08.488626 #35076]  INFO -- : --------------------------------------------------
I, [2018-04-28T11:33:59.498251 #35096]  INFO -- : --------------------------------------------------
I, [2018-04-28T11:33:59.498323 #35096]  INFO -- : Recording processing of weather information [start]
I, [2018-04-28T11:33:59.498349 #35096]  INFO -- :  weather_main start
E, [2018-04-28T11:33:59.718530 #35096] ERROR -- :   Please check that the name of the [Ishinomaki2] is correct
E, [2018-04-28T11:33:59.718653 #35096] ERROR -- :  weather_main AbnormalEnd
I, [2018-04-28T11:33:59.718699 #35096]  INFO -- : Finish processing
I, [2018-04-28T11:33:59.718736 #35096]  INFO -- : --------------------------------------------------
I, [2018-04-28T11:43:57.862361 #35138]  INFO -- : --------------------------------------------------
I, [2018-04-28T11:43:57.862449 #35138]  INFO -- : Train delay notification processing Start
I, [2018-04-28T11:43:57.863485 #35138]  INFO -- :  noti_get　Start
I, [2018-04-28T11:43:57.864023 #35138]  INFO -- :  noti_get　NormalEnd
I, [2018-04-28T11:43:57.864075 #35138]  INFO -- :  eva_insert Start
I, [2018-04-28T11:43:57.870899 #35138]  INFO -- :  eva_insert NormalEnd
I, [2018-04-28T11:43:57.870991 #35138]  INFO -- :  eva_latest Start
I, [2018-04-28T11:43:57.871167 #35138]  INFO -- :  eva_latest NormalEnd
I, [2018-04-28T11:43:57.871211 #35138]  INFO -- :  eva_decision Start
I, [2018-04-28T11:43:58.225581 #35138]  INFO -- :  eva_decision NormalEnd
I, [2018-04-28T11:43:59.198561 #35138]  INFO -- : Train delay notification processing NormalEnd
I, [2018-04-28T11:43:59.198682 #35138]  INFO -- : --------------------------------------------------
I, [2018-04-28T12:25:56.219451 #35271]  INFO -- : --------------------------------------------------
I, [2018-04-28T12:25:56.219537 #35271]  INFO -- : Train delay notification processing Start
I, [2018-04-28T12:25:56.220618 #35271]  INFO -- :  noti_get　Start
I, [2018-04-28T12:25:56.221064 #35271]  INFO -- :  noti_get　NormalEnd
I, [2018-04-28T12:25:56.221113 #35271]  INFO -- :  eva_insert Start
I, [2018-04-28T12:25:56.227921 #35271]  INFO -- :  eva_insert NormalEnd
I, [2018-04-28T12:25:56.228020 #35271]  INFO -- :  eva_latest Start
I, [2018-04-28T12:25:56.228141 #35271]  INFO -- :  eva_latest NormalEnd
I, [2018-04-28T12:25:56.228186 #35271]  INFO -- :  eva_decision Start
I, [2018-04-28T12:25:56.617889 #35271]  INFO -- :  eva_decision NormalEnd
I, [2018-04-28T12:25:57.635037 #35271]  INFO -- : Train delay notification processing NormalEnd
I, [2018-04-28T12:25:57.635163 #35271]  INFO -- : --------------------------------------------------
I, [2018-04-28T12:26:15.135051 #35298]  INFO -- : --------------------------------------------------
I, [2018-04-28T12:26:15.135126 #35298]  INFO -- : Recording processing of weather information Start
I, [2018-04-28T12:26:15.135152 #35298]  INFO -- :  weather_main start
I, [2018-04-28T12:26:15.416780 #35298]  INFO -- :  weather_main NormalEnd
I, [2018-04-28T12:26:15.416908 #35298]  INFO -- :  ログ書き込み処理 開始
I, [2018-04-28T12:26:15.425405 #35298]  INFO -- :   実行SQL-------------------------------------------------------------------------------------------
I, [2018-04-28T12:26:15.425476 #35298]  INFO -- :    INSERT INTO Log(CreateDate,City_Name,Rain_Check,Snow_Check,Wind_Deg,Wind_Speed)
I, [2018-04-28T12:26:15.425515 #35298]  INFO -- :    VALUES ('2018-04-28' , 'Ishinomaki','true','true','東','5.1')
I, [2018-04-28T12:26:15.425539 #35298]  INFO -- :   -------------------------------------------------------------------------------------------------
I, [2018-04-28T12:26:15.425569 #35298]  INFO -- :  ログ書き込み処理 正常終了
I, [2018-04-28T12:26:15.425668 #35298]  INFO -- : Recording processing of weather information NormalEnd
I, [2018-04-28T12:26:15.425698 #35298]  INFO -- : --------------------------------------------------
I, [2018-04-28T12:27:47.780521 #35321]  INFO -- : --------------------------------------------------
I, [2018-04-28T12:27:47.780595 #35321]  INFO -- : Recording processing of weather information Start
I, [2018-04-28T12:27:47.780621 #35321]  INFO -- :  weather_main start
I, [2018-04-28T12:27:47.954061 #35321]  INFO -- :  weather_main NormalEnd
I, [2018-04-28T12:27:47.954162 #35321]  INFO -- :  log_update Start
I, [2018-04-28T12:27:47.962633 #35321]  INFO -- :   実行SQL-------------------------------------------------------------------------------------------
I, [2018-04-28T12:27:47.962707 #35321]  INFO -- :    INSERT INTO Log(CreateDate,City_Name,Rain_Check,Snow_Check,Wind_Deg,Wind_Speed)
I, [2018-04-28T12:27:47.962750 #35321]  INFO -- :    VALUES ('2018-04-28' , 'Ishinomaki','true','true','東','5.1')
I, [2018-04-28T12:27:47.962775 #35321]  INFO -- :   -------------------------------------------------------------------------------------------------
I, [2018-04-28T12:27:47.962815 #35321]  INFO -- :  log_update NormalEnd
I, [2018-04-28T12:27:47.962915 #35321]  INFO -- : Recording processing of weather information NormalEnd
I, [2018-04-28T12:27:47.962944 #35321]  INFO -- : --------------------------------------------------
I, [2018-04-28T12:28:57.036875 #35339]  INFO -- : --------------------------------------------------
I, [2018-04-28T12:28:57.036946 #35339]  INFO -- : Recording processing of weather information Start
I, [2018-04-28T12:28:57.036976 #35339]  INFO -- :  weather_main start
I, [2018-04-28T12:28:57.210881 #35339]  INFO -- :  weather_main NormalEnd
I, [2018-04-28T12:28:57.210981 #35339]  INFO -- :  log_update Start
I, [2018-04-28T12:28:57.219345 #35339]  INFO -- :   Execution SQL-------------------------------------------------------------------------------------------
I, [2018-04-28T12:28:57.219417 #35339]  INFO -- :    INSERT INTO Log(CreateDate,City_Name,Rain_Check,Snow_Check,Wind_Deg,Wind_Speed)
I, [2018-04-28T12:28:57.219459 #35339]  INFO -- :    VALUES ('2018-04-28' , 'Ishinomaki','true','true','東','5.1')
I, [2018-04-28T12:28:57.219484 #35339]  INFO -- :   -------------------------------------------------------------------------------------------------
I, [2018-04-28T12:28:57.219520 #35339]  INFO -- :  log_update NormalEnd
I, [2018-04-28T12:28:57.219615 #35339]  INFO -- : Recording processing of weather information NormalEnd
I, [2018-04-28T12:28:57.219646 #35339]  INFO -- : --------------------------------------------------
I, [2018-04-28T12:29:10.526093 #35354]  INFO -- : --------------------------------------------------
I, [2018-04-28T12:29:10.526162 #35354]  INFO -- : Train delay notification processing Start
I, [2018-04-28T12:29:10.527259 #35354]  INFO -- :  noti_get　Start
I, [2018-04-28T12:29:10.527711 #35354]  INFO -- :  noti_get　NormalEnd
I, [2018-04-28T12:29:10.527751 #35354]  INFO -- :  eva_insert Start
I, [2018-04-28T12:29:10.534634 #35354]  INFO -- :  eva_insert NormalEnd
I, [2018-04-28T12:29:10.534738 #35354]  INFO -- :  eva_latest Start
I, [2018-04-28T12:29:10.534879 #35354]  INFO -- :  eva_latest NormalEnd
I, [2018-04-28T12:29:10.534926 #35354]  INFO -- :  eva_decision Start
I, [2018-04-28T12:29:10.795279 #35354]  INFO -- :  eva_decision NormalEnd
I, [2018-04-28T12:29:11.813062 #35354]  INFO -- : Train delay notification processing NormalEnd
I, [2018-04-28T12:29:11.813191 #35354]  INFO -- : --------------------------------------------------
I, [2018-04-28T12:29:21.638141 #35380]  INFO -- : --------------------------------------------------
I, [2018-04-28T12:29:21.638230 #35380]  INFO -- :   Recording processing of weather information Start
I, [2018-04-28T12:29:21.638273 #35380]  INFO -- :     weather_main start
I, [2018-04-28T12:29:21.813093 #35380]  INFO -- :     weather_main NormalEnd
I, [2018-04-28T12:29:21.813193 #35380]  INFO -- :     log_update Start
I, [2018-04-28T12:29:21.821734 #35380]  INFO -- :       Execution SQL-------------------------------------------------------------------------------------------
I, [2018-04-28T12:29:21.821805 #35380]  INFO -- :         INSERT INTO Log(CreateDate,City_Name,Rain_Check,Snow_Check,Wind_Deg,Wind_Speed)
I, [2018-04-28T12:29:21.821843 #35380]  INFO -- :         VALUES ('2018-04-28' , 'Ishinomaki','true','true','東','5.1')
I, [2018-04-28T12:29:21.821865 #35380]  INFO -- :       -------------------------------------------------------------------------------------------------
I, [2018-04-28T12:29:21.821898 #35380]  INFO -- :     log_update NormalEnd
I, [2018-04-28T12:29:21.821989 #35380]  INFO -- :   Recording processing of weather information NormalEnd
I, [2018-04-28T12:29:21.822016 #35380]  INFO -- : --------------------------------------------------
I, [2018-04-28T12:41:30.277440 #35418]  INFO -- : --------------------------------------------------
I, [2018-04-28T12:41:30.277530 #35418]  INFO -- :   Train delay notification processing Start
I, [2018-04-28T12:41:30.278543 #35418]  INFO -- :     notification_get　Start
I, [2018-04-28T12:41:30.278903 #35418]  INFO -- :     notification_get　NormalEnd
I, [2018-04-28T12:41:30.278943 #35418]  INFO -- :     evaluation_insert Start
I, [2018-04-28T12:41:30.285184 #35418]  INFO -- :     evaluation_insert NormalEnd
I, [2018-04-28T12:41:30.285249 #35418]  INFO -- :     evaluation_latest Start
I, [2018-04-28T12:41:30.285365 #35418]  INFO -- :     evaluation_latest NormalEnd
I, [2018-04-28T12:41:30.285402 #35418]  INFO -- :     evaluation_decision Start
I, [2018-04-28T12:41:30.690275 #35418]  INFO -- :     evaluation_decision NormalEnd
I, [2018-04-28T12:41:33.256674 #35418]  INFO -- :   Train delay notification processing NormalEnd
I, [2018-04-28T12:41:33.256810 #35418]  INFO -- : --------------------------------------------------
I, [2018-04-28T12:43:55.150016 #35448]  INFO -- : --------------------------------------------------
I, [2018-04-28T12:43:55.150098 #35448]  INFO -- : Recording processing of weather information Start
I, [2018-04-28T12:43:55.150147 #35448]  INFO -- :  weather_main start
I, [2018-04-28T12:43:55.606051 #35448]  INFO -- :  weather_main NormalEnd
I, [2018-04-28T12:43:55.606153 #35448]  INFO -- :  log_update Start
I, [2018-04-28T12:43:55.614588 #35448]  INFO -- :   Execution SQL-------------------------------------------------------------------------------------------
I, [2018-04-28T12:43:55.614656 #35448]  INFO -- :    INSERT INTO Log(CreateDate,City_Name,Rain_Check,Snow_Check,Wind_Deg,Wind_Speed)
I, [2018-04-28T12:43:55.614697 #35448]  INFO -- :    VALUES ('2018-04-28' , 'Ishinomaki','true','true','東','4.6')
I, [2018-04-28T12:43:55.614722 #35448]  INFO -- :   -------------------------------------------------------------------------------------------------
I, [2018-04-28T12:43:55.614769 #35448]  INFO -- :  log_update NormalEnd
I, [2018-04-28T12:43:55.614871 #35448]  INFO -- : Recording processing of weather information NormalEnd
I, [2018-04-28T12:43:55.614903 #35448]  INFO -- : --------------------------------------------------
I, [2018-04-28T12:44:09.554097 #35464]  INFO -- : --------------------------------------------------
I, [2018-04-28T12:44:09.554176 #35464]  INFO -- :   Recording processing of weather information Start
I, [2018-04-28T12:44:09.554202 #35464]  INFO -- :  weather_main start
I, [2018-04-28T12:44:09.745071 #35464]  INFO -- :  weather_main NormalEnd
I, [2018-04-28T12:44:09.745167 #35464]  INFO -- :  log_update Start
I, [2018-04-28T12:44:09.753548 #35464]  INFO -- :   Execution SQL-------------------------------------------------------------------------------------------
I, [2018-04-28T12:44:09.753618 #35464]  INFO -- :    INSERT INTO Log(CreateDate,City_Name,Rain_Check,Snow_Check,Wind_Deg,Wind_Speed)
I, [2018-04-28T12:44:09.753657 #35464]  INFO -- :    VALUES ('2018-04-28' , 'Ishinomaki','true','true','東','4.6')
I, [2018-04-28T12:44:09.753680 #35464]  INFO -- :   -------------------------------------------------------------------------------------------------
I, [2018-04-28T12:44:09.753712 #35464]  INFO -- :  log_update NormalEnd
I, [2018-04-28T12:44:09.753798 #35464]  INFO -- : Recording processing of weather information NormalEnd
I, [2018-04-28T12:44:09.753825 #35464]  INFO -- : --------------------------------------------------
I, [2018-04-28T12:46:41.593261 #35487]  INFO -- : --------------------------------------------------
I, [2018-04-28T12:46:41.593340 #35487]  INFO -- :   Recording processing of weather information Start
I, [2018-04-28T12:46:41.593367 #35487]  INFO -- :  weather_main start
I, [2018-04-28T12:46:41.868229 #35487]  INFO -- :  weather_main NormalEnd
I, [2018-04-28T12:46:41.868342 #35487]  INFO -- :     log_update Start
I, [2018-04-28T12:46:41.876508 #35487]  INFO -- :       Execution SQL-------------------------------------------------------------------------------------------
I, [2018-04-28T12:46:41.876580 #35487]  INFO -- :         INSERT INTO Log(CreateDate,City_Name,Rain_Check,Snow_Check,Wind_Deg,Wind_Speed)
I, [2018-04-28T12:46:41.876620 #35487]  INFO -- :         VALUES ('2018-04-28' , 'Ishinomaki','true','true','東','4.6')
I, [2018-04-28T12:46:41.876644 #35487]  INFO -- :       -------------------------------------------------------------------------------------------------
I, [2018-04-28T12:46:41.876679 #35487]  INFO -- :     log_update NormalEnd
I, [2018-04-28T12:46:41.876784 #35487]  INFO -- :   Recording processing of weather information NormalEnd
I, [2018-04-28T12:46:41.876822 #35487]  INFO -- : --------------------------------------------------
I, [2018-04-28T12:47:19.624710 #35504]  INFO -- : --------------------------------------------------
I, [2018-04-28T12:47:19.624778 #35504]  INFO -- :   Recording processing of weather information Start
I, [2018-04-28T12:47:19.624802 #35504]  INFO -- :     weather_main start
I, [2018-04-28T12:47:19.806673 #35504]  INFO -- :     weather_main NormalEnd
I, [2018-04-28T12:47:19.806781 #35504]  INFO -- :     log_update Start
I, [2018-04-28T12:47:19.815143 #35504]  INFO -- :       Execution SQL-------------------------------------------------------------------------------------------
I, [2018-04-28T12:47:19.815223 #35504]  INFO -- :         INSERT INTO Log(CreateDate,City_Name,Rain_Check,Snow_Check,Wind_Deg,Wind_Speed)
I, [2018-04-28T12:47:19.815264 #35504]  INFO -- :         VALUES ('2018-04-28' , 'Ishinomaki','true','true','東','4.6')
I, [2018-04-28T12:47:19.815329 #35504]  INFO -- :       -------------------------------------------------------------------------------------------------
I, [2018-04-28T12:47:19.815393 #35504]  INFO -- :     log_update NormalEnd
I, [2018-04-28T12:47:19.815494 #35504]  INFO -- :   Recording processing of weather information NormalEnd
I, [2018-04-28T12:47:19.815538 #35504]  INFO -- : --------------------------------------------------
I, [2018-04-28T12:48:02.611256 #35521]  INFO -- : --------------------------------------------------
I, [2018-04-28T12:48:02.611327 #35521]  INFO -- :   Recording processing of weather information Start
I, [2018-04-28T12:48:02.611357 #35521]  INFO -- :     weather_main start
I, [2018-04-28T12:48:02.788230 #35521]  INFO -- :     weather_main NormalEnd
I, [2018-04-28T12:48:02.788334 #35521]  INFO -- :     log_update Start
I, [2018-04-28T12:48:02.796765 #35521]  INFO -- :       Execution SQL-------------------------------------------------------------------------------------------
I, [2018-04-28T12:48:02.796856 #35521]  INFO -- :         INSERT INTO Log(CreateDate,City_Name,Rain_Check,Snow_Check,Wind_Deg,Wind_Speed)
I, [2018-04-28T12:48:02.796898 #35521]  INFO -- :         VALUES ('2018-04-28' , 'Ishinomaki','true','true','東','4.6')
I, [2018-04-28T12:48:02.796922 #35521]  INFO -- :       --------------------------------------------------------------------------------------------------------
I, [2018-04-28T12:48:02.796956 #35521]  INFO -- :     log_update NormalEnd
I, [2018-04-28T12:48:02.797065 #35521]  INFO -- :   Recording processing of weather information NormalEnd
I, [2018-04-28T12:48:02.797094 #35521]  INFO -- : --------------------------------------------------
I, [2018-04-28T12:49:28.392576 #35539]  INFO -- : --------------------------------------------------
I, [2018-04-28T12:49:28.392658 #35539]  INFO -- :   Train delay notification processing Start
I, [2018-04-28T12:49:28.393450 #35539]  INFO -- :     notification_get　Start
I, [2018-04-28T12:49:28.393744 #35539]  INFO -- :     notification_get　NormalEnd
I, [2018-04-28T12:49:28.393779 #35539]  INFO -- :     evaluation_insert Start
I, [2018-04-28T12:49:28.400198 #35539]  INFO -- :     evaluation_insert NormalEnd
I, [2018-04-28T12:49:28.400291 #35539]  INFO -- :     evaluation_latest Start
I, [2018-04-28T12:49:28.400509 #35539]  INFO -- :     evaluation_latest NormalEnd
I, [2018-04-28T12:49:28.400536 #35539]  INFO -- :     evaluation_decision Start
I, [2018-04-28T12:49:28.761149 #35539]  INFO -- :     evaluation_decision NormalEnd
I, [2018-04-28T12:49:30.807073 #35539]  INFO -- :   Train delay notification processing NormalEnd
I, [2018-04-28T12:49:30.807190 #35539]  INFO -- : --------------------------------------------------
